2025-04-28 11:50:09.661 [info] Extension host with pid 2997371 started
2025-04-28 11:50:09.669 [info] Lock '/scratch/users/badreldeen/.vscode-server/data/User/workspaceStorage/1bd1f1e401fc8832d883fab89892f06c/vscode.lock': Lock acquired.
2025-04-28 11:50:10.032 [info] ExtensionService#_doActivateExtension vscode.git-base, startup: false, activationEvent: '*', root cause: vscode.git
2025-04-28 11:50:10.034 [info] ExtensionService#_doActivateExtension vscode.emmet, startup: false, activationEvent: 'onLanguage'
2025-04-28 11:50:10.188 [info] ExtensionService#_doActivateExtension vscode.git, startup: false, activationEvent: '*'
2025-04-28 11:50:10.189 [info] ExtensionService#_doActivateExtension vscode.github, startup: false, activationEvent: '*'
2025-04-28 11:50:10.474 [info] Eager extensions activated
2025-04-28 11:50:10.474 [info] ExtensionService#_doActivateExtension vscode.debug-auto-launch, startup: false, activationEvent: 'onStartupFinished'
2025-04-28 11:50:10.475 [info] ExtensionService#_doActivateExtension vscode.merge-conflict, startup: false, activationEvent: 'onStartupFinished'
2025-04-28 11:50:10.785 [warning] [Decorations] CAPPING events from decorations provider vscode.git 6596
2025-04-28 11:50:12.146 [warning] [Decorations] CAPPING events from decorations provider vscode.git 6598
2025-04-28 11:50:13.484 [warning] [Decorations] CAPPING events from decorations provider vscode.git 6598
2025-04-28 11:50:18.758 [warning] [Decorations] CAPPING events from decorations provider vscode.git 6599
2025-04-28 11:50:24.029 [warning] [Decorations] CAPPING events from decorations provider vscode.git 6576
2025-04-28 11:50:29.298 [warning] [Decorations] CAPPING events from decorations provider vscode.git 6576
2025-04-28 12:29:05.231 [warning] [Decorations] CAPPING events from decorations provider vscode.git 6576
2025-04-28 14:32:28.095 [warning] [Decorations] CAPPING events from decorations provider vscode.git 6576
2025-04-28 16:25:37.023 [warning] [Decorations] CAPPING events from decorations provider vscode.git 6576
2025-04-28 16:25:42.283 [warning] [Decorations] CAPPING events from decorations provider vscode.git 6576
2025-04-28 16:25:47.543 [warning] [Decorations] CAPPING events from decorations provider vscode.git 6576
2025-04-28 16:25:52.800 [warning] [Decorations] CAPPING events from decorations provider vscode.git 6576
2025-04-28 16:25:58.043 [warning] [Decorations] CAPPING events from decorations provider vscode.git 6576
2025-04-28 16:26:03.232 [warning] [Decorations] CAPPING events from decorations provider vscode.git 6576
2025-04-28 16:26:08.480 [warning] [Decorations] CAPPING events from decorations provider vscode.git 6576
2025-04-28 16:26:13.738 [warning] [Decorations] CAPPING events from decorations provider vscode.git 6576
2025-04-28 16:26:18.990 [warning] [Decorations] CAPPING events from decorations provider vscode.git 6576
2025-04-28 16:26:24.246 [warning] [Decorations] CAPPING events from decorations provider vscode.git 6576
2025-04-28 16:26:29.505 [warning] [Decorations] CAPPING events from decorations provider vscode.git 6576
2025-04-28 16:26:34.763 [warning] [Decorations] CAPPING events from decorations provider vscode.git 6576
2025-04-28 16:26:40.017 [warning] [Decorations] CAPPING events from decorations provider vscode.git 6576
2025-04-28 16:26:45.275 [warning] [Decorations] CAPPING events from decorations provider vscode.git 6576
2025-04-28 16:26:50.514 [warning] [Decorations] CAPPING events from decorations provider vscode.git 6576
2025-04-28 16:26:55.761 [warning] [Decorations] CAPPING events from decorations provider vscode.git 6576
2025-04-28 16:27:01.011 [warning] [Decorations] CAPPING events from decorations provider vscode.git 6576
2025-04-28 16:27:06.261 [warning] [Decorations] CAPPING events from decorations provider vscode.git 6576
2025-04-28 16:27:11.514 [warning] [Decorations] CAPPING events from decorations provider vscode.git 6576
2025-04-28 16:27:16.771 [warning] [Decorations] CAPPING events from decorations provider vscode.git 6576
2025-04-28 16:27:22.006 [warning] [Decorations] CAPPING events from decorations provider vscode.git 6576
2025-04-28 16:27:27.259 [warning] [Decorations] CAPPING events from decorations provider vscode.git 6576
2025-04-28 16:27:32.501 [warning] [Decorations] CAPPING events from decorations provider vscode.git 6576
2025-04-28 16:27:37.760 [warning] [Decorations] CAPPING events from decorations provider vscode.git 6576
2025-04-28 16:27:43.020 [warning] [Decorations] CAPPING events from decorations provider vscode.git 6576
2025-04-28 16:27:48.269 [warning] [Decorations] CAPPING events from decorations provider vscode.git 6576
2025-04-28 16:28:06.593 [warning] [Decorations] CAPPING events from decorations provider vscode.git 6576
2025-04-28 16:28:11.942 [warning] [Decorations] CAPPING events from decorations provider vscode.git 6576
2025-04-28 16:28:17.194 [warning] [Decorations] CAPPING events from decorations provider vscode.git 6576
2025-04-28 16:28:22.446 [warning] [Decorations] CAPPING events from decorations provider vscode.git 6576
2025-04-28 16:28:27.638 [warning] [Decorations] CAPPING events from decorations provider vscode.git 6576
2025-04-28 16:28:38.951 [warning] [Decorations] CAPPING events from decorations provider vscode.git 6576
2025-04-28 16:28:44.198 [warning] [Decorations] CAPPING events from decorations provider vscode.git 6576
2025-04-28 16:28:49.452 [warning] [Decorations] CAPPING events from decorations provider vscode.git 6576
2025-04-28 16:28:54.700 [warning] [Decorations] CAPPING events from decorations provider vscode.git 6576
2025-04-28 16:28:59.946 [warning] [Decorations] CAPPING events from decorations provider vscode.git 6576
2025-04-28 16:29:05.196 [warning] [Decorations] CAPPING events from decorations provider vscode.git 6576
2025-04-28 16:29:10.445 [warning] [Decorations] CAPPING events from decorations provider vscode.git 6576
2025-04-28 16:29:15.696 [warning] [Decorations] CAPPING events from decorations provider vscode.git 6576
2025-04-28 16:29:20.989 [warning] [Decorations] CAPPING events from decorations provider vscode.git 6576
2025-04-28 16:29:26.242 [warning] [Decorations] CAPPING events from decorations provider vscode.git 6576
2025-04-28 17:30:37.038 [warning] [Decorations] CAPPING events from decorations provider vscode.git 6576
2025-04-28 17:33:41.478 [warning] [Decorations] CAPPING events from decorations provider vscode.git 6576
2025-04-28 18:18:35.526 [warning] [Decorations] CAPPING events from decorations provider vscode.git 6576
2025-04-28 18:18:40.784 [warning] [Decorations] CAPPING events from decorations provider vscode.git 6576
2025-04-28 18:18:46.033 [warning] [Decorations] CAPPING events from decorations provider vscode.git 6576
2025-04-28 18:19:08.035 [warning] [Decorations] CAPPING events from decorations provider vscode.git 6576
2025-04-28 18:20:15.426 [warning] [Decorations] CAPPING events from decorations provider vscode.git 6576
2025-04-28 18:20:44.832 [warning] [Decorations] CAPPING events from decorations provider vscode.git 6576
2025-04-28 18:20:50.083 [warning] [Decorations] CAPPING events from decorations provider vscode.git 6576
2025-04-28 18:20:55.333 [warning] [Decorations] CAPPING events from decorations provider vscode.git 6576
2025-04-28 18:21:00.535 [warning] [Decorations] CAPPING events from decorations provider vscode.git 6576
2025-04-28 18:21:05.789 [warning] [Decorations] CAPPING events from decorations provider vscode.git 6576
2025-04-28 18:21:11.049 [warning] [Decorations] CAPPING events from decorations provider vscode.git 6576
2025-04-28 18:21:16.312 [warning] [Decorations] CAPPING events from decorations provider vscode.git 6576
2025-04-28 18:21:21.563 [warning] [Decorations] CAPPING events from decorations provider vscode.git 6576
2025-04-28 18:21:26.821 [warning] [Decorations] CAPPING events from decorations provider vscode.git 6576
2025-04-28 18:21:32.072 [warning] [Decorations] CAPPING events from decorations provider vscode.git 6576
2025-04-28 18:21:37.322 [warning] [Decorations] CAPPING events from decorations provider vscode.git 6576
2025-04-28 18:21:42.568 [warning] [Decorations] CAPPING events from decorations provider vscode.git 6576
2025-04-28 18:21:47.818 [warning] [Decorations] CAPPING events from decorations provider vscode.git 6576
2025-04-28 18:21:53.069 [warning] [Decorations] CAPPING events from decorations provider vscode.git 6576
2025-04-28 18:21:58.312 [warning] [Decorations] CAPPING events from decorations provider vscode.git 6576
2025-04-28 18:22:03.538 [warning] [Decorations] CAPPING events from decorations provider vscode.git 6576
2025-04-28 18:22:08.786 [warning] [Decorations] CAPPING events from decorations provider vscode.git 6576
2025-04-28 18:22:14.038 [warning] [Decorations] CAPPING events from decorations provider vscode.git 6576
2025-04-28 18:22:19.298 [warning] [Decorations] CAPPING events from decorations provider vscode.git 6576
2025-04-28 18:22:24.560 [warning] [Decorations] CAPPING events from decorations provider vscode.git 6576
2025-04-28 18:22:29.812 [warning] [Decorations] CAPPING events from decorations provider vscode.git 6576
2025-04-28 18:22:35.052 [warning] [Decorations] CAPPING events from decorations provider vscode.git 6576
2025-04-28 18:22:40.299 [warning] [Decorations] CAPPING events from decorations provider vscode.git 6576
2025-04-28 18:22:45.519 [warning] [Decorations] CAPPING events from decorations provider vscode.git 6576
2025-04-28 18:22:50.768 [warning] [Decorations] CAPPING events from decorations provider vscode.git 6576
2025-04-28 18:22:56.012 [warning] [Decorations] CAPPING events from decorations provider vscode.git 6576
2025-04-28 18:23:01.270 [warning] [Decorations] CAPPING events from decorations provider vscode.git 6576
2025-04-28 18:23:06.462 [warning] [Decorations] CAPPING events from decorations provider vscode.git 6576
2025-04-28 18:23:11.719 [warning] [Decorations] CAPPING events from decorations provider vscode.git 6576
2025-04-28 18:23:16.964 [warning] [Decorations] CAPPING events from decorations provider vscode.git 6576
2025-04-28 18:23:22.205 [warning] [Decorations] CAPPING events from decorations provider vscode.git 6576
2025-04-28 18:23:27.454 [warning] [Decorations] CAPPING events from decorations provider vscode.git 6576
2025-04-28 18:23:32.698 [warning] [Decorations] CAPPING events from decorations provider vscode.git 6576
2025-04-28 18:23:37.946 [warning] [Decorations] CAPPING events from decorations provider vscode.git 6576
2025-04-28 18:23:43.200 [warning] [Decorations] CAPPING events from decorations provider vscode.git 6576
2025-04-28 18:23:48.453 [warning] [Decorations] CAPPING events from decorations provider vscode.git 6576
2025-04-28 18:23:53.701 [warning] [Decorations] CAPPING events from decorations provider vscode.git 6576
2025-04-28 18:23:58.956 [warning] [Decorations] CAPPING events from decorations provider vscode.git 6576
2025-04-28 18:24:04.192 [warning] [Decorations] CAPPING events from decorations provider vscode.git 6576
2025-04-28 18:24:09.447 [warning] [Decorations] CAPPING events from decorations provider vscode.git 6576
2025-04-28 18:24:14.697 [warning] [Decorations] CAPPING events from decorations provider vscode.git 6576
2025-04-28 18:24:19.951 [warning] [Decorations] CAPPING events from decorations provider vscode.git 6576
2025-04-28 18:24:25.196 [warning] [Decorations] CAPPING events from decorations provider vscode.git 6576
2025-04-28 18:24:30.436 [warning] [Decorations] CAPPING events from decorations provider vscode.git 6576
2025-04-28 18:24:35.691 [warning] [Decorations] CAPPING events from decorations provider vscode.git 6576
2025-04-28 18:24:40.937 [warning] [Decorations] CAPPING events from decorations provider vscode.git 6576
2025-04-28 18:24:46.187 [warning] [Decorations] CAPPING events from decorations provider vscode.git 6576
2025-04-28 18:24:51.490 [warning] [Decorations] CAPPING events from decorations provider vscode.git 6576
2025-04-28 18:24:56.687 [warning] [Decorations] CAPPING events from decorations provider vscode.git 6576
2025-04-28 18:25:01.860 [warning] [Decorations] CAPPING events from decorations provider vscode.git 6576
2025-04-28 18:25:07.104 [warning] [Decorations] CAPPING events from decorations provider vscode.git 6576
2025-04-28 18:25:12.356 [warning] [Decorations] CAPPING events from decorations provider vscode.git 6576
2025-04-28 18:25:17.584 [warning] [Decorations] CAPPING events from decorations provider vscode.git 6576
2025-04-28 18:25:22.831 [warning] [Decorations] CAPPING events from decorations provider vscode.git 6576
2025-04-28 18:25:28.085 [warning] [Decorations] CAPPING events from decorations provider vscode.git 6576
2025-04-28 18:25:33.332 [warning] [Decorations] CAPPING events from decorations provider vscode.git 6576
2025-04-28 18:25:38.557 [warning] [Decorations] CAPPING events from decorations provider vscode.git 6576
2025-04-28 18:25:43.808 [warning] [Decorations] CAPPING events from decorations provider vscode.git 6576
2025-04-28 18:25:49.059 [warning] [Decorations] CAPPING events from decorations provider vscode.git 6576
2025-04-28 18:25:54.302 [warning] [Decorations] CAPPING events from decorations provider vscode.git 6576
2025-04-28 18:25:59.539 [warning] [Decorations] CAPPING events from decorations provider vscode.git 6576
2025-04-28 18:26:04.776 [warning] [Decorations] CAPPING events from decorations provider vscode.git 6576
2025-04-28 18:26:10.028 [warning] [Decorations] CAPPING events from decorations provider vscode.git 6576
2025-04-28 18:26:15.290 [warning] [Decorations] CAPPING events from decorations provider vscode.git 6576
2025-04-28 18:26:20.536 [warning] [Decorations] CAPPING events from decorations provider vscode.git 6576
2025-04-28 18:26:25.790 [warning] [Decorations] CAPPING events from decorations provider vscode.git 6576
2025-04-28 18:26:31.045 [warning] [Decorations] CAPPING events from decorations provider vscode.git 6576
2025-04-28 18:26:36.300 [warning] [Decorations] CAPPING events from decorations provider vscode.git 6576
2025-04-28 18:26:41.498 [warning] [Decorations] CAPPING events from decorations provider vscode.git 6576
2025-04-28 18:26:46.695 [warning] [Decorations] CAPPING events from decorations provider vscode.git 6576
2025-04-28 18:26:51.897 [warning] [Decorations] CAPPING events from decorations provider vscode.git 6576
2025-04-28 18:26:57.156 [warning] [Decorations] CAPPING events from decorations provider vscode.git 6576
2025-04-28 18:27:02.386 [warning] [Decorations] CAPPING events from decorations provider vscode.git 6576
2025-04-28 18:27:07.634 [warning] [Decorations] CAPPING events from decorations provider vscode.git 6576
2025-04-28 18:27:12.877 [warning] [Decorations] CAPPING events from decorations provider vscode.git 6576
2025-04-28 18:27:18.133 [warning] [Decorations] CAPPING events from decorations provider vscode.git 6576
2025-04-28 18:27:23.324 [warning] [Decorations] CAPPING events from decorations provider vscode.git 6576
2025-04-28 18:27:28.574 [warning] [Decorations] CAPPING events from decorations provider vscode.git 6576
2025-04-28 18:27:33.830 [warning] [Decorations] CAPPING events from decorations provider vscode.git 6576
2025-04-28 18:27:39.079 [warning] [Decorations] CAPPING events from decorations provider vscode.git 6576
2025-04-28 18:27:44.318 [warning] [Decorations] CAPPING events from decorations provider vscode.git 6576
2025-04-28 18:27:49.567 [warning] [Decorations] CAPPING events from decorations provider vscode.git 6576
2025-04-28 18:27:54.822 [warning] [Decorations] CAPPING events from decorations provider vscode.git 6576
2025-04-28 18:28:00.075 [warning] [Decorations] CAPPING events from decorations provider vscode.git 6576
2025-04-28 18:28:05.323 [warning] [Decorations] CAPPING events from decorations provider vscode.git 6576
2025-04-28 18:28:21.628 [warning] [Decorations] CAPPING events from decorations provider vscode.git 6576
2025-04-28 18:28:26.878 [warning] [Decorations] CAPPING events from decorations provider vscode.git 6576
2025-04-28 18:28:32.064 [warning] [Decorations] CAPPING events from decorations provider vscode.git 6576
2025-04-28 18:28:37.316 [warning] [Decorations] CAPPING events from decorations provider vscode.git 6576
2025-04-28 18:28:42.559 [warning] [Decorations] CAPPING events from decorations provider vscode.git 6576
2025-04-28 18:28:47.811 [warning] [Decorations] CAPPING events from decorations provider vscode.git 6576
2025-04-28 18:28:53.068 [warning] [Decorations] CAPPING events from decorations provider vscode.git 6576
2025-04-28 18:28:58.260 [warning] [Decorations] CAPPING events from decorations provider vscode.git 6576
2025-04-28 18:29:03.513 [warning] [Decorations] CAPPING events from decorations provider vscode.git 6576
2025-04-28 18:29:08.767 [warning] [Decorations] CAPPING events from decorations provider vscode.git 6576
2025-04-28 18:29:14.025 [warning] [Decorations] CAPPING events from decorations provider vscode.git 6576
2025-04-28 18:29:19.286 [warning] [Decorations] CAPPING events from decorations provider vscode.git 6576
2025-04-28 18:29:24.512 [warning] [Decorations] CAPPING events from decorations provider vscode.git 6576
2025-04-28 18:29:29.756 [warning] [Decorations] CAPPING events from decorations provider vscode.git 6576
2025-04-28 18:29:35.000 [warning] [Decorations] CAPPING events from decorations provider vscode.git 6576
2025-04-28 18:29:40.250 [warning] [Decorations] CAPPING events from decorations provider vscode.git 6576
2025-04-28 18:29:45.497 [warning] [Decorations] CAPPING events from decorations provider vscode.git 6576
2025-04-28 18:29:50.745 [warning] [Decorations] CAPPING events from decorations provider vscode.git 6576
2025-04-28 18:29:56.002 [warning] [Decorations] CAPPING events from decorations provider vscode.git 6576
2025-04-28 18:30:01.202 [warning] [Decorations] CAPPING events from decorations provider vscode.git 6576
2025-04-28 18:30:06.413 [warning] [Decorations] CAPPING events from decorations provider vscode.git 6576
2025-04-28 18:30:11.650 [warning] [Decorations] CAPPING events from decorations provider vscode.git 6576
2025-04-28 18:30:16.907 [warning] [Decorations] CAPPING events from decorations provider vscode.git 6576
2025-04-28 18:30:22.155 [warning] [Decorations] CAPPING events from decorations provider vscode.git 6576
2025-04-28 18:30:27.414 [warning] [Decorations] CAPPING events from decorations provider vscode.git 6576
2025-04-28 18:30:32.667 [warning] [Decorations] CAPPING events from decorations provider vscode.git 6576
2025-04-28 18:30:37.922 [warning] [Decorations] CAPPING events from decorations provider vscode.git 6576
2025-04-28 18:30:43.179 [warning] [Decorations] CAPPING events from decorations provider vscode.git 6576
2025-04-28 18:30:48.433 [warning] [Decorations] CAPPING events from decorations provider vscode.git 6576
2025-04-28 18:30:53.686 [warning] [Decorations] CAPPING events from decorations provider vscode.git 6576
2025-04-28 18:30:58.943 [warning] [Decorations] CAPPING events from decorations provider vscode.git 6576
2025-04-28 18:31:04.191 [warning] [Decorations] CAPPING events from decorations provider vscode.git 6576
2025-04-28 18:31:09.433 [warning] [Decorations] CAPPING events from decorations provider vscode.git 6576
2025-04-28 18:31:14.682 [warning] [Decorations] CAPPING events from decorations provider vscode.git 6576
2025-04-28 18:31:19.932 [warning] [Decorations] CAPPING events from decorations provider vscode.git 6576
2025-04-28 18:31:25.187 [warning] [Decorations] CAPPING events from decorations provider vscode.git 6576
2025-04-28 19:08:22.412 [warning] [Decorations] CAPPING events from decorations provider vscode.git 6576
2025-04-28 19:08:57.178 [warning] [Decorations] CAPPING events from decorations provider vscode.git 6576
2025-04-28 19:12:39.761 [warning] [Decorations] CAPPING events from decorations provider vscode.git 6576
2025-04-28 19:40:49.963 [warning] [Decorations] CAPPING events from decorations provider vscode.git 6576
2025-04-28 19:40:56.191 [warning] [Decorations] CAPPING events from decorations provider vscode.git 6576
2025-04-28 23:16:52.528 [info] Extension host terminating: renderer disconnected for too long (1)
2025-04-28 23:16:52.530 [info] Lock '/scratch/users/badreldeen/.vscode-server/data/User/workspaceStorage/1bd1f1e401fc8832d883fab89892f06c/vscode.lock': Marking the lockfile as scheduled to be released in 6000 ms.
2025-04-28 23:16:52.609 [error] Canceled: Canceled
	at new HR (file:///scratch/users/badreldeen/.vscode-server/cli/servers/Stable-17baf841131aa23349f217ca7c570c76ee87b957/server/out/vs/workbench/api/node/extensionHostProcess.js:29:156308)
	at i4.U (file:///scratch/users/badreldeen/.vscode-server/cli/servers/Stable-17baf841131aa23349f217ca7c570c76ee87b957/server/out/vs/workbench/api/node/extensionHostProcess.js:29:160919)
	at s.<computed>.n.charCodeAt.s.<computed> (file:///scratch/users/badreldeen/.vscode-server/cli/servers/Stable-17baf841131aa23349f217ca7c570c76ee87b957/server/out/vs/workbench/api/node/extensionHostProcess.js:29:158413)
	at vw.g (file:///scratch/users/badreldeen/.vscode-server/cli/servers/Stable-17baf841131aa23349f217ca7c570c76ee87b957/server/out/vs/workbench/api/node/extensionHostProcess.js:111:40983)
	at vw.executeCommand (file:///scratch/users/badreldeen/.vscode-server/cli/servers/Stable-17baf841131aa23349f217ca7c570c76ee87b957/server/out/vs/workbench/api/node/extensionHostProcess.js:111:40487)
	at r.registerCommand.description (file:///scratch/users/badreldeen/.vscode-server/cli/servers/Stable-17baf841131aa23349f217ca7c570c76ee87b957/server/out/vs/workbench/api/node/extensionHostProcess.js:111:39817)
	at vw.h (file:///scratch/users/badreldeen/.vscode-server/cli/servers/Stable-17baf841131aa23349f217ca7c570c76ee87b957/server/out/vs/workbench/api/node/extensionHostProcess.js:111:41503)
	at vw.g (file:///scratch/users/badreldeen/.vscode-server/cli/servers/Stable-17baf841131aa23349f217ca7c570c76ee87b957/server/out/vs/workbench/api/node/extensionHostProcess.js:111:40580)
	at vw.executeCommand (file:///scratch/users/badreldeen/.vscode-server/cli/servers/Stable-17baf841131aa23349f217ca7c570c76ee87b957/server/out/vs/workbench/api/node/extensionHostProcess.js:111:40487)
	at Object.executeCommand (file:///scratch/users/badreldeen/.vscode-server/cli/servers/Stable-17baf841131aa23349f217ca7c570c76ee87b957/server/out/vs/workbench/api/node/extensionHostProcess.js:173:30346)
	at Ah.L [as value] (/scratch/users/badreldeen/.vscode-server/cli/servers/Stable-17baf841131aa23349f217ca7c570c76ee87b957/server/extensions/git/dist/main.js:2:511809)
	at P.B (file:///scratch/users/badreldeen/.vscode-server/cli/servers/Stable-17baf841131aa23349f217ca7c570c76ee87b957/server/out/vs/workbench/api/node/extensionHostProcess.js:27:2375)
	at P.C (file:///scratch/users/badreldeen/.vscode-server/cli/servers/Stable-17baf841131aa23349f217ca7c570c76ee87b957/server/out/vs/workbench/api/node/extensionHostProcess.js:27:2445)
	at P.fire (file:///scratch/users/badreldeen/.vscode-server/cli/servers/Stable-17baf841131aa23349f217ca7c570c76ee87b957/server/out/vs/workbench/api/node/extensionHostProcess.js:27:2662)
	at Object.g [as dispose] (/scratch/users/badreldeen/.vscode-server/cli/servers/Stable-17baf841131aa23349f217ca7c570c76ee87b957/server/extensions/git/dist/main.js:2:534449)
	at /scratch/users/badreldeen/.vscode-server/cli/servers/Stable-17baf841131aa23349f217ca7c570c76ee87b957/server/extensions/git/dist/main.js:2:540767
	at Array.forEach (<anonymous>)
	at b.dispose (/scratch/users/badreldeen/.vscode-server/cli/servers/Stable-17baf841131aa23349f217ca7c570c76ee87b957/server/extensions/git/dist/main.js:2:540753)
	at iv.<anonymous> (file:///scratch/users/badreldeen/.vscode-server/cli/servers/Stable-17baf841131aa23349f217ca7c570c76ee87b957/server/out/vs/workbench/api/node/extensionHostProcess.js:107:8922)
	at iv.dispose (file:///scratch/users/badreldeen/.vscode-server/cli/servers/Stable-17baf841131aa23349f217ca7c570c76ee87b957/server/out/vs/workbench/api/node/extensionHostProcess.js:107:9018)
	at iv.<anonymous> (/scratch/users/badreldeen/.vscode-server/cli/servers/Stable-17baf841131aa23349f217ca7c570c76ee87b957/server/extensions/git/dist/main.js:2:514293)
	at iv.dispose (file:///scratch/users/badreldeen/.vscode-server/cli/servers/Stable-17baf841131aa23349f217ca7c570c76ee87b957/server/out/vs/workbench/api/node/extensionHostProcess.js:107:9018)
	at pi (file:///scratch/users/badreldeen/.vscode-server/cli/servers/Stable-17baf841131aa23349f217ca7c570c76ee87b957/server/out/vs/workbench/api/node/extensionHostProcess.js:25:701)
	at file:///scratch/users/badreldeen/.vscode-server/cli/servers/Stable-17baf841131aa23349f217ca7c570c76ee87b957/server/out/vs/workbench/api/node/extensionHostProcess.js:115:14994
	at file:///scratch/users/badreldeen/.vscode-server/cli/servers/Stable-17baf841131aa23349f217ca7c570c76ee87b957/server/out/vs/workbench/api/node/extensionHostProcess.js:25:1011
	at Object.dispose (file:///scratch/users/badreldeen/.vscode-server/cli/servers/Stable-17baf841131aa23349f217ca7c570c76ee87b957/server/out/vs/workbench/api/node/extensionHostProcess.js:8:705)
	at vV.eb (file:///scratch/users/badreldeen/.vscode-server/cli/servers/Stable-17baf841131aa23349f217ca7c570c76ee87b957/server/out/vs/workbench/api/node/extensionHostProcess.js:115:11921)
	at file:///scratch/users/badreldeen/.vscode-server/cli/servers/Stable-17baf841131aa23349f217ca7c570c76ee87b957/server/out/vs/workbench/api/node/extensionHostProcess.js:115:9876
	at Array.map (<anonymous>)
	at vV.$ (file:///scratch/users/badreldeen/.vscode-server/cli/servers/Stable-17baf841131aa23349f217ca7c570c76ee87b957/server/out/vs/workbench/api/node/extensionHostProcess.js:115:9864)
	at vV.terminate (file:///scratch/users/badreldeen/.vscode-server/cli/servers/Stable-17baf841131aa23349f217ca7c570c76ee87b957/server/out/vs/workbench/api/node/extensionHostProcess.js:115:10107)
	at oP.terminate (file:///scratch/users/badreldeen/.vscode-server/cli/servers/Stable-17baf841131aa23349f217ca7c570c76ee87b957/server/out/vs/workbench/api/node/extensionHostProcess.js:116:1434)
	at es (file:///scratch/users/badreldeen/.vscode-server/cli/servers/Stable-17baf841131aa23349f217ca7c570c76ee87b957/server/out/vs/workbench/api/node/extensionHostProcess.js:197:5701)
	at s6.a (file:///scratch/users/badreldeen/.vscode-server/cli/servers/Stable-17baf841131aa23349f217ca7c570c76ee87b957/server/out/vs/workbench/api/node/extensionHostProcess.js:197:2553)
	at s6.h (file:///scratch/users/badreldeen/.vscode-server/cli/servers/Stable-17baf841131aa23349f217ca7c570c76ee87b957/server/out/vs/workbench/api/node/extensionHostProcess.js:28:75468)
	at listOnTimeout (node:internal/timers:581:17)
	at process.processTimers (node:internal/timers:519:7) setContext undefined
2025-04-28 23:16:52.610 [error] Canceled: Canceled
	at new HR (file:///scratch/users/badreldeen/.vscode-server/cli/servers/Stable-17baf841131aa23349f217ca7c570c76ee87b957/server/out/vs/workbench/api/node/extensionHostProcess.js:29:156308)
	at i4.U (file:///scratch/users/badreldeen/.vscode-server/cli/servers/Stable-17baf841131aa23349f217ca7c570c76ee87b957/server/out/vs/workbench/api/node/extensionHostProcess.js:29:160919)
	at s.<computed>.n.charCodeAt.s.<computed> (file:///scratch/users/badreldeen/.vscode-server/cli/servers/Stable-17baf841131aa23349f217ca7c570c76ee87b957/server/out/vs/workbench/api/node/extensionHostProcess.js:29:158413)
	at vw.g (file:///scratch/users/badreldeen/.vscode-server/cli/servers/Stable-17baf841131aa23349f217ca7c570c76ee87b957/server/out/vs/workbench/api/node/extensionHostProcess.js:111:40983)
	at vw.executeCommand (file:///scratch/users/badreldeen/.vscode-server/cli/servers/Stable-17baf841131aa23349f217ca7c570c76ee87b957/server/out/vs/workbench/api/node/extensionHostProcess.js:111:40487)
	at r.registerCommand.description (file:///scratch/users/badreldeen/.vscode-server/cli/servers/Stable-17baf841131aa23349f217ca7c570c76ee87b957/server/out/vs/workbench/api/node/extensionHostProcess.js:111:39817)
	at vw.h (file:///scratch/users/badreldeen/.vscode-server/cli/servers/Stable-17baf841131aa23349f217ca7c570c76ee87b957/server/out/vs/workbench/api/node/extensionHostProcess.js:111:41503)
	at vw.g (file:///scratch/users/badreldeen/.vscode-server/cli/servers/Stable-17baf841131aa23349f217ca7c570c76ee87b957/server/out/vs/workbench/api/node/extensionHostProcess.js:111:40580)
	at vw.executeCommand (file:///scratch/users/badreldeen/.vscode-server/cli/servers/Stable-17baf841131aa23349f217ca7c570c76ee87b957/server/out/vs/workbench/api/node/extensionHostProcess.js:111:40487)
	at Object.executeCommand (file:///scratch/users/badreldeen/.vscode-server/cli/servers/Stable-17baf841131aa23349f217ca7c570c76ee87b957/server/out/vs/workbench/api/node/extensionHostProcess.js:173:30346)
	at set hasGitHubRepositories [as hasGitHubRepositories] (/scratch/users/badreldeen/.vscode-server/cli/servers/Stable-17baf841131aa23349f217ca7c570c76ee87b957/server/extensions/github/dist/extension.js:2:217805)
	at /scratch/users/badreldeen/.vscode-server/cli/servers/Stable-17baf841131aa23349f217ca7c570c76ee87b957/server/extensions/github/dist/extension.js:2:218764
	at Ah.value (/scratch/users/badreldeen/.vscode-server/cli/servers/Stable-17baf841131aa23349f217ca7c570c76ee87b957/server/extensions/git/dist/main.js:2:631688)
	at P.B (file:///scratch/users/badreldeen/.vscode-server/cli/servers/Stable-17baf841131aa23349f217ca7c570c76ee87b957/server/out/vs/workbench/api/node/extensionHostProcess.js:27:2375)
	at P.C (file:///scratch/users/badreldeen/.vscode-server/cli/servers/Stable-17baf841131aa23349f217ca7c570c76ee87b957/server/out/vs/workbench/api/node/extensionHostProcess.js:27:2445)
	at P.fire (file:///scratch/users/badreldeen/.vscode-server/cli/servers/Stable-17baf841131aa23349f217ca7c570c76ee87b957/server/out/vs/workbench/api/node/extensionHostProcess.js:27:2662)
	at Object.g [as dispose] (/scratch/users/badreldeen/.vscode-server/cli/servers/Stable-17baf841131aa23349f217ca7c570c76ee87b957/server/extensions/git/dist/main.js:2:534449)
	at /scratch/users/badreldeen/.vscode-server/cli/servers/Stable-17baf841131aa23349f217ca7c570c76ee87b957/server/extensions/git/dist/main.js:2:540767
	at Array.forEach (<anonymous>)
	at b.dispose (/scratch/users/badreldeen/.vscode-server/cli/servers/Stable-17baf841131aa23349f217ca7c570c76ee87b957/server/extensions/git/dist/main.js:2:540753)
	at iv.<anonymous> (file:///scratch/users/badreldeen/.vscode-server/cli/servers/Stable-17baf841131aa23349f217ca7c570c76ee87b957/server/out/vs/workbench/api/node/extensionHostProcess.js:107:8922)
	at iv.dispose (file:///scratch/users/badreldeen/.vscode-server/cli/servers/Stable-17baf841131aa23349f217ca7c570c76ee87b957/server/out/vs/workbench/api/node/extensionHostProcess.js:107:9018)
	at iv.<anonymous> (/scratch/users/badreldeen/.vscode-server/cli/servers/Stable-17baf841131aa23349f217ca7c570c76ee87b957/server/extensions/git/dist/main.js:2:514293)
	at iv.dispose (file:///scratch/users/badreldeen/.vscode-server/cli/servers/Stable-17baf841131aa23349f217ca7c570c76ee87b957/server/out/vs/workbench/api/node/extensionHostProcess.js:107:9018)
	at pi (file:///scratch/users/badreldeen/.vscode-server/cli/servers/Stable-17baf841131aa23349f217ca7c570c76ee87b957/server/out/vs/workbench/api/node/extensionHostProcess.js:25:701)
	at file:///scratch/users/badreldeen/.vscode-server/cli/servers/Stable-17baf841131aa23349f217ca7c570c76ee87b957/server/out/vs/workbench/api/node/extensionHostProcess.js:115:14994
	at file:///scratch/users/badreldeen/.vscode-server/cli/servers/Stable-17baf841131aa23349f217ca7c570c76ee87b957/server/out/vs/workbench/api/node/extensionHostProcess.js:25:1011
	at Object.dispose (file:///scratch/users/badreldeen/.vscode-server/cli/servers/Stable-17baf841131aa23349f217ca7c570c76ee87b957/server/out/vs/workbench/api/node/extensionHostProcess.js:8:705)
	at vV.eb (file:///scratch/users/badreldeen/.vscode-server/cli/servers/Stable-17baf841131aa23349f217ca7c570c76ee87b957/server/out/vs/workbench/api/node/extensionHostProcess.js:115:11921)
	at file:///scratch/users/badreldeen/.vscode-server/cli/servers/Stable-17baf841131aa23349f217ca7c570c76ee87b957/server/out/vs/workbench/api/node/extensionHostProcess.js:115:9876
	at Array.map (<anonymous>)
	at vV.$ (file:///scratch/users/badreldeen/.vscode-server/cli/servers/Stable-17baf841131aa23349f217ca7c570c76ee87b957/server/out/vs/workbench/api/node/extensionHostProcess.js:115:9864)
	at vV.terminate (file:///scratch/users/badreldeen/.vscode-server/cli/servers/Stable-17baf841131aa23349f217ca7c570c76ee87b957/server/out/vs/workbench/api/node/extensionHostProcess.js:115:10107)
	at oP.terminate (file:///scratch/users/badreldeen/.vscode-server/cli/servers/Stable-17baf841131aa23349f217ca7c570c76ee87b957/server/out/vs/workbench/api/node/extensionHostProcess.js:116:1434)
	at es (file:///scratch/users/badreldeen/.vscode-server/cli/servers/Stable-17baf841131aa23349f217ca7c570c76ee87b957/server/out/vs/workbench/api/node/extensionHostProcess.js:197:5701)
	at s6.a (file:///scratch/users/badreldeen/.vscode-server/cli/servers/Stable-17baf841131aa23349f217ca7c570c76ee87b957/server/out/vs/workbench/api/node/extensionHostProcess.js:197:2553)
	at s6.h (file:///scratch/users/badreldeen/.vscode-server/cli/servers/Stable-17baf841131aa23349f217ca7c570c76ee87b957/server/out/vs/workbench/api/node/extensionHostProcess.js:28:75468)
	at listOnTimeout (node:internal/timers:581:17)
	at process.processTimers (node:internal/timers:519:7) setContext undefined
2025-04-28 23:16:52.611 [info] Extension host with pid 2997371 exiting with code 0
