2025-04-25 11:07:37.339 [info] [main] Log level: Info
2025-04-25 11:07:37.339 [info] [main] Validating found git in: "git"
2025-04-25 11:07:37.339 [info] [main] Using git "2.34.1" from "git"
2025-04-25 11:07:37.339 [info] [Model][doInitialScan] Initial repository scan started
2025-04-25 11:07:37.339 [info] > git rev-parse --show-toplevel [27ms]
2025-04-25 11:07:37.339 [info] > git rev-parse --git-dir --git-common-dir [2ms]
2025-04-25 11:07:37.339 [info] [Model][openRepository] Opened repository: /scratch/users/badreldeen
2025-04-25 11:07:37.339 [info] > git config --get commit.template [3ms]
2025-04-25 11:07:37.339 [info] > git rev-parse --show-toplevel [2ms]
2025-04-25 11:07:37.339 [info] > git for-each-ref --format=%(refname)%00%(upstream:short)%00%(objectname)%00%(upstream:track)%00%(upstream:remotename)%00%(upstream:remoteref) refs/heads/Wusi_dataset_V2 refs/remotes/Wusi_dataset_V2 [3ms]
2025-04-25 11:07:37.339 [info] > git rev-parse --show-toplevel [6ms]
2025-04-25 11:07:37.339 [info] > git for-each-ref --sort -committerdate --format %(refname)%00%(objectname)%00%(*objectname) [2ms]
2025-04-25 11:07:37.339 [info] > git rev-parse --show-toplevel [2ms]
2025-04-25 11:07:37.339 [info] > git rev-parse --show-toplevel [2ms]
2025-04-25 11:07:37.339 [info] > git rev-parse --show-toplevel [1ms]
2025-04-25 11:07:37.339 [info] > git rev-parse --show-toplevel [2ms]
2025-04-25 11:07:37.339 [info] > git rev-parse --show-toplevel [1ms]
2025-04-25 11:07:37.339 [info] > git rev-parse --show-toplevel [1ms]
2025-04-25 11:07:37.339 [info] [Model][doInitialScan] Initial repository scan completed - repositories (1), closed repositories (0), parent repositories (0), unsafe repositories (0)
2025-04-25 11:07:37.339 [info] > git status -z -uall [103ms]
2025-04-25 11:07:37.339 [info] > git config --get commit.template [978ms]
2025-04-25 11:07:37.339 [info] > git for-each-ref --format=%(refname)%00%(upstream:short)%00%(objectname)%00%(upstream:track)%00%(upstream:remotename)%00%(upstream:remoteref) refs/heads/Wusi_dataset_V2 refs/remotes/Wusi_dataset_V2 [983ms]
2025-04-25 11:07:37.339 [info] > git config --get --local branch.Wusi_dataset_V2.vscode-merge-base [10ms]
2025-04-25 11:07:37.339 [info] > git for-each-ref --format=%(refname)%00%(upstream:short)%00%(objectname)%00%(upstream:track)%00%(upstream:remotename)%00%(upstream:remoteref) refs/heads/origin/CMU_dataset_V2 refs/remotes/origin/CMU_dataset_V2 [4ms]
2025-04-25 11:07:37.339 [info] > git for-each-ref --format=%(refname)%00%(upstream:short)%00%(objectname)%00%(upstream:track)%00%(upstream:remotename)%00%(upstream:remoteref) refs/heads/Wusi_dataset_V2 refs/remotes/Wusi_dataset_V2 [4ms]
2025-04-25 11:07:37.340 [info] > git for-each-ref --sort -committerdate --format %(refname)%00%(objectname)%00%(*objectname) [2ms]
2025-04-25 11:07:37.432 [info] > git status -z -uall [96ms]
2025-04-25 11:07:38.505 [info] > git show --textconv :COG_Transformer/model/IAFormer.py [21ms]
2025-04-25 11:07:38.505 [info] > git check-ignore -v -z --stdin [15ms]
2025-04-25 11:07:38.506 [info] > git ls-files --stage -- COG_Transformer/model/IAFormer.py [20ms]
2025-04-25 11:07:38.612 [info] > git cat-file -s b9d54b6f266493b0cf94509517a0f0daed012143 [103ms]
2025-04-25 11:07:38.613 [info] > git config --get commit.template [2ms]
2025-04-25 11:07:38.617 [info] > git for-each-ref --format=%(refname)%00%(upstream:short)%00%(objectname)%00%(upstream:track)%00%(upstream:remotename)%00%(upstream:remoteref) refs/heads/Wusi_dataset_V2 refs/remotes/Wusi_dataset_V2 [2ms]
2025-04-25 11:07:38.625 [info] > git for-each-ref --sort -committerdate --format %(refname)%00%(objectname)%00%(*objectname) [2ms]
2025-04-25 11:07:38.717 [info] > git status -z -uall [98ms]
2025-04-25 11:07:40.076 [info] > git blame --root --incremental 14777248763050500e8da2c7e72fdd898071e9d7 -- COG_Transformer/model/IAFormer.py [5ms]
2025-04-25 11:07:43.817 [info] > git config --get commit.template [6ms]
2025-04-25 11:07:43.818 [info] > git for-each-ref --format=%(refname)%00%(upstream:short)%00%(objectname)%00%(upstream:track)%00%(upstream:remotename)%00%(upstream:remoteref) refs/heads/Wusi_dataset_V2 refs/remotes/Wusi_dataset_V2 [2ms]
2025-04-25 11:07:43.832 [info] > git for-each-ref --sort -committerdate --format %(refname)%00%(objectname)%00%(*objectname) [3ms]
2025-04-25 11:07:43.933 [info] > git status -z -uall [110ms]
2025-04-25 11:07:49.078 [info] > git config --get commit.template [6ms]
2025-04-25 11:07:49.079 [info] > git for-each-ref --format=%(refname)%00%(upstream:short)%00%(objectname)%00%(upstream:track)%00%(upstream:remotename)%00%(upstream:remoteref) refs/heads/Wusi_dataset_V2 refs/remotes/Wusi_dataset_V2 [2ms]
2025-04-25 11:07:49.093 [info] > git for-each-ref --sort -committerdate --format %(refname)%00%(objectname)%00%(*objectname) [2ms]
2025-04-25 11:07:49.193 [info] > git status -z -uall [110ms]
2025-04-25 11:07:54.322 [info] > git config --get commit.template [6ms]
2025-04-25 11:07:54.324 [info] > git for-each-ref --format=%(refname)%00%(upstream:short)%00%(objectname)%00%(upstream:track)%00%(upstream:remotename)%00%(upstream:remoteref) refs/heads/Wusi_dataset_V2 refs/remotes/Wusi_dataset_V2 [3ms]
2025-04-25 11:07:54.339 [info] > git for-each-ref --sort -committerdate --format %(refname)%00%(objectname)%00%(*objectname) [3ms]
2025-04-25 11:07:54.443 [info] > git status -z -uall [114ms]
2025-04-25 11:07:59.517 [info] > git config --get commit.template [5ms]
2025-04-25 11:07:59.518 [info] > git for-each-ref --format=%(refname)%00%(upstream:short)%00%(objectname)%00%(upstream:track)%00%(upstream:remotename)%00%(upstream:remoteref) refs/heads/Wusi_dataset_V2 refs/remotes/Wusi_dataset_V2 [2ms]
2025-04-25 11:07:59.528 [info] > git for-each-ref --sort -committerdate --format %(refname)%00%(objectname)%00%(*objectname) [2ms]
2025-04-25 11:07:59.624 [info] > git status -z -uall [103ms]
2025-04-25 11:08:04.726 [info] > git config --get commit.template [4ms]
2025-04-25 11:08:04.727 [info] > git for-each-ref --format=%(refname)%00%(upstream:short)%00%(objectname)%00%(upstream:track)%00%(upstream:remotename)%00%(upstream:remoteref) refs/heads/Wusi_dataset_V2 refs/remotes/Wusi_dataset_V2 [3ms]
2025-04-25 11:08:04.738 [info] > git for-each-ref --sort -committerdate --format %(refname)%00%(objectname)%00%(*objectname) [2ms]
2025-04-25 11:08:04.835 [info] > git status -z -uall [105ms]
2025-04-25 11:08:09.978 [info] > git config --get commit.template [8ms]
2025-04-25 11:08:09.979 [info] > git for-each-ref --format=%(refname)%00%(upstream:short)%00%(objectname)%00%(upstream:track)%00%(upstream:remotename)%00%(upstream:remoteref) refs/heads/Wusi_dataset_V2 refs/remotes/Wusi_dataset_V2 [3ms]
2025-04-25 11:08:09.993 [info] > git for-each-ref --sort -committerdate --format %(refname)%00%(objectname)%00%(*objectname) [2ms]
2025-04-25 11:08:10.094 [info] > git status -z -uall [110ms]
2025-04-25 11:08:15.243 [info] > git config --get commit.template [7ms]
2025-04-25 11:08:15.244 [info] > git for-each-ref --format=%(refname)%00%(upstream:short)%00%(objectname)%00%(upstream:track)%00%(upstream:remotename)%00%(upstream:remoteref) refs/heads/Wusi_dataset_V2 refs/remotes/Wusi_dataset_V2 [3ms]
2025-04-25 11:08:15.259 [info] > git for-each-ref --sort -committerdate --format %(refname)%00%(objectname)%00%(*objectname) [3ms]
2025-04-25 11:08:15.360 [info] > git status -z -uall [110ms]
2025-04-25 11:08:20.506 [info] > git config --get commit.template [6ms]
2025-04-25 11:08:20.506 [info] > git for-each-ref --format=%(refname)%00%(upstream:short)%00%(objectname)%00%(upstream:track)%00%(upstream:remotename)%00%(upstream:remoteref) refs/heads/Wusi_dataset_V2 refs/remotes/Wusi_dataset_V2 [2ms]
2025-04-25 11:08:20.520 [info] > git for-each-ref --sort -committerdate --format %(refname)%00%(objectname)%00%(*objectname) [3ms]
2025-04-25 11:08:20.622 [info] > git status -z -uall [111ms]
2025-04-25 11:08:25.760 [info] > git config --get commit.template [5ms]
2025-04-25 11:08:25.767 [info] > git for-each-ref --format=%(refname)%00%(upstream:short)%00%(objectname)%00%(upstream:track)%00%(upstream:remotename)%00%(upstream:remoteref) refs/heads/Wusi_dataset_V2 refs/remotes/Wusi_dataset_V2 [2ms]
2025-04-25 11:08:25.783 [info] > git for-each-ref --sort -committerdate --format %(refname)%00%(objectname)%00%(*objectname) [3ms]
2025-04-25 11:08:25.881 [info] > git status -z -uall [109ms]
2025-04-25 11:08:31.024 [info] > git config --get commit.template [7ms]
2025-04-25 11:08:31.026 [info] > git for-each-ref --format=%(refname)%00%(upstream:short)%00%(objectname)%00%(upstream:track)%00%(upstream:remotename)%00%(upstream:remoteref) refs/heads/Wusi_dataset_V2 refs/remotes/Wusi_dataset_V2 [2ms]
2025-04-25 11:08:31.042 [info] > git for-each-ref --sort -committerdate --format %(refname)%00%(objectname)%00%(*objectname) [3ms]
2025-04-25 11:08:31.141 [info] > git status -z -uall [110ms]
2025-04-25 11:08:36.281 [info] > git config --get commit.template [7ms]
2025-04-25 11:08:36.283 [info] > git for-each-ref --format=%(refname)%00%(upstream:short)%00%(objectname)%00%(upstream:track)%00%(upstream:remotename)%00%(upstream:remoteref) refs/heads/Wusi_dataset_V2 refs/remotes/Wusi_dataset_V2 [2ms]
2025-04-25 11:08:36.299 [info] > git for-each-ref --sort -committerdate --format %(refname)%00%(objectname)%00%(*objectname) [3ms]
2025-04-25 11:08:36.400 [info] > git status -z -uall [112ms]
2025-04-25 11:08:41.579 [info] > git config --get commit.template [6ms]
2025-04-25 11:08:41.580 [info] > git for-each-ref --format=%(refname)%00%(upstream:short)%00%(objectname)%00%(upstream:track)%00%(upstream:remotename)%00%(upstream:remoteref) refs/heads/Wusi_dataset_V2 refs/remotes/Wusi_dataset_V2 [2ms]
2025-04-25 11:08:41.595 [info] > git for-each-ref --sort -committerdate --format %(refname)%00%(objectname)%00%(*objectname) [3ms]
2025-04-25 11:08:41.695 [info] > git status -z -uall [111ms]
2025-04-25 11:08:46.833 [info] > git config --get commit.template [6ms]
2025-04-25 11:08:46.834 [info] > git for-each-ref --format=%(refname)%00%(upstream:short)%00%(objectname)%00%(upstream:track)%00%(upstream:remotename)%00%(upstream:remoteref) refs/heads/Wusi_dataset_V2 refs/remotes/Wusi_dataset_V2 [2ms]
2025-04-25 11:08:46.848 [info] > git for-each-ref --sort -committerdate --format %(refname)%00%(objectname)%00%(*objectname) [3ms]
2025-04-25 11:08:46.952 [info] > git status -z -uall [113ms]
