2025-04-27 01:34:48.182 [info] Extension host with pid 1918390 started
2025-04-27 01:34:48.182 [error] Error: EEXIST: file already exists, open '/scratch/users/badreldeen/.vscode-server/data/User/workspaceStorage/1bd1f1e401fc8832d883fab89892f06c/vscode.lock'
2025-04-27 01:34:48.184 [info] Lock '/scratch/users/badreldeen/.vscode-server/data/User/workspaceStorage/1bd1f1e401fc8832d883fab89892f06c/vscode.lock': Could not acquire lock, checking if the file is stale.
2025-04-27 01:34:48.192 [info] Lock '/scratch/users/badreldeen/.vscode-server/data/User/workspaceStorage/1bd1f1e401fc8832d883fab89892f06c/vscode.lock': The lock does not look stale, elapsed: 6 ms, giving up.
2025-04-27 01:34:48.200 [info] Lock '/scratch/users/badreldeen/.vscode-server/data/User/workspaceStorage/1bd1f1e401fc8832d883fab89892f06c-1/vscode.lock': Lock acquired.
2025-04-27 01:34:48.437 [info] ExtensionService#_doActivateExtension vscode.git-base, startup: false, activationEvent: '*', root cause: vscode.git
2025-04-27 01:34:48.439 [info] ExtensionService#_doActivateExtension vscode.emmet, startup: false, activationEvent: 'onLanguage'
2025-04-27 01:34:48.769 [info] ExtensionService#_doActivateExtension vscode.git, startup: false, activationEvent: '*'
2025-04-27 01:34:48.770 [info] ExtensionService#_doActivateExtension vscode.github, startup: false, activationEvent: '*'
2025-04-27 01:34:49.028 [info] Eager extensions activated
2025-04-27 01:34:49.028 [info] ExtensionService#_doActivateExtension vscode.debug-auto-launch, startup: false, activationEvent: 'onStartupFinished'
2025-04-27 01:34:49.029 [info] ExtensionService#_doActivateExtension vscode.merge-conflict, startup: false, activationEvent: 'onStartupFinished'
2025-04-27 01:34:49.299 [warning] [Decorations] CAPPING events from decorations provider vscode.git 6595
2025-04-27 01:34:50.452 [warning] [Decorations] CAPPING events from decorations provider vscode.git 6596
2025-04-27 01:44:35.110 [warning] [Decorations] CAPPING events from decorations provider vscode.git 6596
2025-04-27 02:06:02.864 [warning] [Decorations] CAPPING events from decorations provider vscode.git 6596
2025-04-27 02:06:08.140 [warning] [Decorations] CAPPING events from decorations provider vscode.git 6596
2025-04-27 02:06:13.396 [warning] [Decorations] CAPPING events from decorations provider vscode.git 6596
2025-04-27 02:23:34.219 [warning] [Decorations] CAPPING events from decorations provider vscode.git 6596
2025-04-27 02:32:38.728 [warning] [Decorations] CAPPING events from decorations provider vscode.git 6596
2025-04-27 02:46:42.522 [warning] [Decorations] CAPPING events from decorations provider vscode.git 6596
2025-04-27 06:13:15.910 [info] Extension host terminating: renderer disconnected for too long (1)
2025-04-27 06:13:15.912 [info] Lock '/scratch/users/badreldeen/.vscode-server/data/User/workspaceStorage/1bd1f1e401fc8832d883fab89892f06c-1/vscode.lock': Marking the lockfile as scheduled to be released in 6000 ms.
2025-04-27 06:13:15.985 [error] Canceled: Canceled
	at new HR (file:///scratch/users/badreldeen/.vscode-server/cli/servers/Stable-17baf841131aa23349f217ca7c570c76ee87b957/server/out/vs/workbench/api/node/extensionHostProcess.js:29:156308)
	at i4.U (file:///scratch/users/badreldeen/.vscode-server/cli/servers/Stable-17baf841131aa23349f217ca7c570c76ee87b957/server/out/vs/workbench/api/node/extensionHostProcess.js:29:160919)
	at s.<computed>.n.charCodeAt.s.<computed> (file:///scratch/users/badreldeen/.vscode-server/cli/servers/Stable-17baf841131aa23349f217ca7c570c76ee87b957/server/out/vs/workbench/api/node/extensionHostProcess.js:29:158413)
	at vw.g (file:///scratch/users/badreldeen/.vscode-server/cli/servers/Stable-17baf841131aa23349f217ca7c570c76ee87b957/server/out/vs/workbench/api/node/extensionHostProcess.js:111:40983)
	at vw.executeCommand (file:///scratch/users/badreldeen/.vscode-server/cli/servers/Stable-17baf841131aa23349f217ca7c570c76ee87b957/server/out/vs/workbench/api/node/extensionHostProcess.js:111:40487)
	at r.registerCommand.description (file:///scratch/users/badreldeen/.vscode-server/cli/servers/Stable-17baf841131aa23349f217ca7c570c76ee87b957/server/out/vs/workbench/api/node/extensionHostProcess.js:111:39817)
	at vw.h (file:///scratch/users/badreldeen/.vscode-server/cli/servers/Stable-17baf841131aa23349f217ca7c570c76ee87b957/server/out/vs/workbench/api/node/extensionHostProcess.js:111:41503)
	at vw.g (file:///scratch/users/badreldeen/.vscode-server/cli/servers/Stable-17baf841131aa23349f217ca7c570c76ee87b957/server/out/vs/workbench/api/node/extensionHostProcess.js:111:40580)
	at vw.executeCommand (file:///scratch/users/badreldeen/.vscode-server/cli/servers/Stable-17baf841131aa23349f217ca7c570c76ee87b957/server/out/vs/workbench/api/node/extensionHostProcess.js:111:40487)
	at Object.executeCommand (file:///scratch/users/badreldeen/.vscode-server/cli/servers/Stable-17baf841131aa23349f217ca7c570c76ee87b957/server/out/vs/workbench/api/node/extensionHostProcess.js:173:30346)
	at Ah.L [as value] (/scratch/users/badreldeen/.vscode-server/cli/servers/Stable-17baf841131aa23349f217ca7c570c76ee87b957/server/extensions/git/dist/main.js:2:511809)
	at P.B (file:///scratch/users/badreldeen/.vscode-server/cli/servers/Stable-17baf841131aa23349f217ca7c570c76ee87b957/server/out/vs/workbench/api/node/extensionHostProcess.js:27:2375)
	at P.C (file:///scratch/users/badreldeen/.vscode-server/cli/servers/Stable-17baf841131aa23349f217ca7c570c76ee87b957/server/out/vs/workbench/api/node/extensionHostProcess.js:27:2445)
	at P.fire (file:///scratch/users/badreldeen/.vscode-server/cli/servers/Stable-17baf841131aa23349f217ca7c570c76ee87b957/server/out/vs/workbench/api/node/extensionHostProcess.js:27:2662)
	at Object.g [as dispose] (/scratch/users/badreldeen/.vscode-server/cli/servers/Stable-17baf841131aa23349f217ca7c570c76ee87b957/server/extensions/git/dist/main.js:2:534449)
	at /scratch/users/badreldeen/.vscode-server/cli/servers/Stable-17baf841131aa23349f217ca7c570c76ee87b957/server/extensions/git/dist/main.js:2:540767
	at Array.forEach (<anonymous>)
	at b.dispose (/scratch/users/badreldeen/.vscode-server/cli/servers/Stable-17baf841131aa23349f217ca7c570c76ee87b957/server/extensions/git/dist/main.js:2:540753)
	at iv.<anonymous> (file:///scratch/users/badreldeen/.vscode-server/cli/servers/Stable-17baf841131aa23349f217ca7c570c76ee87b957/server/out/vs/workbench/api/node/extensionHostProcess.js:107:8922)
	at iv.dispose (file:///scratch/users/badreldeen/.vscode-server/cli/servers/Stable-17baf841131aa23349f217ca7c570c76ee87b957/server/out/vs/workbench/api/node/extensionHostProcess.js:107:9018)
	at iv.<anonymous> (/scratch/users/badreldeen/.vscode-server/cli/servers/Stable-17baf841131aa23349f217ca7c570c76ee87b957/server/extensions/git/dist/main.js:2:514293)
	at iv.dispose (file:///scratch/users/badreldeen/.vscode-server/cli/servers/Stable-17baf841131aa23349f217ca7c570c76ee87b957/server/out/vs/workbench/api/node/extensionHostProcess.js:107:9018)
	at pi (file:///scratch/users/badreldeen/.vscode-server/cli/servers/Stable-17baf841131aa23349f217ca7c570c76ee87b957/server/out/vs/workbench/api/node/extensionHostProcess.js:25:701)
	at file:///scratch/users/badreldeen/.vscode-server/cli/servers/Stable-17baf841131aa23349f217ca7c570c76ee87b957/server/out/vs/workbench/api/node/extensionHostProcess.js:115:14994
	at file:///scratch/users/badreldeen/.vscode-server/cli/servers/Stable-17baf841131aa23349f217ca7c570c76ee87b957/server/out/vs/workbench/api/node/extensionHostProcess.js:25:1011
	at Object.dispose (file:///scratch/users/badreldeen/.vscode-server/cli/servers/Stable-17baf841131aa23349f217ca7c570c76ee87b957/server/out/vs/workbench/api/node/extensionHostProcess.js:8:705)
	at vV.eb (file:///scratch/users/badreldeen/.vscode-server/cli/servers/Stable-17baf841131aa23349f217ca7c570c76ee87b957/server/out/vs/workbench/api/node/extensionHostProcess.js:115:11921)
	at file:///scratch/users/badreldeen/.vscode-server/cli/servers/Stable-17baf841131aa23349f217ca7c570c76ee87b957/server/out/vs/workbench/api/node/extensionHostProcess.js:115:9876
	at Array.map (<anonymous>)
	at vV.$ (file:///scratch/users/badreldeen/.vscode-server/cli/servers/Stable-17baf841131aa23349f217ca7c570c76ee87b957/server/out/vs/workbench/api/node/extensionHostProcess.js:115:9864)
	at vV.terminate (file:///scratch/users/badreldeen/.vscode-server/cli/servers/Stable-17baf841131aa23349f217ca7c570c76ee87b957/server/out/vs/workbench/api/node/extensionHostProcess.js:115:10107)
	at oP.terminate (file:///scratch/users/badreldeen/.vscode-server/cli/servers/Stable-17baf841131aa23349f217ca7c570c76ee87b957/server/out/vs/workbench/api/node/extensionHostProcess.js:116:1434)
	at es (file:///scratch/users/badreldeen/.vscode-server/cli/servers/Stable-17baf841131aa23349f217ca7c570c76ee87b957/server/out/vs/workbench/api/node/extensionHostProcess.js:197:5701)
	at s6.a (file:///scratch/users/badreldeen/.vscode-server/cli/servers/Stable-17baf841131aa23349f217ca7c570c76ee87b957/server/out/vs/workbench/api/node/extensionHostProcess.js:197:2553)
	at s6.h (file:///scratch/users/badreldeen/.vscode-server/cli/servers/Stable-17baf841131aa23349f217ca7c570c76ee87b957/server/out/vs/workbench/api/node/extensionHostProcess.js:28:75468)
	at listOnTimeout (node:internal/timers:581:17)
	at process.processTimers (node:internal/timers:519:7) setContext undefined
2025-04-27 06:13:15.986 [error] Canceled: Canceled
	at new HR (file:///scratch/users/badreldeen/.vscode-server/cli/servers/Stable-17baf841131aa23349f217ca7c570c76ee87b957/server/out/vs/workbench/api/node/extensionHostProcess.js:29:156308)
	at i4.U (file:///scratch/users/badreldeen/.vscode-server/cli/servers/Stable-17baf841131aa23349f217ca7c570c76ee87b957/server/out/vs/workbench/api/node/extensionHostProcess.js:29:160919)
	at s.<computed>.n.charCodeAt.s.<computed> (file:///scratch/users/badreldeen/.vscode-server/cli/servers/Stable-17baf841131aa23349f217ca7c570c76ee87b957/server/out/vs/workbench/api/node/extensionHostProcess.js:29:158413)
	at vw.g (file:///scratch/users/badreldeen/.vscode-server/cli/servers/Stable-17baf841131aa23349f217ca7c570c76ee87b957/server/out/vs/workbench/api/node/extensionHostProcess.js:111:40983)
	at vw.executeCommand (file:///scratch/users/badreldeen/.vscode-server/cli/servers/Stable-17baf841131aa23349f217ca7c570c76ee87b957/server/out/vs/workbench/api/node/extensionHostProcess.js:111:40487)
	at r.registerCommand.description (file:///scratch/users/badreldeen/.vscode-server/cli/servers/Stable-17baf841131aa23349f217ca7c570c76ee87b957/server/out/vs/workbench/api/node/extensionHostProcess.js:111:39817)
	at vw.h (file:///scratch/users/badreldeen/.vscode-server/cli/servers/Stable-17baf841131aa23349f217ca7c570c76ee87b957/server/out/vs/workbench/api/node/extensionHostProcess.js:111:41503)
	at vw.g (file:///scratch/users/badreldeen/.vscode-server/cli/servers/Stable-17baf841131aa23349f217ca7c570c76ee87b957/server/out/vs/workbench/api/node/extensionHostProcess.js:111:40580)
	at vw.executeCommand (file:///scratch/users/badreldeen/.vscode-server/cli/servers/Stable-17baf841131aa23349f217ca7c570c76ee87b957/server/out/vs/workbench/api/node/extensionHostProcess.js:111:40487)
	at Object.executeCommand (file:///scratch/users/badreldeen/.vscode-server/cli/servers/Stable-17baf841131aa23349f217ca7c570c76ee87b957/server/out/vs/workbench/api/node/extensionHostProcess.js:173:30346)
	at set hasGitHubRepositories [as hasGitHubRepositories] (/scratch/users/badreldeen/.vscode-server/cli/servers/Stable-17baf841131aa23349f217ca7c570c76ee87b957/server/extensions/github/dist/extension.js:2:217805)
	at /scratch/users/badreldeen/.vscode-server/cli/servers/Stable-17baf841131aa23349f217ca7c570c76ee87b957/server/extensions/github/dist/extension.js:2:218764
	at Ah.value (/scratch/users/badreldeen/.vscode-server/cli/servers/Stable-17baf841131aa23349f217ca7c570c76ee87b957/server/extensions/git/dist/main.js:2:631688)
	at P.B (file:///scratch/users/badreldeen/.vscode-server/cli/servers/Stable-17baf841131aa23349f217ca7c570c76ee87b957/server/out/vs/workbench/api/node/extensionHostProcess.js:27:2375)
	at P.C (file:///scratch/users/badreldeen/.vscode-server/cli/servers/Stable-17baf841131aa23349f217ca7c570c76ee87b957/server/out/vs/workbench/api/node/extensionHostProcess.js:27:2445)
	at P.fire (file:///scratch/users/badreldeen/.vscode-server/cli/servers/Stable-17baf841131aa23349f217ca7c570c76ee87b957/server/out/vs/workbench/api/node/extensionHostProcess.js:27:2662)
	at Object.g [as dispose] (/scratch/users/badreldeen/.vscode-server/cli/servers/Stable-17baf841131aa23349f217ca7c570c76ee87b957/server/extensions/git/dist/main.js:2:534449)
	at /scratch/users/badreldeen/.vscode-server/cli/servers/Stable-17baf841131aa23349f217ca7c570c76ee87b957/server/extensions/git/dist/main.js:2:540767
	at Array.forEach (<anonymous>)
	at b.dispose (/scratch/users/badreldeen/.vscode-server/cli/servers/Stable-17baf841131aa23349f217ca7c570c76ee87b957/server/extensions/git/dist/main.js:2:540753)
	at iv.<anonymous> (file:///scratch/users/badreldeen/.vscode-server/cli/servers/Stable-17baf841131aa23349f217ca7c570c76ee87b957/server/out/vs/workbench/api/node/extensionHostProcess.js:107:8922)
	at iv.dispose (file:///scratch/users/badreldeen/.vscode-server/cli/servers/Stable-17baf841131aa23349f217ca7c570c76ee87b957/server/out/vs/workbench/api/node/extensionHostProcess.js:107:9018)
	at iv.<anonymous> (/scratch/users/badreldeen/.vscode-server/cli/servers/Stable-17baf841131aa23349f217ca7c570c76ee87b957/server/extensions/git/dist/main.js:2:514293)
	at iv.dispose (file:///scratch/users/badreldeen/.vscode-server/cli/servers/Stable-17baf841131aa23349f217ca7c570c76ee87b957/server/out/vs/workbench/api/node/extensionHostProcess.js:107:9018)
	at pi (file:///scratch/users/badreldeen/.vscode-server/cli/servers/Stable-17baf841131aa23349f217ca7c570c76ee87b957/server/out/vs/workbench/api/node/extensionHostProcess.js:25:701)
	at file:///scratch/users/badreldeen/.vscode-server/cli/servers/Stable-17baf841131aa23349f217ca7c570c76ee87b957/server/out/vs/workbench/api/node/extensionHostProcess.js:115:14994
	at file:///scratch/users/badreldeen/.vscode-server/cli/servers/Stable-17baf841131aa23349f217ca7c570c76ee87b957/server/out/vs/workbench/api/node/extensionHostProcess.js:25:1011
	at Object.dispose (file:///scratch/users/badreldeen/.vscode-server/cli/servers/Stable-17baf841131aa23349f217ca7c570c76ee87b957/server/out/vs/workbench/api/node/extensionHostProcess.js:8:705)
	at vV.eb (file:///scratch/users/badreldeen/.vscode-server/cli/servers/Stable-17baf841131aa23349f217ca7c570c76ee87b957/server/out/vs/workbench/api/node/extensionHostProcess.js:115:11921)
	at file:///scratch/users/badreldeen/.vscode-server/cli/servers/Stable-17baf841131aa23349f217ca7c570c76ee87b957/server/out/vs/workbench/api/node/extensionHostProcess.js:115:9876
	at Array.map (<anonymous>)
	at vV.$ (file:///scratch/users/badreldeen/.vscode-server/cli/servers/Stable-17baf841131aa23349f217ca7c570c76ee87b957/server/out/vs/workbench/api/node/extensionHostProcess.js:115:9864)
	at vV.terminate (file:///scratch/users/badreldeen/.vscode-server/cli/servers/Stable-17baf841131aa23349f217ca7c570c76ee87b957/server/out/vs/workbench/api/node/extensionHostProcess.js:115:10107)
	at oP.terminate (file:///scratch/users/badreldeen/.vscode-server/cli/servers/Stable-17baf841131aa23349f217ca7c570c76ee87b957/server/out/vs/workbench/api/node/extensionHostProcess.js:116:1434)
	at es (file:///scratch/users/badreldeen/.vscode-server/cli/servers/Stable-17baf841131aa23349f217ca7c570c76ee87b957/server/out/vs/workbench/api/node/extensionHostProcess.js:197:5701)
	at s6.a (file:///scratch/users/badreldeen/.vscode-server/cli/servers/Stable-17baf841131aa23349f217ca7c570c76ee87b957/server/out/vs/workbench/api/node/extensionHostProcess.js:197:2553)
	at s6.h (file:///scratch/users/badreldeen/.vscode-server/cli/servers/Stable-17baf841131aa23349f217ca7c570c76ee87b957/server/out/vs/workbench/api/node/extensionHostProcess.js:28:75468)
	at listOnTimeout (node:internal/timers:581:17)
	at process.processTimers (node:internal/timers:519:7) setContext undefined
2025-04-27 06:13:15.986 [info] Extension host with pid 1918390 exiting with code 0
