2025-04-26 01:21:17.920 [info] [main] Log level: Info
2025-04-26 01:21:17.920 [info] [main] Validating found git in: "git"
2025-04-26 01:21:17.920 [info] [main] Using git "2.34.1" from "git"
2025-04-26 01:21:17.920 [info] [Model][doInitialScan] Initial repository scan started
2025-04-26 01:21:17.920 [info] > git rev-parse --show-toplevel [26ms]
2025-04-26 01:21:17.920 [info] > git rev-parse --git-dir --git-common-dir [2ms]
2025-04-26 01:21:17.920 [info] [Model][openRepository] Opened repository: /scratch/users/badreldeen
2025-04-26 01:21:17.920 [info] > git config --get commit.template [3ms]
2025-04-26 01:21:17.920 [info] > git rev-parse --show-toplevel [1ms]
2025-04-26 01:21:17.920 [info] > git for-each-ref --format=%(refname)%00%(upstream:short)%00%(objectname)%00%(upstream:track)%00%(upstream:remotename)%00%(upstream:remoteref) refs/heads/Wusi_dataset_V2 refs/remotes/Wusi_dataset_V2 [2ms]
2025-04-26 01:21:17.920 [info] > git rev-parse --show-toplevel [8ms]
2025-04-26 01:21:17.920 [info] > git for-each-ref --sort -committerdate --format %(refname)%00%(objectname)%00%(*objectname) [4ms]
2025-04-26 01:21:17.920 [info] > git rev-parse --show-toplevel [2ms]
2025-04-26 01:21:17.920 [info] > git rev-parse --show-toplevel [2ms]
2025-04-26 01:21:17.920 [info] > git rev-parse --show-toplevel [1ms]
2025-04-26 01:21:17.920 [info] > git rev-parse --show-toplevel [2ms]
2025-04-26 01:21:17.920 [info] > git rev-parse --show-toplevel [2ms]
2025-04-26 01:21:17.920 [info] > git rev-parse --show-toplevel [1ms]
2025-04-26 01:21:17.920 [info] [Model][doInitialScan] Initial repository scan completed - repositories (1), closed repositories (0), parent repositories (0), unsafe repositories (0)
2025-04-26 01:21:17.985 [info] > git status -z -uall [112ms]
2025-04-26 01:21:19.111 [info] > git for-each-ref --format=%(refname)%00%(upstream:short)%00%(objectname)%00%(upstream:track)%00%(upstream:remotename)%00%(upstream:remoteref) refs/heads/Wusi_dataset_V2 refs/remotes/Wusi_dataset_V2 [993ms]
2025-04-26 01:21:19.126 [info] > git check-ignore -v -z --stdin [6ms]
2025-04-26 01:21:19.127 [info] > git config --get --local branch.Wusi_dataset_V2.vscode-merge-base [12ms]
2025-04-26 01:21:19.133 [info] > git config --get commit.template [22ms]
2025-04-26 01:21:19.138 [info] > git for-each-ref --format=%(refname)%00%(upstream:short)%00%(objectname)%00%(upstream:track)%00%(upstream:remotename)%00%(upstream:remoteref) refs/heads/origin/CMU_dataset_V2 refs/remotes/origin/CMU_dataset_V2 [6ms]
2025-04-26 01:21:19.140 [info] > git for-each-ref --format=%(refname)%00%(upstream:short)%00%(objectname)%00%(upstream:track)%00%(upstream:remotename)%00%(upstream:remoteref) refs/heads/Wusi_dataset_V2 refs/remotes/Wusi_dataset_V2 [2ms]
2025-04-26 01:21:19.151 [info] > git for-each-ref --sort -committerdate --format %(refname)%00%(objectname)%00%(*objectname) [3ms]
2025-04-26 01:21:19.250 [info] > git status -z -uall [106ms]
2025-04-26 01:21:20.389 [info] > git show --textconv :COG_Transformer/model/IAFormer.py [21ms]
2025-04-26 01:21:20.389 [info] > git ls-files --stage -- COG_Transformer/model/IAFormer.py [17ms]
2025-04-26 01:21:20.492 [info] > git cat-file -s b9d54b6f266493b0cf94509517a0f0daed012143 [98ms]
2025-04-26 01:21:21.336 [info] > git blame --root --incremental 14777248763050500e8da2c7e72fdd898071e9d7 -- COG_Transformer/model/IAFormer.py [5ms]
2025-04-26 01:21:22.548 [info] > git config --get commit.template [7ms]
2025-04-26 01:21:22.549 [info] > git for-each-ref --format=%(refname)%00%(upstream:short)%00%(objectname)%00%(upstream:track)%00%(upstream:remotename)%00%(upstream:remoteref) refs/heads/Wusi_dataset_V2 refs/remotes/Wusi_dataset_V2 [2ms]
2025-04-26 01:21:22.563 [info] > git for-each-ref --sort -committerdate --format %(refname)%00%(objectname)%00%(*objectname) [3ms]
2025-04-26 01:21:22.674 [info] > git status -z -uall [119ms]
2025-04-26 01:21:29.669 [info] > git show --textconv :COG_Transformer/option/option_Mocap.py [8ms]
2025-04-26 01:21:29.670 [info] > git ls-files --stage -- COG_Transformer/option/option_Mocap.py [3ms]
2025-04-26 01:21:29.680 [info] > git cat-file -s a25917a2c23076f085dfa2cc2c8536dda16d16ca [2ms]
2025-04-26 01:21:29.781 [info] > git blame --root --incremental 14777248763050500e8da2c7e72fdd898071e9d7 -- COG_Transformer/option/option_Mocap.py [4ms]
2025-04-26 01:21:30.210 [info] > git check-ignore -v -z --stdin [1ms]
2025-04-26 01:21:30.944 [info] > git config --get commit.template [2ms]
2025-04-26 01:21:30.953 [info] > git for-each-ref --format=%(refname)%00%(upstream:short)%00%(objectname)%00%(upstream:track)%00%(upstream:remotename)%00%(upstream:remoteref) refs/heads/Wusi_dataset_V2 refs/remotes/Wusi_dataset_V2 [2ms]
2025-04-26 01:21:30.970 [info] > git for-each-ref --sort -committerdate --format %(refname)%00%(objectname)%00%(*objectname) [3ms]
2025-04-26 01:21:31.075 [info] > git status -z -uall [114ms]
2025-04-26 01:21:37.447 [info] > git show --textconv :COG_Transformer/train.py [9ms]
2025-04-26 01:21:37.448 [info] > git ls-files --stage -- COG_Transformer/train.py [3ms]
2025-04-26 01:21:37.458 [info] > git cat-file -s 61972df1c3811b980cef9f91bd3a5a51c03f4208 [2ms]
2025-04-26 01:21:37.597 [info] > git blame --root --incremental 14777248763050500e8da2c7e72fdd898071e9d7 -- COG_Transformer/train.py [5ms]
2025-04-26 01:21:38.390 [info] > git config --get commit.template [1ms]
2025-04-26 01:21:38.400 [info] > git for-each-ref --format=%(refname)%00%(upstream:short)%00%(objectname)%00%(upstream:track)%00%(upstream:remotename)%00%(upstream:remoteref) refs/heads/Wusi_dataset_V2 refs/remotes/Wusi_dataset_V2 [2ms]
2025-04-26 01:21:38.418 [info] > git for-each-ref --sort -committerdate --format %(refname)%00%(objectname)%00%(*objectname) [4ms]
2025-04-26 01:21:38.517 [info] > git status -z -uall [110ms]
2025-04-26 01:21:47.725 [info] > git config --get commit.template [4ms]
2025-04-26 01:21:47.733 [info] > git for-each-ref --format=%(refname)%00%(upstream:short)%00%(objectname)%00%(upstream:track)%00%(upstream:remotename)%00%(upstream:remoteref) refs/heads/Wusi_dataset_V2 refs/remotes/Wusi_dataset_V2 [2ms]
2025-04-26 01:21:47.748 [info] > git for-each-ref --sort -committerdate --format %(refname)%00%(objectname)%00%(*objectname) [3ms]
2025-04-26 01:21:47.852 [info] > git status -z -uall [114ms]
2025-04-26 01:21:54.054 [info] > git show --textconv :IAFormer-main/source/main_Mocap.py [9ms]
2025-04-26 01:21:54.056 [info] > git ls-files --stage -- IAFormer-main/source/main_Mocap.py [3ms]
2025-04-26 01:21:54.067 [info] > git cat-file -s 9cdc755b1dec3b665d6fdf74a8f03602fdf73e18 [3ms]
2025-04-26 01:21:54.104 [info] > git config --get commit.template [9ms]
2025-04-26 01:21:54.105 [info] > git for-each-ref --format=%(refname)%00%(upstream:short)%00%(objectname)%00%(upstream:track)%00%(upstream:remotename)%00%(upstream:remoteref) refs/heads/Wusi_dataset_V2 refs/remotes/Wusi_dataset_V2 [1ms]
2025-04-26 01:21:54.124 [info] > git for-each-ref --sort -committerdate --format %(refname)%00%(objectname)%00%(*objectname) [4ms]
2025-04-26 01:21:54.176 [info] > git blame --root --incremental 14777248763050500e8da2c7e72fdd898071e9d7 -- IAFormer-main/source/main_Mocap.py [5ms]
2025-04-26 01:21:54.226 [info] > git status -z -uall [114ms]
2025-04-26 01:21:55.300 [info] > git check-ignore -v -z --stdin [7ms]
2025-04-26 01:21:55.757 [info] > git show --textconv :COG_Transformer/option/option_Mocap.py [10ms]
2025-04-26 01:21:55.758 [info] > git ls-files --stage -- COG_Transformer/option/option_Mocap.py [3ms]
2025-04-26 01:21:55.767 [info] > git cat-file -s a25917a2c23076f085dfa2cc2c8536dda16d16ca [2ms]
2025-04-26 01:21:59.368 [info] > git config --get commit.template [9ms]
2025-04-26 01:21:59.369 [info] > git for-each-ref --format=%(refname)%00%(upstream:short)%00%(objectname)%00%(upstream:track)%00%(upstream:remotename)%00%(upstream:remoteref) refs/heads/Wusi_dataset_V2 refs/remotes/Wusi_dataset_V2 [3ms]
2025-04-26 01:21:59.387 [info] > git for-each-ref --sort -committerdate --format %(refname)%00%(objectname)%00%(*objectname) [3ms]
2025-04-26 01:21:59.491 [info] > git status -z -uall [113ms]
2025-04-26 01:22:04.627 [info] > git config --get commit.template [8ms]
2025-04-26 01:22:04.627 [info] > git for-each-ref --format=%(refname)%00%(upstream:short)%00%(objectname)%00%(upstream:track)%00%(upstream:remotename)%00%(upstream:remoteref) refs/heads/Wusi_dataset_V2 refs/remotes/Wusi_dataset_V2 [2ms]
2025-04-26 01:22:04.645 [info] > git for-each-ref --sort -committerdate --format %(refname)%00%(objectname)%00%(*objectname) [2ms]
2025-04-26 01:22:04.747 [info] > git status -z -uall [112ms]
2025-04-26 01:22:09.883 [info] > git config --get commit.template [7ms]
2025-04-26 01:22:09.884 [info] > git for-each-ref --format=%(refname)%00%(upstream:short)%00%(objectname)%00%(upstream:track)%00%(upstream:remotename)%00%(upstream:remoteref) refs/heads/Wusi_dataset_V2 refs/remotes/Wusi_dataset_V2 [3ms]
2025-04-26 01:22:09.899 [info] > git for-each-ref --sort -committerdate --format %(refname)%00%(objectname)%00%(*objectname) [3ms]
2025-04-26 01:22:10.003 [info] > git status -z -uall [114ms]
2025-04-26 01:22:15.138 [info] > git config --get commit.template [7ms]
2025-04-26 01:22:15.140 [info] > git for-each-ref --format=%(refname)%00%(upstream:short)%00%(objectname)%00%(upstream:track)%00%(upstream:remotename)%00%(upstream:remoteref) refs/heads/Wusi_dataset_V2 refs/remotes/Wusi_dataset_V2 [3ms]
2025-04-26 01:22:15.155 [info] > git for-each-ref --sort -committerdate --format %(refname)%00%(objectname)%00%(*objectname) [2ms]
2025-04-26 01:22:15.263 [info] > git status -z -uall [117ms]
2025-04-26 01:22:20.408 [info] > git config --get commit.template [8ms]
2025-04-26 01:22:20.410 [info] > git for-each-ref --format=%(refname)%00%(upstream:short)%00%(objectname)%00%(upstream:track)%00%(upstream:remotename)%00%(upstream:remoteref) refs/heads/Wusi_dataset_V2 refs/remotes/Wusi_dataset_V2 [3ms]
2025-04-26 01:22:20.427 [info] > git for-each-ref --sort -committerdate --format %(refname)%00%(objectname)%00%(*objectname) [3ms]
2025-04-26 01:22:20.521 [info] > git status -z -uall [104ms]
2025-04-26 01:35:02.681 [info] > git config --get commit.template [6ms]
2025-04-26 01:35:02.682 [info] > git for-each-ref --format=%(refname)%00%(upstream:short)%00%(objectname)%00%(upstream:track)%00%(upstream:remotename)%00%(upstream:remoteref) refs/heads/Wusi_dataset_V2 refs/remotes/Wusi_dataset_V2 [2ms]
2025-04-26 01:35:02.695 [info] > git for-each-ref --sort -committerdate --format %(refname)%00%(objectname)%00%(*objectname) [3ms]
2025-04-26 01:35:02.808 [info] > git status -z -uall [122ms]
2025-04-26 01:35:25.111 [info] > git config --get commit.template [6ms]
2025-04-26 01:35:25.113 [info] > git for-each-ref --format=%(refname)%00%(upstream:short)%00%(objectname)%00%(upstream:track)%00%(upstream:remotename)%00%(upstream:remoteref) refs/heads/Wusi_dataset_V2 refs/remotes/Wusi_dataset_V2 [2ms]
2025-04-26 01:35:25.123 [info] > git for-each-ref --sort -committerdate --format %(refname)%00%(objectname)%00%(*objectname) [3ms]
2025-04-26 01:35:25.226 [info] > git status -z -uall [110ms]
