2025-04-29 11:03:42.507 [info] Extension host with pid 3876150 started
2025-04-29 11:03:42.513 [info] Lock '/scratch/users/badreldeen/.vscode-server/data/User/workspaceStorage/1bd1f1e401fc8832d883fab89892f06c/vscode.lock': Lock acquired.
2025-04-29 11:03:42.870 [info] ExtensionService#_doActivateExtension vscode.git-base, startup: false, activationEvent: '*', root cause: vscode.git
2025-04-29 11:03:42.873 [info] ExtensionService#_doActivateExtension vscode.emmet, startup: false, activationEvent: 'onLanguage'
2025-04-29 11:03:43.269 [info] ExtensionService#_doActivateExtension vscode.git, startup: false, activationEvent: '*'
2025-04-29 11:03:43.270 [info] ExtensionService#_doActivateExtension vscode.github, startup: false, activationEvent: '*'
2025-04-29 11:03:43.560 [info] Eager extensions activated
2025-04-29 11:03:43.560 [info] ExtensionService#_doActivateExtension vscode.debug-auto-launch, startup: false, activationEvent: 'onStartupFinished'
2025-04-29 11:03:43.561 [info] ExtensionService#_doActivateExtension vscode.merge-conflict, startup: false, activationEvent: 'onStartupFinished'
2025-04-29 11:03:43.836 [warning] [Decorations] CAPPING events from decorations provider vscode.git 6581
2025-04-29 11:03:45.004 [warning] [Decorations] CAPPING events from decorations provider vscode.git 6583
2025-04-29 11:04:31.576 [warning] [Decorations] CAPPING events from decorations provider vscode.git 6583
2025-04-29 11:04:36.839 [warning] [Decorations] CAPPING events from decorations provider vscode.git 6576
2025-04-29 11:04:42.071 [warning] [Decorations] CAPPING events from decorations provider vscode.git 6576
2025-04-29 11:04:47.339 [warning] [Decorations] CAPPING events from decorations provider vscode.git 6576
2025-04-29 11:04:52.549 [warning] [Decorations] CAPPING events from decorations provider vscode.git 6576
2025-04-29 11:04:57.811 [warning] [Decorations] CAPPING events from decorations provider vscode.git 6576
2025-04-29 11:05:03.079 [warning] [Decorations] CAPPING events from decorations provider vscode.git 6576
2025-04-29 11:05:08.345 [warning] [Decorations] CAPPING events from decorations provider vscode.git 6576
2025-04-29 11:05:13.610 [warning] [Decorations] CAPPING events from decorations provider vscode.git 6576
2025-04-29 11:05:18.881 [warning] [Decorations] CAPPING events from decorations provider vscode.git 6577
2025-04-29 11:05:24.142 [warning] [Decorations] CAPPING events from decorations provider vscode.git 6577
2025-04-29 11:05:29.401 [warning] [Decorations] CAPPING events from decorations provider vscode.git 6577
2025-04-29 11:05:34.655 [warning] [Decorations] CAPPING events from decorations provider vscode.git 6578
2025-04-29 11:05:39.910 [warning] [Decorations] CAPPING events from decorations provider vscode.git 6578
2025-04-29 11:05:45.165 [warning] [Decorations] CAPPING events from decorations provider vscode.git 6578
2025-04-29 11:05:50.422 [warning] [Decorations] CAPPING events from decorations provider vscode.git 6578
2025-04-29 11:05:55.689 [warning] [Decorations] CAPPING events from decorations provider vscode.git 6578
2025-04-29 11:06:00.960 [warning] [Decorations] CAPPING events from decorations provider vscode.git 6578
2025-04-29 11:06:06.225 [warning] [Decorations] CAPPING events from decorations provider vscode.git 6578
2025-04-29 11:06:11.488 [warning] [Decorations] CAPPING events from decorations provider vscode.git 6578
2025-04-29 11:06:16.750 [warning] [Decorations] CAPPING events from decorations provider vscode.git 6578
2025-04-29 11:06:22.020 [warning] [Decorations] CAPPING events from decorations provider vscode.git 6578
2025-04-29 11:06:27.278 [warning] [Decorations] CAPPING events from decorations provider vscode.git 6578
2025-04-29 11:06:32.508 [warning] [Decorations] CAPPING events from decorations provider vscode.git 6579
2025-04-29 11:06:37.708 [warning] [Decorations] CAPPING events from decorations provider vscode.git 6579
2025-04-29 11:06:42.951 [warning] [Decorations] CAPPING events from decorations provider vscode.git 6579
2025-04-29 11:06:48.201 [warning] [Decorations] CAPPING events from decorations provider vscode.git 6579
2025-04-29 11:06:53.457 [warning] [Decorations] CAPPING events from decorations provider vscode.git 6579
2025-04-29 11:06:58.719 [warning] [Decorations] CAPPING events from decorations provider vscode.git 6579
2025-04-29 11:07:03.971 [warning] [Decorations] CAPPING events from decorations provider vscode.git 6579
2025-04-29 11:07:09.227 [warning] [Decorations] CAPPING events from decorations provider vscode.git 6579
2025-04-29 11:07:14.457 [warning] [Decorations] CAPPING events from decorations provider vscode.git 6580
2025-04-29 11:07:19.716 [warning] [Decorations] CAPPING events from decorations provider vscode.git 6580
2025-04-29 11:07:24.972 [warning] [Decorations] CAPPING events from decorations provider vscode.git 6580
2025-04-29 11:07:30.229 [warning] [Decorations] CAPPING events from decorations provider vscode.git 6580
2025-04-29 11:07:35.493 [warning] [Decorations] CAPPING events from decorations provider vscode.git 6580
2025-04-29 11:07:40.748 [warning] [Decorations] CAPPING events from decorations provider vscode.git 6580
2025-04-29 11:07:46.003 [warning] [Decorations] CAPPING events from decorations provider vscode.git 6580
2025-04-29 11:07:51.259 [warning] [Decorations] CAPPING events from decorations provider vscode.git 6580
2025-04-29 11:08:00.549 [warning] [Decorations] CAPPING events from decorations provider vscode.git 6580
2025-04-29 11:08:05.761 [warning] [Decorations] CAPPING events from decorations provider vscode.git 6580
2025-04-29 11:08:11.020 [warning] [Decorations] CAPPING events from decorations provider vscode.git 6580
2025-04-29 11:08:16.275 [warning] [Decorations] CAPPING events from decorations provider vscode.git 6580
2025-04-29 11:08:21.530 [warning] [Decorations] CAPPING events from decorations provider vscode.git 6580
2025-04-29 11:08:26.798 [warning] [Decorations] CAPPING events from decorations provider vscode.git 6580
2025-04-29 11:08:32.016 [warning] [Decorations] CAPPING events from decorations provider vscode.git 6580
2025-04-29 11:08:37.242 [warning] [Decorations] CAPPING events from decorations provider vscode.git 6580
2025-04-29 11:08:42.493 [warning] [Decorations] CAPPING events from decorations provider vscode.git 6580
2025-04-29 11:08:47.751 [warning] [Decorations] CAPPING events from decorations provider vscode.git 6581
2025-04-29 11:08:52.984 [warning] [Decorations] CAPPING events from decorations provider vscode.git 6581
2025-04-29 11:09:00.381 [warning] [Decorations] CAPPING events from decorations provider vscode.git 6581
2025-04-29 11:09:05.649 [warning] [Decorations] CAPPING events from decorations provider vscode.git 6581
2025-04-29 11:09:10.895 [warning] [Decorations] CAPPING events from decorations provider vscode.git 6581
2025-04-29 11:09:16.144 [warning] [Decorations] CAPPING events from decorations provider vscode.git 6581
2025-04-29 11:09:21.395 [warning] [Decorations] CAPPING events from decorations provider vscode.git 6581
2025-04-29 11:09:26.596 [warning] [Decorations] CAPPING events from decorations provider vscode.git 6581
2025-04-29 11:09:31.786 [warning] [Decorations] CAPPING events from decorations provider vscode.git 6581
2025-04-29 11:09:37.024 [warning] [Decorations] CAPPING events from decorations provider vscode.git 6581
2025-04-29 11:09:42.285 [warning] [Decorations] CAPPING events from decorations provider vscode.git 6581
2025-04-29 11:09:47.538 [warning] [Decorations] CAPPING events from decorations provider vscode.git 6581
2025-04-29 11:09:52.789 [warning] [Decorations] CAPPING events from decorations provider vscode.git 6581
2025-04-29 11:09:58.043 [warning] [Decorations] CAPPING events from decorations provider vscode.git 6581
2025-04-29 11:10:03.289 [warning] [Decorations] CAPPING events from decorations provider vscode.git 6581
2025-04-29 11:10:08.539 [warning] [Decorations] CAPPING events from decorations provider vscode.git 6581
2025-04-29 11:10:13.806 [warning] [Decorations] CAPPING events from decorations provider vscode.git 6581
2025-04-29 11:10:19.051 [warning] [Decorations] CAPPING events from decorations provider vscode.git 6581
2025-04-29 11:10:24.299 [warning] [Decorations] CAPPING events from decorations provider vscode.git 6581
2025-04-29 11:10:29.555 [warning] [Decorations] CAPPING events from decorations provider vscode.git 6581
2025-04-29 11:10:34.811 [warning] [Decorations] CAPPING events from decorations provider vscode.git 6581
2025-04-29 11:10:40.062 [warning] [Decorations] CAPPING events from decorations provider vscode.git 6581
2025-04-29 11:10:45.319 [warning] [Decorations] CAPPING events from decorations provider vscode.git 6581
2025-04-29 11:10:50.533 [warning] [Decorations] CAPPING events from decorations provider vscode.git 6581
2025-04-29 11:10:55.781 [warning] [Decorations] CAPPING events from decorations provider vscode.git 6581
2025-04-29 11:11:01.037 [warning] [Decorations] CAPPING events from decorations provider vscode.git 6581
2025-04-29 11:11:06.303 [warning] [Decorations] CAPPING events from decorations provider vscode.git 6581
2025-04-29 11:11:11.549 [warning] [Decorations] CAPPING events from decorations provider vscode.git 6581
2025-04-29 11:11:16.797 [warning] [Decorations] CAPPING events from decorations provider vscode.git 6581
2025-04-29 11:11:22.046 [warning] [Decorations] CAPPING events from decorations provider vscode.git 6581
2025-04-29 11:11:27.295 [warning] [Decorations] CAPPING events from decorations provider vscode.git 6581
2025-04-29 11:11:32.540 [warning] [Decorations] CAPPING events from decorations provider vscode.git 6581
2025-04-29 11:11:37.784 [warning] [Decorations] CAPPING events from decorations provider vscode.git 6581
2025-04-29 11:11:43.046 [warning] [Decorations] CAPPING events from decorations provider vscode.git 6581
2025-04-29 11:11:48.295 [warning] [Decorations] CAPPING events from decorations provider vscode.git 6581
2025-04-29 11:11:53.546 [warning] [Decorations] CAPPING events from decorations provider vscode.git 6581
2025-04-29 11:11:58.797 [warning] [Decorations] CAPPING events from decorations provider vscode.git 6581
2025-04-29 11:12:04.061 [warning] [Decorations] CAPPING events from decorations provider vscode.git 6581
2025-04-29 11:12:09.281 [warning] [Decorations] CAPPING events from decorations provider vscode.git 6581
2025-04-29 11:12:14.520 [warning] [Decorations] CAPPING events from decorations provider vscode.git 6581
2025-04-29 11:12:19.775 [warning] [Decorations] CAPPING events from decorations provider vscode.git 6581
2025-04-29 11:12:25.025 [warning] [Decorations] CAPPING events from decorations provider vscode.git 6581
2025-04-29 11:12:30.281 [warning] [Decorations] CAPPING events from decorations provider vscode.git 6581
2025-04-29 11:12:35.531 [warning] [Decorations] CAPPING events from decorations provider vscode.git 6581
2025-04-29 11:12:40.743 [warning] [Decorations] CAPPING events from decorations provider vscode.git 6581
2025-04-29 11:12:45.988 [warning] [Decorations] CAPPING events from decorations provider vscode.git 6581
2025-04-29 11:12:51.246 [warning] [Decorations] CAPPING events from decorations provider vscode.git 6581
2025-04-29 11:12:56.490 [warning] [Decorations] CAPPING events from decorations provider vscode.git 6581
2025-04-29 11:13:01.678 [warning] [Decorations] CAPPING events from decorations provider vscode.git 6581
2025-04-29 11:13:06.855 [warning] [Decorations] CAPPING events from decorations provider vscode.git 6581
2025-04-29 11:13:12.030 [warning] [Decorations] CAPPING events from decorations provider vscode.git 6581
2025-04-29 11:13:17.204 [warning] [Decorations] CAPPING events from decorations provider vscode.git 6581
2025-04-29 11:13:22.452 [warning] [Decorations] CAPPING events from decorations provider vscode.git 6581
2025-04-29 11:13:27.699 [warning] [Decorations] CAPPING events from decorations provider vscode.git 6581
2025-04-29 11:13:32.947 [warning] [Decorations] CAPPING events from decorations provider vscode.git 6581
2025-04-29 11:13:38.194 [warning] [Decorations] CAPPING events from decorations provider vscode.git 6581
2025-04-29 11:13:43.444 [warning] [Decorations] CAPPING events from decorations provider vscode.git 6581
2025-04-29 11:13:48.698 [warning] [Decorations] CAPPING events from decorations provider vscode.git 6581
2025-04-29 11:13:53.943 [warning] [Decorations] CAPPING events from decorations provider vscode.git 6581
2025-04-29 11:13:59.131 [warning] [Decorations] CAPPING events from decorations provider vscode.git 6581
2025-04-29 11:14:04.377 [warning] [Decorations] CAPPING events from decorations provider vscode.git 6581
2025-04-29 11:14:09.633 [warning] [Decorations] CAPPING events from decorations provider vscode.git 6581
2025-04-29 11:14:14.881 [warning] [Decorations] CAPPING events from decorations provider vscode.git 6581
2025-04-29 11:14:20.110 [warning] [Decorations] CAPPING events from decorations provider vscode.git 6581
2025-04-29 11:14:25.363 [warning] [Decorations] CAPPING events from decorations provider vscode.git 6581
2025-04-29 11:14:30.604 [warning] [Decorations] CAPPING events from decorations provider vscode.git 6581
2025-04-29 11:14:35.809 [warning] [Decorations] CAPPING events from decorations provider vscode.git 6581
2025-04-29 11:14:41.026 [warning] [Decorations] CAPPING events from decorations provider vscode.git 6581
2025-04-29 11:14:46.273 [warning] [Decorations] CAPPING events from decorations provider vscode.git 6581
2025-04-29 11:14:51.524 [warning] [Decorations] CAPPING events from decorations provider vscode.git 6581
2025-04-29 11:14:56.780 [warning] [Decorations] CAPPING events from decorations provider vscode.git 6581
2025-04-29 11:15:01.969 [warning] [Decorations] CAPPING events from decorations provider vscode.git 6581
2025-04-29 11:15:07.222 [warning] [Decorations] CAPPING events from decorations provider vscode.git 6581
2025-04-29 11:15:12.479 [warning] [Decorations] CAPPING events from decorations provider vscode.git 6581
2025-04-29 11:15:17.730 [warning] [Decorations] CAPPING events from decorations provider vscode.git 6581
2025-04-29 11:15:22.978 [warning] [Decorations] CAPPING events from decorations provider vscode.git 6581
2025-04-29 11:15:28.184 [warning] [Decorations] CAPPING events from decorations provider vscode.git 6581
2025-04-29 11:15:33.431 [warning] [Decorations] CAPPING events from decorations provider vscode.git 6581
2025-04-29 11:15:38.671 [warning] [Decorations] CAPPING events from decorations provider vscode.git 6581
2025-04-29 11:15:43.909 [warning] [Decorations] CAPPING events from decorations provider vscode.git 6581
2025-04-29 11:15:49.156 [warning] [Decorations] CAPPING events from decorations provider vscode.git 6581
2025-04-29 11:15:54.405 [warning] [Decorations] CAPPING events from decorations provider vscode.git 6581
2025-04-29 11:15:59.656 [warning] [Decorations] CAPPING events from decorations provider vscode.git 6581
2025-04-29 11:16:04.910 [warning] [Decorations] CAPPING events from decorations provider vscode.git 6581
2025-04-29 11:16:10.154 [warning] [Decorations] CAPPING events from decorations provider vscode.git 6581
2025-04-29 11:16:15.347 [warning] [Decorations] CAPPING events from decorations provider vscode.git 6581
2025-04-29 11:16:20.596 [warning] [Decorations] CAPPING events from decorations provider vscode.git 6581
2025-04-29 11:16:25.787 [warning] [Decorations] CAPPING events from decorations provider vscode.git 6581
2025-04-29 11:16:31.037 [warning] [Decorations] CAPPING events from decorations provider vscode.git 6581
2025-04-29 11:16:36.280 [warning] [Decorations] CAPPING events from decorations provider vscode.git 6581
2025-04-29 11:16:41.523 [warning] [Decorations] CAPPING events from decorations provider vscode.git 6581
2025-04-29 11:16:46.782 [warning] [Decorations] CAPPING events from decorations provider vscode.git 6581
2025-04-29 11:16:52.016 [warning] [Decorations] CAPPING events from decorations provider vscode.git 6581
2025-04-29 11:16:57.207 [warning] [Decorations] CAPPING events from decorations provider vscode.git 6581
2025-04-29 11:17:02.444 [warning] [Decorations] CAPPING events from decorations provider vscode.git 6581
2025-04-29 11:17:07.652 [warning] [Decorations] CAPPING events from decorations provider vscode.git 6581
2025-04-29 11:17:12.899 [warning] [Decorations] CAPPING events from decorations provider vscode.git 6581
2025-04-29 11:17:18.157 [warning] [Decorations] CAPPING events from decorations provider vscode.git 6581
2025-04-29 11:17:23.409 [warning] [Decorations] CAPPING events from decorations provider vscode.git 6581
2025-04-29 11:17:28.653 [warning] [Decorations] CAPPING events from decorations provider vscode.git 6581
2025-04-29 11:17:33.893 [warning] [Decorations] CAPPING events from decorations provider vscode.git 6581
2025-04-29 11:17:39.138 [warning] [Decorations] CAPPING events from decorations provider vscode.git 6581
2025-04-29 11:17:44.381 [warning] [Decorations] CAPPING events from decorations provider vscode.git 6581
2025-04-29 11:17:49.636 [warning] [Decorations] CAPPING events from decorations provider vscode.git 6581
2025-04-29 11:17:54.883 [warning] [Decorations] CAPPING events from decorations provider vscode.git 6581
2025-04-29 11:18:00.130 [warning] [Decorations] CAPPING events from decorations provider vscode.git 6581
2025-04-29 11:18:05.379 [warning] [Decorations] CAPPING events from decorations provider vscode.git 6581
2025-04-29 11:18:10.568 [warning] [Decorations] CAPPING events from decorations provider vscode.git 6581
2025-04-29 11:18:15.775 [warning] [Decorations] CAPPING events from decorations provider vscode.git 6581
2025-04-29 11:18:21.025 [warning] [Decorations] CAPPING events from decorations provider vscode.git 6581
2025-04-29 11:18:26.267 [warning] [Decorations] CAPPING events from decorations provider vscode.git 6581
2025-04-29 11:18:31.513 [warning] [Decorations] CAPPING events from decorations provider vscode.git 6581
2025-04-29 11:18:36.752 [warning] [Decorations] CAPPING events from decorations provider vscode.git 6581
2025-04-29 11:18:42.001 [warning] [Decorations] CAPPING events from decorations provider vscode.git 6581
2025-04-29 11:18:47.249 [warning] [Decorations] CAPPING events from decorations provider vscode.git 6581
2025-04-29 11:18:52.506 [warning] [Decorations] CAPPING events from decorations provider vscode.git 6581
2025-04-29 11:18:57.767 [warning] [Decorations] CAPPING events from decorations provider vscode.git 6581
2025-04-29 11:19:02.944 [warning] [Decorations] CAPPING events from decorations provider vscode.git 6581
2025-04-29 11:19:08.193 [warning] [Decorations] CAPPING events from decorations provider vscode.git 6581
2025-04-29 11:19:13.438 [warning] [Decorations] CAPPING events from decorations provider vscode.git 6581
2025-04-29 11:19:18.685 [warning] [Decorations] CAPPING events from decorations provider vscode.git 6581
2025-04-29 11:19:23.936 [warning] [Decorations] CAPPING events from decorations provider vscode.git 6581
2025-04-29 11:19:29.179 [warning] [Decorations] CAPPING events from decorations provider vscode.git 6581
2025-04-29 11:19:34.439 [warning] [Decorations] CAPPING events from decorations provider vscode.git 6581
2025-04-29 11:19:39.701 [warning] [Decorations] CAPPING events from decorations provider vscode.git 6581
2025-04-29 11:19:44.947 [warning] [Decorations] CAPPING events from decorations provider vscode.git 6581
2025-04-29 11:19:50.190 [warning] [Decorations] CAPPING events from decorations provider vscode.git 6581
2025-04-29 11:19:55.439 [warning] [Decorations] CAPPING events from decorations provider vscode.git 6581
2025-04-29 11:20:00.689 [warning] [Decorations] CAPPING events from decorations provider vscode.git 6581
2025-04-29 11:20:05.923 [warning] [Decorations] CAPPING events from decorations provider vscode.git 6581
2025-04-29 11:20:11.187 [warning] [Decorations] CAPPING events from decorations provider vscode.git 6581
2025-04-29 11:20:16.433 [warning] [Decorations] CAPPING events from decorations provider vscode.git 6581
2025-04-29 11:20:21.676 [warning] [Decorations] CAPPING events from decorations provider vscode.git 6581
2025-04-29 11:20:26.890 [warning] [Decorations] CAPPING events from decorations provider vscode.git 6581
2025-04-29 11:20:32.137 [warning] [Decorations] CAPPING events from decorations provider vscode.git 6581
2025-04-29 11:20:37.325 [warning] [Decorations] CAPPING events from decorations provider vscode.git 6581
2025-04-29 11:20:42.520 [warning] [Decorations] CAPPING events from decorations provider vscode.git 6581
2025-04-29 11:20:47.693 [warning] [Decorations] CAPPING events from decorations provider vscode.git 6581
2025-04-29 11:20:52.931 [warning] [Decorations] CAPPING events from decorations provider vscode.git 6581
2025-04-29 11:20:58.144 [warning] [Decorations] CAPPING events from decorations provider vscode.git 6581
2025-04-29 11:21:03.398 [warning] [Decorations] CAPPING events from decorations provider vscode.git 6581
2025-04-29 11:21:08.648 [warning] [Decorations] CAPPING events from decorations provider vscode.git 6581
2025-04-29 11:21:13.905 [warning] [Decorations] CAPPING events from decorations provider vscode.git 6581
2025-04-29 11:21:19.165 [warning] [Decorations] CAPPING events from decorations provider vscode.git 6581
2025-04-29 11:21:24.413 [warning] [Decorations] CAPPING events from decorations provider vscode.git 6581
2025-04-29 11:21:29.658 [warning] [Decorations] CAPPING events from decorations provider vscode.git 6581
2025-04-29 11:21:34.901 [warning] [Decorations] CAPPING events from decorations provider vscode.git 6581
2025-04-29 11:21:40.138 [warning] [Decorations] CAPPING events from decorations provider vscode.git 6581
2025-04-29 11:21:45.390 [warning] [Decorations] CAPPING events from decorations provider vscode.git 6581
2025-04-29 11:21:50.652 [warning] [Decorations] CAPPING events from decorations provider vscode.git 6581
2025-04-29 11:21:55.891 [warning] [Decorations] CAPPING events from decorations provider vscode.git 6581
2025-04-29 11:22:01.127 [warning] [Decorations] CAPPING events from decorations provider vscode.git 6581
2025-04-29 11:22:06.373 [warning] [Decorations] CAPPING events from decorations provider vscode.git 6581
2025-04-29 11:22:11.619 [warning] [Decorations] CAPPING events from decorations provider vscode.git 6581
2025-04-29 11:22:16.869 [warning] [Decorations] CAPPING events from decorations provider vscode.git 6581
2025-04-29 11:22:22.111 [warning] [Decorations] CAPPING events from decorations provider vscode.git 6581
2025-04-29 11:22:27.356 [warning] [Decorations] CAPPING events from decorations provider vscode.git 6581
2025-04-29 11:22:32.609 [warning] [Decorations] CAPPING events from decorations provider vscode.git 6581
2025-04-29 11:22:37.862 [warning] [Decorations] CAPPING events from decorations provider vscode.git 6581
2025-04-29 11:22:43.112 [warning] [Decorations] CAPPING events from decorations provider vscode.git 6581
2025-04-29 11:22:48.356 [warning] [Decorations] CAPPING events from decorations provider vscode.git 6581
2025-04-29 11:22:53.607 [warning] [Decorations] CAPPING events from decorations provider vscode.git 6581
2025-04-29 11:22:58.852 [warning] [Decorations] CAPPING events from decorations provider vscode.git 6581
2025-04-29 11:23:04.090 [warning] [Decorations] CAPPING events from decorations provider vscode.git 6581
2025-04-29 11:23:09.332 [warning] [Decorations] CAPPING events from decorations provider vscode.git 6581
2025-04-29 11:23:14.581 [warning] [Decorations] CAPPING events from decorations provider vscode.git 6581
2025-04-29 11:23:19.832 [warning] [Decorations] CAPPING events from decorations provider vscode.git 6581
2025-04-29 11:23:25.088 [warning] [Decorations] CAPPING events from decorations provider vscode.git 6581
2025-04-29 11:23:30.328 [warning] [Decorations] CAPPING events from decorations provider vscode.git 6581
2025-04-29 11:23:35.582 [warning] [Decorations] CAPPING events from decorations provider vscode.git 6581
2025-04-29 11:23:40.802 [warning] [Decorations] CAPPING events from decorations provider vscode.git 6581
2025-04-29 11:23:46.052 [warning] [Decorations] CAPPING events from decorations provider vscode.git 6581
2025-04-29 11:23:51.305 [warning] [Decorations] CAPPING events from decorations provider vscode.git 6581
2025-04-29 11:23:56.574 [warning] [Decorations] CAPPING events from decorations provider vscode.git 6581
2025-04-29 11:24:01.770 [warning] [Decorations] CAPPING events from decorations provider vscode.git 6581
2025-04-29 11:24:07.019 [warning] [Decorations] CAPPING events from decorations provider vscode.git 6581
2025-04-29 11:24:12.265 [warning] [Decorations] CAPPING events from decorations provider vscode.git 6581
2025-04-29 11:24:17.476 [warning] [Decorations] CAPPING events from decorations provider vscode.git 6581
2025-04-29 11:24:22.672 [warning] [Decorations] CAPPING events from decorations provider vscode.git 6581
2025-04-29 11:24:27.856 [warning] [Decorations] CAPPING events from decorations provider vscode.git 6581
2025-04-29 11:24:33.058 [warning] [Decorations] CAPPING events from decorations provider vscode.git 6581
2025-04-29 11:24:38.244 [warning] [Decorations] CAPPING events from decorations provider vscode.git 6581
2025-04-29 11:24:43.492 [warning] [Decorations] CAPPING events from decorations provider vscode.git 6581
2025-04-29 11:24:48.717 [warning] [Decorations] CAPPING events from decorations provider vscode.git 6581
2025-04-29 11:24:53.972 [warning] [Decorations] CAPPING events from decorations provider vscode.git 6581
2025-04-29 11:24:59.232 [warning] [Decorations] CAPPING events from decorations provider vscode.git 6581
2025-04-29 11:25:04.490 [warning] [Decorations] CAPPING events from decorations provider vscode.git 6581
2025-04-29 11:25:09.714 [warning] [Decorations] CAPPING events from decorations provider vscode.git 6581
2025-04-29 11:25:14.961 [warning] [Decorations] CAPPING events from decorations provider vscode.git 6581
2025-04-29 11:25:20.209 [warning] [Decorations] CAPPING events from decorations provider vscode.git 6581
2025-04-29 11:25:25.457 [warning] [Decorations] CAPPING events from decorations provider vscode.git 6581
2025-04-29 11:25:30.708 [warning] [Decorations] CAPPING events from decorations provider vscode.git 6581
2025-04-29 11:25:35.934 [warning] [Decorations] CAPPING events from decorations provider vscode.git 6581
2025-04-29 11:25:41.195 [warning] [Decorations] CAPPING events from decorations provider vscode.git 6581
2025-04-29 11:25:46.407 [warning] [Decorations] CAPPING events from decorations provider vscode.git 6581
2025-04-29 11:25:51.591 [warning] [Decorations] CAPPING events from decorations provider vscode.git 6581
2025-04-29 11:25:56.835 [warning] [Decorations] CAPPING events from decorations provider vscode.git 6581
2025-04-29 11:26:02.002 [warning] [Decorations] CAPPING events from decorations provider vscode.git 6581
2025-04-29 11:26:07.255 [warning] [Decorations] CAPPING events from decorations provider vscode.git 6581
2025-04-29 11:26:12.508 [warning] [Decorations] CAPPING events from decorations provider vscode.git 6581
2025-04-29 11:26:17.757 [warning] [Decorations] CAPPING events from decorations provider vscode.git 6581
2025-04-29 11:26:23.010 [warning] [Decorations] CAPPING events from decorations provider vscode.git 6581
2025-04-29 11:26:28.267 [warning] [Decorations] CAPPING events from decorations provider vscode.git 6581
2025-04-29 11:26:33.512 [warning] [Decorations] CAPPING events from decorations provider vscode.git 6581
2025-04-29 11:26:38.759 [warning] [Decorations] CAPPING events from decorations provider vscode.git 6581
2025-04-29 11:26:44.011 [warning] [Decorations] CAPPING events from decorations provider vscode.git 6581
2025-04-29 11:26:49.258 [warning] [Decorations] CAPPING events from decorations provider vscode.git 6581
2025-04-29 11:26:54.520 [warning] [Decorations] CAPPING events from decorations provider vscode.git 6581
2025-04-29 11:26:59.781 [warning] [Decorations] CAPPING events from decorations provider vscode.git 6581
2025-04-29 11:27:05.050 [warning] [Decorations] CAPPING events from decorations provider vscode.git 6581
2025-04-29 11:27:10.310 [warning] [Decorations] CAPPING events from decorations provider vscode.git 6581
2025-04-29 11:27:15.564 [warning] [Decorations] CAPPING events from decorations provider vscode.git 6581
2025-04-29 11:27:20.811 [warning] [Decorations] CAPPING events from decorations provider vscode.git 6581
2025-04-29 15:14:53.524 [info] Extension host terminating: renderer disconnected for too long (1)
2025-04-29 15:14:53.526 [info] Lock '/scratch/users/badreldeen/.vscode-server/data/User/workspaceStorage/1bd1f1e401fc8832d883fab89892f06c/vscode.lock': Marking the lockfile as scheduled to be released in 6000 ms.
2025-04-29 15:14:53.604 [error] Canceled: Canceled
	at new HR (file:///scratch/users/badreldeen/.vscode-server/cli/servers/Stable-17baf841131aa23349f217ca7c570c76ee87b957/server/out/vs/workbench/api/node/extensionHostProcess.js:29:156308)
	at i4.U (file:///scratch/users/badreldeen/.vscode-server/cli/servers/Stable-17baf841131aa23349f217ca7c570c76ee87b957/server/out/vs/workbench/api/node/extensionHostProcess.js:29:160919)
	at s.<computed>.n.charCodeAt.s.<computed> (file:///scratch/users/badreldeen/.vscode-server/cli/servers/Stable-17baf841131aa23349f217ca7c570c76ee87b957/server/out/vs/workbench/api/node/extensionHostProcess.js:29:158413)
	at vw.g (file:///scratch/users/badreldeen/.vscode-server/cli/servers/Stable-17baf841131aa23349f217ca7c570c76ee87b957/server/out/vs/workbench/api/node/extensionHostProcess.js:111:40983)
	at vw.executeCommand (file:///scratch/users/badreldeen/.vscode-server/cli/servers/Stable-17baf841131aa23349f217ca7c570c76ee87b957/server/out/vs/workbench/api/node/extensionHostProcess.js:111:40487)
	at r.registerCommand.description (file:///scratch/users/badreldeen/.vscode-server/cli/servers/Stable-17baf841131aa23349f217ca7c570c76ee87b957/server/out/vs/workbench/api/node/extensionHostProcess.js:111:39817)
	at vw.h (file:///scratch/users/badreldeen/.vscode-server/cli/servers/Stable-17baf841131aa23349f217ca7c570c76ee87b957/server/out/vs/workbench/api/node/extensionHostProcess.js:111:41503)
	at vw.g (file:///scratch/users/badreldeen/.vscode-server/cli/servers/Stable-17baf841131aa23349f217ca7c570c76ee87b957/server/out/vs/workbench/api/node/extensionHostProcess.js:111:40580)
	at vw.executeCommand (file:///scratch/users/badreldeen/.vscode-server/cli/servers/Stable-17baf841131aa23349f217ca7c570c76ee87b957/server/out/vs/workbench/api/node/extensionHostProcess.js:111:40487)
	at Object.executeCommand (file:///scratch/users/badreldeen/.vscode-server/cli/servers/Stable-17baf841131aa23349f217ca7c570c76ee87b957/server/out/vs/workbench/api/node/extensionHostProcess.js:173:30346)
	at Ah.L [as value] (/scratch/users/badreldeen/.vscode-server/cli/servers/Stable-17baf841131aa23349f217ca7c570c76ee87b957/server/extensions/git/dist/main.js:2:511809)
	at P.B (file:///scratch/users/badreldeen/.vscode-server/cli/servers/Stable-17baf841131aa23349f217ca7c570c76ee87b957/server/out/vs/workbench/api/node/extensionHostProcess.js:27:2375)
	at P.C (file:///scratch/users/badreldeen/.vscode-server/cli/servers/Stable-17baf841131aa23349f217ca7c570c76ee87b957/server/out/vs/workbench/api/node/extensionHostProcess.js:27:2445)
	at P.fire (file:///scratch/users/badreldeen/.vscode-server/cli/servers/Stable-17baf841131aa23349f217ca7c570c76ee87b957/server/out/vs/workbench/api/node/extensionHostProcess.js:27:2662)
	at Object.g [as dispose] (/scratch/users/badreldeen/.vscode-server/cli/servers/Stable-17baf841131aa23349f217ca7c570c76ee87b957/server/extensions/git/dist/main.js:2:534449)
	at /scratch/users/badreldeen/.vscode-server/cli/servers/Stable-17baf841131aa23349f217ca7c570c76ee87b957/server/extensions/git/dist/main.js:2:540767
	at Array.forEach (<anonymous>)
	at b.dispose (/scratch/users/badreldeen/.vscode-server/cli/servers/Stable-17baf841131aa23349f217ca7c570c76ee87b957/server/extensions/git/dist/main.js:2:540753)
	at iv.<anonymous> (file:///scratch/users/badreldeen/.vscode-server/cli/servers/Stable-17baf841131aa23349f217ca7c570c76ee87b957/server/out/vs/workbench/api/node/extensionHostProcess.js:107:8922)
	at iv.dispose (file:///scratch/users/badreldeen/.vscode-server/cli/servers/Stable-17baf841131aa23349f217ca7c570c76ee87b957/server/out/vs/workbench/api/node/extensionHostProcess.js:107:9018)
	at iv.<anonymous> (/scratch/users/badreldeen/.vscode-server/cli/servers/Stable-17baf841131aa23349f217ca7c570c76ee87b957/server/extensions/git/dist/main.js:2:514293)
	at iv.dispose (file:///scratch/users/badreldeen/.vscode-server/cli/servers/Stable-17baf841131aa23349f217ca7c570c76ee87b957/server/out/vs/workbench/api/node/extensionHostProcess.js:107:9018)
	at pi (file:///scratch/users/badreldeen/.vscode-server/cli/servers/Stable-17baf841131aa23349f217ca7c570c76ee87b957/server/out/vs/workbench/api/node/extensionHostProcess.js:25:701)
	at file:///scratch/users/badreldeen/.vscode-server/cli/servers/Stable-17baf841131aa23349f217ca7c570c76ee87b957/server/out/vs/workbench/api/node/extensionHostProcess.js:115:14994
	at file:///scratch/users/badreldeen/.vscode-server/cli/servers/Stable-17baf841131aa23349f217ca7c570c76ee87b957/server/out/vs/workbench/api/node/extensionHostProcess.js:25:1011
	at Object.dispose (file:///scratch/users/badreldeen/.vscode-server/cli/servers/Stable-17baf841131aa23349f217ca7c570c76ee87b957/server/out/vs/workbench/api/node/extensionHostProcess.js:8:705)
	at vV.eb (file:///scratch/users/badreldeen/.vscode-server/cli/servers/Stable-17baf841131aa23349f217ca7c570c76ee87b957/server/out/vs/workbench/api/node/extensionHostProcess.js:115:11921)
	at file:///scratch/users/badreldeen/.vscode-server/cli/servers/Stable-17baf841131aa23349f217ca7c570c76ee87b957/server/out/vs/workbench/api/node/extensionHostProcess.js:115:9876
	at Array.map (<anonymous>)
	at vV.$ (file:///scratch/users/badreldeen/.vscode-server/cli/servers/Stable-17baf841131aa23349f217ca7c570c76ee87b957/server/out/vs/workbench/api/node/extensionHostProcess.js:115:9864)
	at vV.terminate (file:///scratch/users/badreldeen/.vscode-server/cli/servers/Stable-17baf841131aa23349f217ca7c570c76ee87b957/server/out/vs/workbench/api/node/extensionHostProcess.js:115:10107)
	at oP.terminate (file:///scratch/users/badreldeen/.vscode-server/cli/servers/Stable-17baf841131aa23349f217ca7c570c76ee87b957/server/out/vs/workbench/api/node/extensionHostProcess.js:116:1434)
	at es (file:///scratch/users/badreldeen/.vscode-server/cli/servers/Stable-17baf841131aa23349f217ca7c570c76ee87b957/server/out/vs/workbench/api/node/extensionHostProcess.js:197:5701)
	at s6.a (file:///scratch/users/badreldeen/.vscode-server/cli/servers/Stable-17baf841131aa23349f217ca7c570c76ee87b957/server/out/vs/workbench/api/node/extensionHostProcess.js:197:2553)
	at s6.h (file:///scratch/users/badreldeen/.vscode-server/cli/servers/Stable-17baf841131aa23349f217ca7c570c76ee87b957/server/out/vs/workbench/api/node/extensionHostProcess.js:28:75468)
	at listOnTimeout (node:internal/timers:581:17)
	at process.processTimers (node:internal/timers:519:7) setContext undefined
2025-04-29 15:14:53.605 [error] Canceled: Canceled
	at new HR (file:///scratch/users/badreldeen/.vscode-server/cli/servers/Stable-17baf841131aa23349f217ca7c570c76ee87b957/server/out/vs/workbench/api/node/extensionHostProcess.js:29:156308)
	at i4.U (file:///scratch/users/badreldeen/.vscode-server/cli/servers/Stable-17baf841131aa23349f217ca7c570c76ee87b957/server/out/vs/workbench/api/node/extensionHostProcess.js:29:160919)
	at s.<computed>.n.charCodeAt.s.<computed> (file:///scratch/users/badreldeen/.vscode-server/cli/servers/Stable-17baf841131aa23349f217ca7c570c76ee87b957/server/out/vs/workbench/api/node/extensionHostProcess.js:29:158413)
	at vw.g (file:///scratch/users/badreldeen/.vscode-server/cli/servers/Stable-17baf841131aa23349f217ca7c570c76ee87b957/server/out/vs/workbench/api/node/extensionHostProcess.js:111:40983)
	at vw.executeCommand (file:///scratch/users/badreldeen/.vscode-server/cli/servers/Stable-17baf841131aa23349f217ca7c570c76ee87b957/server/out/vs/workbench/api/node/extensionHostProcess.js:111:40487)
	at r.registerCommand.description (file:///scratch/users/badreldeen/.vscode-server/cli/servers/Stable-17baf841131aa23349f217ca7c570c76ee87b957/server/out/vs/workbench/api/node/extensionHostProcess.js:111:39817)
	at vw.h (file:///scratch/users/badreldeen/.vscode-server/cli/servers/Stable-17baf841131aa23349f217ca7c570c76ee87b957/server/out/vs/workbench/api/node/extensionHostProcess.js:111:41503)
	at vw.g (file:///scratch/users/badreldeen/.vscode-server/cli/servers/Stable-17baf841131aa23349f217ca7c570c76ee87b957/server/out/vs/workbench/api/node/extensionHostProcess.js:111:40580)
	at vw.executeCommand (file:///scratch/users/badreldeen/.vscode-server/cli/servers/Stable-17baf841131aa23349f217ca7c570c76ee87b957/server/out/vs/workbench/api/node/extensionHostProcess.js:111:40487)
	at Object.executeCommand (file:///scratch/users/badreldeen/.vscode-server/cli/servers/Stable-17baf841131aa23349f217ca7c570c76ee87b957/server/out/vs/workbench/api/node/extensionHostProcess.js:173:30346)
	at set hasGitHubRepositories [as hasGitHubRepositories] (/scratch/users/badreldeen/.vscode-server/cli/servers/Stable-17baf841131aa23349f217ca7c570c76ee87b957/server/extensions/github/dist/extension.js:2:217805)
	at /scratch/users/badreldeen/.vscode-server/cli/servers/Stable-17baf841131aa23349f217ca7c570c76ee87b957/server/extensions/github/dist/extension.js:2:218764
	at Ah.value (/scratch/users/badreldeen/.vscode-server/cli/servers/Stable-17baf841131aa23349f217ca7c570c76ee87b957/server/extensions/git/dist/main.js:2:631688)
	at P.B (file:///scratch/users/badreldeen/.vscode-server/cli/servers/Stable-17baf841131aa23349f217ca7c570c76ee87b957/server/out/vs/workbench/api/node/extensionHostProcess.js:27:2375)
	at P.C (file:///scratch/users/badreldeen/.vscode-server/cli/servers/Stable-17baf841131aa23349f217ca7c570c76ee87b957/server/out/vs/workbench/api/node/extensionHostProcess.js:27:2445)
	at P.fire (file:///scratch/users/badreldeen/.vscode-server/cli/servers/Stable-17baf841131aa23349f217ca7c570c76ee87b957/server/out/vs/workbench/api/node/extensionHostProcess.js:27:2662)
	at Object.g [as dispose] (/scratch/users/badreldeen/.vscode-server/cli/servers/Stable-17baf841131aa23349f217ca7c570c76ee87b957/server/extensions/git/dist/main.js:2:534449)
	at /scratch/users/badreldeen/.vscode-server/cli/servers/Stable-17baf841131aa23349f217ca7c570c76ee87b957/server/extensions/git/dist/main.js:2:540767
	at Array.forEach (<anonymous>)
	at b.dispose (/scratch/users/badreldeen/.vscode-server/cli/servers/Stable-17baf841131aa23349f217ca7c570c76ee87b957/server/extensions/git/dist/main.js:2:540753)
	at iv.<anonymous> (file:///scratch/users/badreldeen/.vscode-server/cli/servers/Stable-17baf841131aa23349f217ca7c570c76ee87b957/server/out/vs/workbench/api/node/extensionHostProcess.js:107:8922)
	at iv.dispose (file:///scratch/users/badreldeen/.vscode-server/cli/servers/Stable-17baf841131aa23349f217ca7c570c76ee87b957/server/out/vs/workbench/api/node/extensionHostProcess.js:107:9018)
	at iv.<anonymous> (/scratch/users/badreldeen/.vscode-server/cli/servers/Stable-17baf841131aa23349f217ca7c570c76ee87b957/server/extensions/git/dist/main.js:2:514293)
	at iv.dispose (file:///scratch/users/badreldeen/.vscode-server/cli/servers/Stable-17baf841131aa23349f217ca7c570c76ee87b957/server/out/vs/workbench/api/node/extensionHostProcess.js:107:9018)
	at pi (file:///scratch/users/badreldeen/.vscode-server/cli/servers/Stable-17baf841131aa23349f217ca7c570c76ee87b957/server/out/vs/workbench/api/node/extensionHostProcess.js:25:701)
	at file:///scratch/users/badreldeen/.vscode-server/cli/servers/Stable-17baf841131aa23349f217ca7c570c76ee87b957/server/out/vs/workbench/api/node/extensionHostProcess.js:115:14994
	at file:///scratch/users/badreldeen/.vscode-server/cli/servers/Stable-17baf841131aa23349f217ca7c570c76ee87b957/server/out/vs/workbench/api/node/extensionHostProcess.js:25:1011
	at Object.dispose (file:///scratch/users/badreldeen/.vscode-server/cli/servers/Stable-17baf841131aa23349f217ca7c570c76ee87b957/server/out/vs/workbench/api/node/extensionHostProcess.js:8:705)
	at vV.eb (file:///scratch/users/badreldeen/.vscode-server/cli/servers/Stable-17baf841131aa23349f217ca7c570c76ee87b957/server/out/vs/workbench/api/node/extensionHostProcess.js:115:11921)
	at file:///scratch/users/badreldeen/.vscode-server/cli/servers/Stable-17baf841131aa23349f217ca7c570c76ee87b957/server/out/vs/workbench/api/node/extensionHostProcess.js:115:9876
	at Array.map (<anonymous>)
	at vV.$ (file:///scratch/users/badreldeen/.vscode-server/cli/servers/Stable-17baf841131aa23349f217ca7c570c76ee87b957/server/out/vs/workbench/api/node/extensionHostProcess.js:115:9864)
	at vV.terminate (file:///scratch/users/badreldeen/.vscode-server/cli/servers/Stable-17baf841131aa23349f217ca7c570c76ee87b957/server/out/vs/workbench/api/node/extensionHostProcess.js:115:10107)
	at oP.terminate (file:///scratch/users/badreldeen/.vscode-server/cli/servers/Stable-17baf841131aa23349f217ca7c570c76ee87b957/server/out/vs/workbench/api/node/extensionHostProcess.js:116:1434)
	at es (file:///scratch/users/badreldeen/.vscode-server/cli/servers/Stable-17baf841131aa23349f217ca7c570c76ee87b957/server/out/vs/workbench/api/node/extensionHostProcess.js:197:5701)
	at s6.a (file:///scratch/users/badreldeen/.vscode-server/cli/servers/Stable-17baf841131aa23349f217ca7c570c76ee87b957/server/out/vs/workbench/api/node/extensionHostProcess.js:197:2553)
	at s6.h (file:///scratch/users/badreldeen/.vscode-server/cli/servers/Stable-17baf841131aa23349f217ca7c570c76ee87b957/server/out/vs/workbench/api/node/extensionHostProcess.js:28:75468)
	at listOnTimeout (node:internal/timers:581:17)
	at process.processTimers (node:internal/timers:519:7) setContext undefined
2025-04-29 15:14:53.605 [info] Extension host with pid 3876150 exiting with code 0
