2025-04-27 11:29:45.145 [info] Extension host with pid 2298379 started
2025-04-27 11:29:45.150 [info] Lock '/scratch/users/badreldeen/.vscode-server/data/User/workspaceStorage/1bd1f1e401fc8832d883fab89892f06c/vscode.lock': Lock acquired.
2025-04-27 11:29:45.336 [info] ExtensionService#_doActivateExtension vscode.emmet, startup: false, activationEvent: 'onLanguage'
2025-04-27 11:29:45.337 [info] ExtensionService#_doActivateExtension vscode.git-base, startup: false, activationEvent: '*', root cause: vscode.git
2025-04-27 11:29:45.728 [info] ExtensionService#_doActivateExtension vscode.git, startup: false, activationEvent: '*'
2025-04-27 11:29:45.728 [info] ExtensionService#_doActivateExtension vscode.github, startup: false, activationEvent: '*'
2025-04-27 11:29:45.980 [info] Eager extensions activated
2025-04-27 11:29:45.980 [info] ExtensionService#_doActivateExtension vscode.debug-auto-launch, startup: false, activationEvent: 'onStartupFinished'
2025-04-27 11:29:45.981 [info] ExtensionService#_doActivateExtension vscode.merge-conflict, startup: false, activationEvent: 'onStartupFinished'
2025-04-27 11:29:46.223 [warning] [Decorations] CAPPING events from decorations provider vscode.git 6600
2025-04-27 11:29:47.371 [warning] [Decorations] CAPPING events from decorations provider vscode.git 6602
2025-04-27 11:29:58.692 [warning] [Decorations] CAPPING events from decorations provider vscode.git 6602
2025-04-27 11:30:13.560 [warning] [Decorations] CAPPING events from decorations provider vscode.git 6591
2025-04-27 11:35:48.325 [warning] [Decorations] CAPPING events from decorations provider vscode.git 6591
2025-04-27 11:35:53.583 [warning] [Decorations] CAPPING events from decorations provider vscode.git 6591
2025-04-27 11:45:40.373 [warning] [Decorations] CAPPING events from decorations provider vscode.git 6591
2025-04-27 11:45:45.638 [warning] [Decorations] CAPPING events from decorations provider vscode.git 6591
2025-04-27 11:46:00.474 [warning] [Decorations] CAPPING events from decorations provider vscode.git 6591
2025-04-27 15:04:10.209 [info] Extension host terminating: renderer disconnected for too long (1)
2025-04-27 15:04:10.211 [info] Lock '/scratch/users/badreldeen/.vscode-server/data/User/workspaceStorage/1bd1f1e401fc8832d883fab89892f06c/vscode.lock': Marking the lockfile as scheduled to be released in 6000 ms.
2025-04-27 15:04:10.290 [error] Canceled: Canceled
	at new HR (file:///scratch/users/badreldeen/.vscode-server/cli/servers/Stable-17baf841131aa23349f217ca7c570c76ee87b957/server/out/vs/workbench/api/node/extensionHostProcess.js:29:156308)
	at i4.U (file:///scratch/users/badreldeen/.vscode-server/cli/servers/Stable-17baf841131aa23349f217ca7c570c76ee87b957/server/out/vs/workbench/api/node/extensionHostProcess.js:29:160919)
	at s.<computed>.n.charCodeAt.s.<computed> (file:///scratch/users/badreldeen/.vscode-server/cli/servers/Stable-17baf841131aa23349f217ca7c570c76ee87b957/server/out/vs/workbench/api/node/extensionHostProcess.js:29:158413)
	at vw.g (file:///scratch/users/badreldeen/.vscode-server/cli/servers/Stable-17baf841131aa23349f217ca7c570c76ee87b957/server/out/vs/workbench/api/node/extensionHostProcess.js:111:40983)
	at vw.executeCommand (file:///scratch/users/badreldeen/.vscode-server/cli/servers/Stable-17baf841131aa23349f217ca7c570c76ee87b957/server/out/vs/workbench/api/node/extensionHostProcess.js:111:40487)
	at r.registerCommand.description (file:///scratch/users/badreldeen/.vscode-server/cli/servers/Stable-17baf841131aa23349f217ca7c570c76ee87b957/server/out/vs/workbench/api/node/extensionHostProcess.js:111:39817)
	at vw.h (file:///scratch/users/badreldeen/.vscode-server/cli/servers/Stable-17baf841131aa23349f217ca7c570c76ee87b957/server/out/vs/workbench/api/node/extensionHostProcess.js:111:41503)
	at vw.g (file:///scratch/users/badreldeen/.vscode-server/cli/servers/Stable-17baf841131aa23349f217ca7c570c76ee87b957/server/out/vs/workbench/api/node/extensionHostProcess.js:111:40580)
	at vw.executeCommand (file:///scratch/users/badreldeen/.vscode-server/cli/servers/Stable-17baf841131aa23349f217ca7c570c76ee87b957/server/out/vs/workbench/api/node/extensionHostProcess.js:111:40487)
	at Object.executeCommand (file:///scratch/users/badreldeen/.vscode-server/cli/servers/Stable-17baf841131aa23349f217ca7c570c76ee87b957/server/out/vs/workbench/api/node/extensionHostProcess.js:173:30346)
	at Ah.L [as value] (/scratch/users/badreldeen/.vscode-server/cli/servers/Stable-17baf841131aa23349f217ca7c570c76ee87b957/server/extensions/git/dist/main.js:2:511809)
	at P.B (file:///scratch/users/badreldeen/.vscode-server/cli/servers/Stable-17baf841131aa23349f217ca7c570c76ee87b957/server/out/vs/workbench/api/node/extensionHostProcess.js:27:2375)
	at P.C (file:///scratch/users/badreldeen/.vscode-server/cli/servers/Stable-17baf841131aa23349f217ca7c570c76ee87b957/server/out/vs/workbench/api/node/extensionHostProcess.js:27:2445)
	at P.fire (file:///scratch/users/badreldeen/.vscode-server/cli/servers/Stable-17baf841131aa23349f217ca7c570c76ee87b957/server/out/vs/workbench/api/node/extensionHostProcess.js:27:2662)
	at Object.g [as dispose] (/scratch/users/badreldeen/.vscode-server/cli/servers/Stable-17baf841131aa23349f217ca7c570c76ee87b957/server/extensions/git/dist/main.js:2:534449)
	at /scratch/users/badreldeen/.vscode-server/cli/servers/Stable-17baf841131aa23349f217ca7c570c76ee87b957/server/extensions/git/dist/main.js:2:540767
	at Array.forEach (<anonymous>)
	at b.dispose (/scratch/users/badreldeen/.vscode-server/cli/servers/Stable-17baf841131aa23349f217ca7c570c76ee87b957/server/extensions/git/dist/main.js:2:540753)
	at iv.<anonymous> (file:///scratch/users/badreldeen/.vscode-server/cli/servers/Stable-17baf841131aa23349f217ca7c570c76ee87b957/server/out/vs/workbench/api/node/extensionHostProcess.js:107:8922)
	at iv.dispose (file:///scratch/users/badreldeen/.vscode-server/cli/servers/Stable-17baf841131aa23349f217ca7c570c76ee87b957/server/out/vs/workbench/api/node/extensionHostProcess.js:107:9018)
	at iv.<anonymous> (/scratch/users/badreldeen/.vscode-server/cli/servers/Stable-17baf841131aa23349f217ca7c570c76ee87b957/server/extensions/git/dist/main.js:2:514293)
	at iv.dispose (file:///scratch/users/badreldeen/.vscode-server/cli/servers/Stable-17baf841131aa23349f217ca7c570c76ee87b957/server/out/vs/workbench/api/node/extensionHostProcess.js:107:9018)
	at pi (file:///scratch/users/badreldeen/.vscode-server/cli/servers/Stable-17baf841131aa23349f217ca7c570c76ee87b957/server/out/vs/workbench/api/node/extensionHostProcess.js:25:701)
	at file:///scratch/users/badreldeen/.vscode-server/cli/servers/Stable-17baf841131aa23349f217ca7c570c76ee87b957/server/out/vs/workbench/api/node/extensionHostProcess.js:115:14994
	at file:///scratch/users/badreldeen/.vscode-server/cli/servers/Stable-17baf841131aa23349f217ca7c570c76ee87b957/server/out/vs/workbench/api/node/extensionHostProcess.js:25:1011
	at Object.dispose (file:///scratch/users/badreldeen/.vscode-server/cli/servers/Stable-17baf841131aa23349f217ca7c570c76ee87b957/server/out/vs/workbench/api/node/extensionHostProcess.js:8:705)
	at vV.eb (file:///scratch/users/badreldeen/.vscode-server/cli/servers/Stable-17baf841131aa23349f217ca7c570c76ee87b957/server/out/vs/workbench/api/node/extensionHostProcess.js:115:11921)
	at file:///scratch/users/badreldeen/.vscode-server/cli/servers/Stable-17baf841131aa23349f217ca7c570c76ee87b957/server/out/vs/workbench/api/node/extensionHostProcess.js:115:9876
	at Array.map (<anonymous>)
	at vV.$ (file:///scratch/users/badreldeen/.vscode-server/cli/servers/Stable-17baf841131aa23349f217ca7c570c76ee87b957/server/out/vs/workbench/api/node/extensionHostProcess.js:115:9864)
	at vV.terminate (file:///scratch/users/badreldeen/.vscode-server/cli/servers/Stable-17baf841131aa23349f217ca7c570c76ee87b957/server/out/vs/workbench/api/node/extensionHostProcess.js:115:10107)
	at oP.terminate (file:///scratch/users/badreldeen/.vscode-server/cli/servers/Stable-17baf841131aa23349f217ca7c570c76ee87b957/server/out/vs/workbench/api/node/extensionHostProcess.js:116:1434)
	at es (file:///scratch/users/badreldeen/.vscode-server/cli/servers/Stable-17baf841131aa23349f217ca7c570c76ee87b957/server/out/vs/workbench/api/node/extensionHostProcess.js:197:5701)
	at s6.a (file:///scratch/users/badreldeen/.vscode-server/cli/servers/Stable-17baf841131aa23349f217ca7c570c76ee87b957/server/out/vs/workbench/api/node/extensionHostProcess.js:197:2553)
	at s6.h (file:///scratch/users/badreldeen/.vscode-server/cli/servers/Stable-17baf841131aa23349f217ca7c570c76ee87b957/server/out/vs/workbench/api/node/extensionHostProcess.js:28:75468)
	at listOnTimeout (node:internal/timers:581:17)
	at process.processTimers (node:internal/timers:519:7) setContext undefined
2025-04-27 15:04:10.292 [error] Canceled: Canceled
	at new HR (file:///scratch/users/badreldeen/.vscode-server/cli/servers/Stable-17baf841131aa23349f217ca7c570c76ee87b957/server/out/vs/workbench/api/node/extensionHostProcess.js:29:156308)
	at i4.U (file:///scratch/users/badreldeen/.vscode-server/cli/servers/Stable-17baf841131aa23349f217ca7c570c76ee87b957/server/out/vs/workbench/api/node/extensionHostProcess.js:29:160919)
	at s.<computed>.n.charCodeAt.s.<computed> (file:///scratch/users/badreldeen/.vscode-server/cli/servers/Stable-17baf841131aa23349f217ca7c570c76ee87b957/server/out/vs/workbench/api/node/extensionHostProcess.js:29:158413)
	at vw.g (file:///scratch/users/badreldeen/.vscode-server/cli/servers/Stable-17baf841131aa23349f217ca7c570c76ee87b957/server/out/vs/workbench/api/node/extensionHostProcess.js:111:40983)
	at vw.executeCommand (file:///scratch/users/badreldeen/.vscode-server/cli/servers/Stable-17baf841131aa23349f217ca7c570c76ee87b957/server/out/vs/workbench/api/node/extensionHostProcess.js:111:40487)
	at r.registerCommand.description (file:///scratch/users/badreldeen/.vscode-server/cli/servers/Stable-17baf841131aa23349f217ca7c570c76ee87b957/server/out/vs/workbench/api/node/extensionHostProcess.js:111:39817)
	at vw.h (file:///scratch/users/badreldeen/.vscode-server/cli/servers/Stable-17baf841131aa23349f217ca7c570c76ee87b957/server/out/vs/workbench/api/node/extensionHostProcess.js:111:41503)
	at vw.g (file:///scratch/users/badreldeen/.vscode-server/cli/servers/Stable-17baf841131aa23349f217ca7c570c76ee87b957/server/out/vs/workbench/api/node/extensionHostProcess.js:111:40580)
	at vw.executeCommand (file:///scratch/users/badreldeen/.vscode-server/cli/servers/Stable-17baf841131aa23349f217ca7c570c76ee87b957/server/out/vs/workbench/api/node/extensionHostProcess.js:111:40487)
	at Object.executeCommand (file:///scratch/users/badreldeen/.vscode-server/cli/servers/Stable-17baf841131aa23349f217ca7c570c76ee87b957/server/out/vs/workbench/api/node/extensionHostProcess.js:173:30346)
	at set hasGitHubRepositories [as hasGitHubRepositories] (/scratch/users/badreldeen/.vscode-server/cli/servers/Stable-17baf841131aa23349f217ca7c570c76ee87b957/server/extensions/github/dist/extension.js:2:217805)
	at /scratch/users/badreldeen/.vscode-server/cli/servers/Stable-17baf841131aa23349f217ca7c570c76ee87b957/server/extensions/github/dist/extension.js:2:218764
	at Ah.value (/scratch/users/badreldeen/.vscode-server/cli/servers/Stable-17baf841131aa23349f217ca7c570c76ee87b957/server/extensions/git/dist/main.js:2:631688)
	at P.B (file:///scratch/users/badreldeen/.vscode-server/cli/servers/Stable-17baf841131aa23349f217ca7c570c76ee87b957/server/out/vs/workbench/api/node/extensionHostProcess.js:27:2375)
	at P.C (file:///scratch/users/badreldeen/.vscode-server/cli/servers/Stable-17baf841131aa23349f217ca7c570c76ee87b957/server/out/vs/workbench/api/node/extensionHostProcess.js:27:2445)
	at P.fire (file:///scratch/users/badreldeen/.vscode-server/cli/servers/Stable-17baf841131aa23349f217ca7c570c76ee87b957/server/out/vs/workbench/api/node/extensionHostProcess.js:27:2662)
	at Object.g [as dispose] (/scratch/users/badreldeen/.vscode-server/cli/servers/Stable-17baf841131aa23349f217ca7c570c76ee87b957/server/extensions/git/dist/main.js:2:534449)
	at /scratch/users/badreldeen/.vscode-server/cli/servers/Stable-17baf841131aa23349f217ca7c570c76ee87b957/server/extensions/git/dist/main.js:2:540767
	at Array.forEach (<anonymous>)
	at b.dispose (/scratch/users/badreldeen/.vscode-server/cli/servers/Stable-17baf841131aa23349f217ca7c570c76ee87b957/server/extensions/git/dist/main.js:2:540753)
	at iv.<anonymous> (file:///scratch/users/badreldeen/.vscode-server/cli/servers/Stable-17baf841131aa23349f217ca7c570c76ee87b957/server/out/vs/workbench/api/node/extensionHostProcess.js:107:8922)
	at iv.dispose (file:///scratch/users/badreldeen/.vscode-server/cli/servers/Stable-17baf841131aa23349f217ca7c570c76ee87b957/server/out/vs/workbench/api/node/extensionHostProcess.js:107:9018)
	at iv.<anonymous> (/scratch/users/badreldeen/.vscode-server/cli/servers/Stable-17baf841131aa23349f217ca7c570c76ee87b957/server/extensions/git/dist/main.js:2:514293)
	at iv.dispose (file:///scratch/users/badreldeen/.vscode-server/cli/servers/Stable-17baf841131aa23349f217ca7c570c76ee87b957/server/out/vs/workbench/api/node/extensionHostProcess.js:107:9018)
	at pi (file:///scratch/users/badreldeen/.vscode-server/cli/servers/Stable-17baf841131aa23349f217ca7c570c76ee87b957/server/out/vs/workbench/api/node/extensionHostProcess.js:25:701)
	at file:///scratch/users/badreldeen/.vscode-server/cli/servers/Stable-17baf841131aa23349f217ca7c570c76ee87b957/server/out/vs/workbench/api/node/extensionHostProcess.js:115:14994
	at file:///scratch/users/badreldeen/.vscode-server/cli/servers/Stable-17baf841131aa23349f217ca7c570c76ee87b957/server/out/vs/workbench/api/node/extensionHostProcess.js:25:1011
	at Object.dispose (file:///scratch/users/badreldeen/.vscode-server/cli/servers/Stable-17baf841131aa23349f217ca7c570c76ee87b957/server/out/vs/workbench/api/node/extensionHostProcess.js:8:705)
	at vV.eb (file:///scratch/users/badreldeen/.vscode-server/cli/servers/Stable-17baf841131aa23349f217ca7c570c76ee87b957/server/out/vs/workbench/api/node/extensionHostProcess.js:115:11921)
	at file:///scratch/users/badreldeen/.vscode-server/cli/servers/Stable-17baf841131aa23349f217ca7c570c76ee87b957/server/out/vs/workbench/api/node/extensionHostProcess.js:115:9876
	at Array.map (<anonymous>)
	at vV.$ (file:///scratch/users/badreldeen/.vscode-server/cli/servers/Stable-17baf841131aa23349f217ca7c570c76ee87b957/server/out/vs/workbench/api/node/extensionHostProcess.js:115:9864)
	at vV.terminate (file:///scratch/users/badreldeen/.vscode-server/cli/servers/Stable-17baf841131aa23349f217ca7c570c76ee87b957/server/out/vs/workbench/api/node/extensionHostProcess.js:115:10107)
	at oP.terminate (file:///scratch/users/badreldeen/.vscode-server/cli/servers/Stable-17baf841131aa23349f217ca7c570c76ee87b957/server/out/vs/workbench/api/node/extensionHostProcess.js:116:1434)
	at es (file:///scratch/users/badreldeen/.vscode-server/cli/servers/Stable-17baf841131aa23349f217ca7c570c76ee87b957/server/out/vs/workbench/api/node/extensionHostProcess.js:197:5701)
	at s6.a (file:///scratch/users/badreldeen/.vscode-server/cli/servers/Stable-17baf841131aa23349f217ca7c570c76ee87b957/server/out/vs/workbench/api/node/extensionHostProcess.js:197:2553)
	at s6.h (file:///scratch/users/badreldeen/.vscode-server/cli/servers/Stable-17baf841131aa23349f217ca7c570c76ee87b957/server/out/vs/workbench/api/node/extensionHostProcess.js:28:75468)
	at listOnTimeout (node:internal/timers:581:17)
	at process.processTimers (node:internal/timers:519:7) setContext undefined
2025-04-27 15:04:10.292 [info] Extension host with pid 2298379 exiting with code 0
