2025-04-25 12:19:02.606 [info] Extension host with pid 711236 started
2025-04-25 12:19:02.606 [error] Error: EEXIST: file already exists, open '/scratch/users/badreldeen/.vscode-server/data/User/workspaceStorage/1bd1f1e401fc8832d883fab89892f06c/vscode.lock'
2025-04-25 12:19:02.608 [info] Lock '/scratch/users/badreldeen/.vscode-server/data/User/workspaceStorage/1bd1f1e401fc8832d883fab89892f06c/vscode.lock': Could not acquire lock, checking if the file is stale.
2025-04-25 12:19:02.613 [info] Lock '/scratch/users/badreldeen/.vscode-server/data/User/workspaceStorage/1bd1f1e401fc8832d883fab89892f06c/vscode.lock': The lock does not look stale, elapsed: 627 ms, giving up.
2025-04-25 12:19:02.620 [info] Lock '/scratch/users/badreldeen/.vscode-server/data/User/workspaceStorage/1bd1f1e401fc8832d883fab89892f06c-1/vscode.lock': Lock acquired.
2025-04-25 12:19:02.828 [info] ExtensionService#_doActivateExtension vscode.git-base, startup: false, activationEvent: '*', root cause: vscode.git
2025-04-25 12:19:02.830 [info] ExtensionService#_doActivateExtension vscode.emmet, startup: false, activationEvent: 'onLanguage'
2025-04-25 12:19:02.999 [info] ExtensionService#_doActivateExtension vscode.git, startup: false, activationEvent: '*'
2025-04-25 12:19:03.000 [info] ExtensionService#_doActivateExtension vscode.github, startup: false, activationEvent: '*'
2025-04-25 12:19:03.256 [info] Eager extensions activated
2025-04-25 12:19:03.257 [info] ExtensionService#_doActivateExtension vscode.debug-auto-launch, startup: false, activationEvent: 'onStartupFinished'
2025-04-25 12:19:03.257 [info] ExtensionService#_doActivateExtension vscode.merge-conflict, startup: false, activationEvent: 'onStartupFinished'
2025-04-25 12:19:03.555 [warning] [Decorations] CAPPING events from decorations provider vscode.git 6592
2025-04-25 12:19:04.800 [warning] [Decorations] CAPPING events from decorations provider vscode.git 6594
2025-04-25 12:24:04.349 [warning] [Decorations] CAPPING events from decorations provider vscode.git 6595
2025-04-25 12:24:10.698 [warning] [Decorations] CAPPING events from decorations provider vscode.git 6593
2025-04-25 12:24:15.965 [warning] [Decorations] CAPPING events from decorations provider vscode.git 6593
2025-04-25 12:24:21.160 [warning] [Decorations] CAPPING events from decorations provider vscode.git 6593
2025-04-25 12:24:26.417 [warning] [Decorations] CAPPING events from decorations provider vscode.git 6593
2025-04-25 12:24:31.696 [warning] [Decorations] CAPPING events from decorations provider vscode.git 6593
2025-04-25 12:24:36.951 [warning] [Decorations] CAPPING events from decorations provider vscode.git 6593
2025-04-25 12:24:42.203 [warning] [Decorations] CAPPING events from decorations provider vscode.git 6593
2025-04-25 12:24:47.457 [warning] [Decorations] CAPPING events from decorations provider vscode.git 6593
2025-04-25 12:24:52.675 [warning] [Decorations] CAPPING events from decorations provider vscode.git 6593
2025-04-25 12:24:57.865 [warning] [Decorations] CAPPING events from decorations provider vscode.git 6593
2025-04-25 12:25:03.050 [warning] [Decorations] CAPPING events from decorations provider vscode.git 6593
2025-04-25 12:25:08.229 [warning] [Decorations] CAPPING events from decorations provider vscode.git 6593
2025-04-25 12:25:13.481 [warning] [Decorations] CAPPING events from decorations provider vscode.git 6593
2025-04-25 12:25:18.724 [warning] [Decorations] CAPPING events from decorations provider vscode.git 6593
2025-04-25 12:25:23.984 [warning] [Decorations] CAPPING events from decorations provider vscode.git 6593
2025-04-25 12:25:29.261 [warning] [Decorations] CAPPING events from decorations provider vscode.git 6593
2025-04-25 12:25:34.525 [warning] [Decorations] CAPPING events from decorations provider vscode.git 6593
2025-04-25 12:25:39.774 [warning] [Decorations] CAPPING events from decorations provider vscode.git 6593
2025-04-25 12:25:45.022 [warning] [Decorations] CAPPING events from decorations provider vscode.git 6593
2025-04-25 12:25:50.274 [warning] [Decorations] CAPPING events from decorations provider vscode.git 6593
2025-04-25 12:25:55.540 [warning] [Decorations] CAPPING events from decorations provider vscode.git 6593
2025-04-25 12:26:00.757 [warning] [Decorations] CAPPING events from decorations provider vscode.git 6593
2025-04-25 12:26:06.014 [warning] [Decorations] CAPPING events from decorations provider vscode.git 6593
2025-04-25 12:26:11.275 [warning] [Decorations] CAPPING events from decorations provider vscode.git 6593
2025-04-25 12:26:16.522 [warning] [Decorations] CAPPING events from decorations provider vscode.git 6593
2025-04-25 12:26:21.743 [warning] [Decorations] CAPPING events from decorations provider vscode.git 6593
2025-04-25 12:26:26.993 [warning] [Decorations] CAPPING events from decorations provider vscode.git 6593
2025-04-25 12:26:32.253 [warning] [Decorations] CAPPING events from decorations provider vscode.git 6593
2025-04-25 12:26:37.509 [warning] [Decorations] CAPPING events from decorations provider vscode.git 6593
2025-04-25 12:26:42.742 [warning] [Decorations] CAPPING events from decorations provider vscode.git 6593
2025-04-25 12:26:47.992 [warning] [Decorations] CAPPING events from decorations provider vscode.git 6593
2025-04-25 12:26:53.252 [warning] [Decorations] CAPPING events from decorations provider vscode.git 6593
2025-04-25 12:26:58.476 [warning] [Decorations] CAPPING events from decorations provider vscode.git 6593
2025-04-25 12:27:03.727 [warning] [Decorations] CAPPING events from decorations provider vscode.git 6593
2025-04-25 12:27:08.984 [warning] [Decorations] CAPPING events from decorations provider vscode.git 6593
2025-04-25 12:27:14.237 [warning] [Decorations] CAPPING events from decorations provider vscode.git 6593
2025-04-25 12:27:19.489 [warning] [Decorations] CAPPING events from decorations provider vscode.git 6593
2025-04-25 12:27:24.750 [warning] [Decorations] CAPPING events from decorations provider vscode.git 6593
2025-04-25 12:27:30.006 [warning] [Decorations] CAPPING events from decorations provider vscode.git 6593
2025-04-25 12:27:35.255 [warning] [Decorations] CAPPING events from decorations provider vscode.git 6593
2025-04-25 12:27:40.505 [warning] [Decorations] CAPPING events from decorations provider vscode.git 6593
2025-04-25 12:27:45.754 [warning] [Decorations] CAPPING events from decorations provider vscode.git 6593
2025-04-25 12:27:51.003 [warning] [Decorations] CAPPING events from decorations provider vscode.git 6593
2025-04-25 12:27:56.262 [warning] [Decorations] CAPPING events from decorations provider vscode.git 6593
2025-04-25 12:28:01.473 [warning] [Decorations] CAPPING events from decorations provider vscode.git 6593
2025-04-25 12:28:06.724 [warning] [Decorations] CAPPING events from decorations provider vscode.git 6593
2025-04-25 12:28:11.975 [warning] [Decorations] CAPPING events from decorations provider vscode.git 6593
2025-04-25 12:28:17.237 [warning] [Decorations] CAPPING events from decorations provider vscode.git 6593
2025-04-25 12:28:22.479 [warning] [Decorations] CAPPING events from decorations provider vscode.git 6593
2025-04-25 12:28:27.703 [warning] [Decorations] CAPPING events from decorations provider vscode.git 6593
2025-04-25 12:28:32.916 [warning] [Decorations] CAPPING events from decorations provider vscode.git 6593
2025-04-25 12:28:38.154 [warning] [Decorations] CAPPING events from decorations provider vscode.git 6593
2025-04-25 12:28:43.415 [warning] [Decorations] CAPPING events from decorations provider vscode.git 6593
2025-04-25 12:28:48.687 [warning] [Decorations] CAPPING events from decorations provider vscode.git 6593
2025-04-25 12:28:53.880 [warning] [Decorations] CAPPING events from decorations provider vscode.git 6593
2025-04-25 12:28:59.128 [warning] [Decorations] CAPPING events from decorations provider vscode.git 6593
2025-04-25 12:29:04.382 [warning] [Decorations] CAPPING events from decorations provider vscode.git 6593
2025-04-25 12:29:09.637 [warning] [Decorations] CAPPING events from decorations provider vscode.git 6593
2025-04-25 12:29:14.894 [warning] [Decorations] CAPPING events from decorations provider vscode.git 6593
2025-04-25 12:29:20.154 [warning] [Decorations] CAPPING events from decorations provider vscode.git 6593
2025-04-25 12:29:25.405 [warning] [Decorations] CAPPING events from decorations provider vscode.git 6593
2025-04-25 12:29:30.658 [warning] [Decorations] CAPPING events from decorations provider vscode.git 6593
2025-04-25 12:29:35.916 [warning] [Decorations] CAPPING events from decorations provider vscode.git 6593
2025-04-25 12:29:41.170 [warning] [Decorations] CAPPING events from decorations provider vscode.git 6593
2025-04-25 12:29:46.426 [warning] [Decorations] CAPPING events from decorations provider vscode.git 6593
2025-04-25 12:29:51.678 [warning] [Decorations] CAPPING events from decorations provider vscode.git 6593
2025-04-25 12:29:56.934 [warning] [Decorations] CAPPING events from decorations provider vscode.git 6593
2025-04-25 12:30:02.177 [warning] [Decorations] CAPPING events from decorations provider vscode.git 6593
2025-04-25 12:30:24.471 [warning] [Decorations] CAPPING events from decorations provider vscode.git 6593
2025-04-25 12:30:29.725 [warning] [Decorations] CAPPING events from decorations provider vscode.git 6593
2025-04-25 12:30:34.978 [warning] [Decorations] CAPPING events from decorations provider vscode.git 6593
2025-04-25 12:30:40.231 [warning] [Decorations] CAPPING events from decorations provider vscode.git 6593
2025-04-25 12:30:45.483 [warning] [Decorations] CAPPING events from decorations provider vscode.git 6593
2025-04-25 12:30:50.730 [warning] [Decorations] CAPPING events from decorations provider vscode.git 6593
2025-04-25 12:30:55.978 [warning] [Decorations] CAPPING events from decorations provider vscode.git 6593
2025-04-25 12:31:01.238 [warning] [Decorations] CAPPING events from decorations provider vscode.git 6593
2025-04-25 12:31:06.461 [warning] [Decorations] CAPPING events from decorations provider vscode.git 6593
2025-04-25 12:31:11.661 [warning] [Decorations] CAPPING events from decorations provider vscode.git 6593
2025-04-25 12:31:16.898 [warning] [Decorations] CAPPING events from decorations provider vscode.git 6593
2025-04-25 12:31:22.158 [warning] [Decorations] CAPPING events from decorations provider vscode.git 6593
2025-04-25 12:31:27.405 [warning] [Decorations] CAPPING events from decorations provider vscode.git 6593
2025-04-25 12:31:32.653 [warning] [Decorations] CAPPING events from decorations provider vscode.git 6593
2025-04-25 12:31:37.907 [warning] [Decorations] CAPPING events from decorations provider vscode.git 6593
2025-04-25 12:31:43.161 [warning] [Decorations] CAPPING events from decorations provider vscode.git 6593
2025-04-25 12:31:48.426 [warning] [Decorations] CAPPING events from decorations provider vscode.git 6593
2025-04-25 12:31:53.677 [warning] [Decorations] CAPPING events from decorations provider vscode.git 6593
2025-04-25 12:31:58.932 [warning] [Decorations] CAPPING events from decorations provider vscode.git 6593
2025-04-25 12:32:04.183 [warning] [Decorations] CAPPING events from decorations provider vscode.git 6593
2025-04-25 12:32:09.437 [warning] [Decorations] CAPPING events from decorations provider vscode.git 6593
2025-04-25 12:32:14.699 [warning] [Decorations] CAPPING events from decorations provider vscode.git 6593
2025-04-25 12:32:19.955 [warning] [Decorations] CAPPING events from decorations provider vscode.git 6593
2025-04-25 12:32:25.221 [warning] [Decorations] CAPPING events from decorations provider vscode.git 6593
2025-04-25 12:32:30.474 [warning] [Decorations] CAPPING events from decorations provider vscode.git 6593
2025-04-25 12:32:35.731 [warning] [Decorations] CAPPING events from decorations provider vscode.git 6593
2025-04-25 12:32:40.979 [warning] [Decorations] CAPPING events from decorations provider vscode.git 6593
2025-04-25 12:32:46.232 [warning] [Decorations] CAPPING events from decorations provider vscode.git 6593
2025-04-25 12:32:51.488 [warning] [Decorations] CAPPING events from decorations provider vscode.git 6593
2025-04-25 12:32:56.736 [warning] [Decorations] CAPPING events from decorations provider vscode.git 6593
2025-04-25 12:33:01.955 [warning] [Decorations] CAPPING events from decorations provider vscode.git 6593
2025-04-25 12:33:07.214 [warning] [Decorations] CAPPING events from decorations provider vscode.git 6593
2025-04-25 12:33:12.456 [warning] [Decorations] CAPPING events from decorations provider vscode.git 6593
2025-04-25 12:33:17.702 [warning] [Decorations] CAPPING events from decorations provider vscode.git 6593
2025-04-25 12:33:22.953 [warning] [Decorations] CAPPING events from decorations provider vscode.git 6593
2025-04-25 12:33:28.200 [warning] [Decorations] CAPPING events from decorations provider vscode.git 6593
2025-04-25 12:33:33.446 [warning] [Decorations] CAPPING events from decorations provider vscode.git 6593
2025-04-25 12:33:38.669 [warning] [Decorations] CAPPING events from decorations provider vscode.git 6593
2025-04-25 12:33:43.899 [warning] [Decorations] CAPPING events from decorations provider vscode.git 6593
2025-04-25 12:33:49.149 [warning] [Decorations] CAPPING events from decorations provider vscode.git 6593
2025-04-25 12:33:54.402 [warning] [Decorations] CAPPING events from decorations provider vscode.git 6593
2025-04-25 12:33:59.652 [warning] [Decorations] CAPPING events from decorations provider vscode.git 6593
2025-04-25 12:34:04.902 [warning] [Decorations] CAPPING events from decorations provider vscode.git 6593
2025-04-25 12:34:10.161 [warning] [Decorations] CAPPING events from decorations provider vscode.git 6593
2025-04-25 12:34:15.409 [warning] [Decorations] CAPPING events from decorations provider vscode.git 6593
2025-04-25 12:34:20.664 [warning] [Decorations] CAPPING events from decorations provider vscode.git 6593
2025-04-25 12:34:25.931 [warning] [Decorations] CAPPING events from decorations provider vscode.git 6593
2025-04-25 12:34:31.179 [warning] [Decorations] CAPPING events from decorations provider vscode.git 6593
2025-04-25 12:34:36.369 [warning] [Decorations] CAPPING events from decorations provider vscode.git 6593
2025-04-25 12:34:41.561 [warning] [Decorations] CAPPING events from decorations provider vscode.git 6593
2025-04-25 12:34:46.742 [warning] [Decorations] CAPPING events from decorations provider vscode.git 6593
2025-04-25 12:34:51.979 [warning] [Decorations] CAPPING events from decorations provider vscode.git 6593
2025-04-25 12:34:57.241 [warning] [Decorations] CAPPING events from decorations provider vscode.git 6593
2025-04-25 12:35:02.424 [warning] [Decorations] CAPPING events from decorations provider vscode.git 6593
2025-04-25 12:35:07.676 [warning] [Decorations] CAPPING events from decorations provider vscode.git 6593
2025-04-25 12:35:12.954 [warning] [Decorations] CAPPING events from decorations provider vscode.git 6593
2025-04-25 12:35:18.219 [warning] [Decorations] CAPPING events from decorations provider vscode.git 6593
2025-04-25 12:35:23.471 [warning] [Decorations] CAPPING events from decorations provider vscode.git 6593
2025-04-25 12:35:28.729 [warning] [Decorations] CAPPING events from decorations provider vscode.git 6593
2025-04-25 12:35:33.978 [warning] [Decorations] CAPPING events from decorations provider vscode.git 6593
2025-04-25 12:35:39.228 [warning] [Decorations] CAPPING events from decorations provider vscode.git 6593
2025-04-25 12:35:44.478 [warning] [Decorations] CAPPING events from decorations provider vscode.git 6593
2025-04-25 12:35:49.733 [warning] [Decorations] CAPPING events from decorations provider vscode.git 6593
2025-04-25 12:35:54.984 [warning] [Decorations] CAPPING events from decorations provider vscode.git 6593
2025-04-25 12:36:00.240 [warning] [Decorations] CAPPING events from decorations provider vscode.git 6593
2025-04-25 12:36:05.490 [warning] [Decorations] CAPPING events from decorations provider vscode.git 6593
2025-04-25 12:36:10.740 [warning] [Decorations] CAPPING events from decorations provider vscode.git 6593
2025-04-25 12:36:15.991 [warning] [Decorations] CAPPING events from decorations provider vscode.git 6593
2025-04-25 12:36:21.240 [warning] [Decorations] CAPPING events from decorations provider vscode.git 6593
2025-04-25 12:36:26.489 [warning] [Decorations] CAPPING events from decorations provider vscode.git 6593
2025-04-25 12:36:31.748 [warning] [Decorations] CAPPING events from decorations provider vscode.git 6593
2025-04-25 12:36:37.009 [warning] [Decorations] CAPPING events from decorations provider vscode.git 6593
2025-04-25 12:36:42.255 [warning] [Decorations] CAPPING events from decorations provider vscode.git 6593
2025-04-25 12:36:47.514 [warning] [Decorations] CAPPING events from decorations provider vscode.git 6593
2025-04-25 12:36:52.767 [warning] [Decorations] CAPPING events from decorations provider vscode.git 6593
2025-04-25 12:36:58.015 [warning] [Decorations] CAPPING events from decorations provider vscode.git 6593
2025-04-25 12:37:03.271 [warning] [Decorations] CAPPING events from decorations provider vscode.git 6593
2025-04-25 12:37:08.529 [warning] [Decorations] CAPPING events from decorations provider vscode.git 6593
2025-04-25 12:37:13.770 [warning] [Decorations] CAPPING events from decorations provider vscode.git 6593
2025-04-25 12:37:19.029 [warning] [Decorations] CAPPING events from decorations provider vscode.git 6593
2025-04-25 12:37:24.282 [warning] [Decorations] CAPPING events from decorations provider vscode.git 6593
2025-04-25 12:37:29.540 [warning] [Decorations] CAPPING events from decorations provider vscode.git 6593
2025-04-25 12:37:34.788 [warning] [Decorations] CAPPING events from decorations provider vscode.git 6593
2025-04-25 12:37:40.038 [warning] [Decorations] CAPPING events from decorations provider vscode.git 6593
2025-04-25 12:37:45.288 [warning] [Decorations] CAPPING events from decorations provider vscode.git 6593
2025-04-25 12:37:50.542 [warning] [Decorations] CAPPING events from decorations provider vscode.git 6593
2025-04-25 12:37:55.808 [warning] [Decorations] CAPPING events from decorations provider vscode.git 6593
2025-04-25 12:38:01.066 [warning] [Decorations] CAPPING events from decorations provider vscode.git 6593
2025-04-25 12:38:06.277 [warning] [Decorations] CAPPING events from decorations provider vscode.git 6593
2025-04-25 12:38:11.477 [warning] [Decorations] CAPPING events from decorations provider vscode.git 6593
2025-04-25 12:38:16.649 [warning] [Decorations] CAPPING events from decorations provider vscode.git 6593
2025-04-25 12:38:21.820 [warning] [Decorations] CAPPING events from decorations provider vscode.git 6593
2025-04-25 12:38:27.065 [warning] [Decorations] CAPPING events from decorations provider vscode.git 6593
2025-04-25 12:38:32.317 [warning] [Decorations] CAPPING events from decorations provider vscode.git 6593
2025-04-25 12:38:37.568 [warning] [Decorations] CAPPING events from decorations provider vscode.git 6593
2025-04-25 12:38:42.818 [warning] [Decorations] CAPPING events from decorations provider vscode.git 6593
2025-04-25 12:38:48.061 [warning] [Decorations] CAPPING events from decorations provider vscode.git 6593
2025-04-25 12:38:53.318 [warning] [Decorations] CAPPING events from decorations provider vscode.git 6593
2025-04-25 12:38:58.557 [warning] [Decorations] CAPPING events from decorations provider vscode.git 6593
2025-04-25 12:39:03.801 [warning] [Decorations] CAPPING events from decorations provider vscode.git 6593
2025-04-25 12:39:09.057 [warning] [Decorations] CAPPING events from decorations provider vscode.git 6593
2025-04-25 12:39:14.303 [warning] [Decorations] CAPPING events from decorations provider vscode.git 6593
2025-04-25 12:39:19.549 [warning] [Decorations] CAPPING events from decorations provider vscode.git 6593
2025-04-25 12:39:24.812 [warning] [Decorations] CAPPING events from decorations provider vscode.git 6593
2025-04-25 12:39:30.058 [warning] [Decorations] CAPPING events from decorations provider vscode.git 6593
2025-04-25 12:39:35.312 [warning] [Decorations] CAPPING events from decorations provider vscode.git 6593
2025-04-25 12:39:40.569 [warning] [Decorations] CAPPING events from decorations provider vscode.git 6593
2025-04-25 12:39:45.822 [warning] [Decorations] CAPPING events from decorations provider vscode.git 6593
2025-04-25 12:39:51.071 [warning] [Decorations] CAPPING events from decorations provider vscode.git 6593
2025-04-25 12:40:07.359 [warning] [Decorations] CAPPING events from decorations provider vscode.git 6593
2025-04-25 12:40:12.577 [warning] [Decorations] CAPPING events from decorations provider vscode.git 6593
2025-04-25 12:40:17.825 [warning] [Decorations] CAPPING events from decorations provider vscode.git 6593
2025-04-25 12:40:23.079 [warning] [Decorations] CAPPING events from decorations provider vscode.git 6593
2025-04-25 12:40:28.334 [warning] [Decorations] CAPPING events from decorations provider vscode.git 6593
2025-04-25 12:40:33.596 [warning] [Decorations] CAPPING events from decorations provider vscode.git 6593
2025-04-25 12:40:38.851 [warning] [Decorations] CAPPING events from decorations provider vscode.git 6593
2025-04-25 12:40:44.105 [warning] [Decorations] CAPPING events from decorations provider vscode.git 6593
2025-04-25 12:40:49.353 [warning] [Decorations] CAPPING events from decorations provider vscode.git 6593
2025-04-25 12:40:54.611 [warning] [Decorations] CAPPING events from decorations provider vscode.git 6593
2025-04-25 12:40:59.863 [warning] [Decorations] CAPPING events from decorations provider vscode.git 6593
2025-04-25 12:41:05.124 [warning] [Decorations] CAPPING events from decorations provider vscode.git 6593
2025-04-25 12:41:10.377 [warning] [Decorations] CAPPING events from decorations provider vscode.git 6593
2025-04-25 12:41:15.629 [warning] [Decorations] CAPPING events from decorations provider vscode.git 6593
2025-04-25 12:41:20.837 [warning] [Decorations] CAPPING events from decorations provider vscode.git 6593
2025-04-25 12:41:26.029 [warning] [Decorations] CAPPING events from decorations provider vscode.git 6593
2025-04-25 12:41:31.269 [warning] [Decorations] CAPPING events from decorations provider vscode.git 6593
2025-04-25 12:41:36.514 [warning] [Decorations] CAPPING events from decorations provider vscode.git 6593
2025-04-25 12:41:41.767 [warning] [Decorations] CAPPING events from decorations provider vscode.git 6593
2025-04-25 12:41:47.025 [warning] [Decorations] CAPPING events from decorations provider vscode.git 6593
2025-04-25 12:41:52.276 [warning] [Decorations] CAPPING events from decorations provider vscode.git 6593
2025-04-25 12:41:57.536 [warning] [Decorations] CAPPING events from decorations provider vscode.git 6593
2025-04-25 12:42:02.775 [warning] [Decorations] CAPPING events from decorations provider vscode.git 6593
2025-04-25 12:42:08.037 [warning] [Decorations] CAPPING events from decorations provider vscode.git 6593
2025-04-25 12:42:13.286 [warning] [Decorations] CAPPING events from decorations provider vscode.git 6593
2025-04-25 12:42:18.548 [warning] [Decorations] CAPPING events from decorations provider vscode.git 6593
2025-04-25 12:42:23.795 [warning] [Decorations] CAPPING events from decorations provider vscode.git 6593
2025-04-25 12:42:29.057 [warning] [Decorations] CAPPING events from decorations provider vscode.git 6593
2025-04-25 12:42:34.314 [warning] [Decorations] CAPPING events from decorations provider vscode.git 6593
2025-04-25 12:42:39.562 [warning] [Decorations] CAPPING events from decorations provider vscode.git 6593
2025-04-25 12:42:44.810 [warning] [Decorations] CAPPING events from decorations provider vscode.git 6593
2025-04-25 12:42:50.064 [warning] [Decorations] CAPPING events from decorations provider vscode.git 6593
2025-04-25 12:42:55.318 [warning] [Decorations] CAPPING events from decorations provider vscode.git 6593
2025-04-25 12:43:00.535 [warning] [Decorations] CAPPING events from decorations provider vscode.git 6593
2025-04-25 12:43:05.784 [warning] [Decorations] CAPPING events from decorations provider vscode.git 6593
2025-04-25 12:43:11.037 [warning] [Decorations] CAPPING events from decorations provider vscode.git 6593
2025-04-25 12:43:16.283 [warning] [Decorations] CAPPING events from decorations provider vscode.git 6593
2025-04-25 12:43:21.529 [warning] [Decorations] CAPPING events from decorations provider vscode.git 6593
2025-04-25 12:43:26.773 [warning] [Decorations] CAPPING events from decorations provider vscode.git 6593
2025-04-25 12:43:31.995 [warning] [Decorations] CAPPING events from decorations provider vscode.git 6593
2025-04-25 12:43:37.241 [warning] [Decorations] CAPPING events from decorations provider vscode.git 6593
2025-04-25 12:43:42.493 [warning] [Decorations] CAPPING events from decorations provider vscode.git 6593
2025-04-25 12:43:47.736 [warning] [Decorations] CAPPING events from decorations provider vscode.git 6593
2025-04-25 12:43:52.985 [warning] [Decorations] CAPPING events from decorations provider vscode.git 6593
2025-04-25 12:43:58.240 [warning] [Decorations] CAPPING events from decorations provider vscode.git 6593
2025-04-25 12:44:03.494 [warning] [Decorations] CAPPING events from decorations provider vscode.git 6593
2025-04-25 12:44:08.759 [warning] [Decorations] CAPPING events from decorations provider vscode.git 6593
2025-04-25 12:44:14.013 [warning] [Decorations] CAPPING events from decorations provider vscode.git 6593
2025-04-25 12:44:19.221 [warning] [Decorations] CAPPING events from decorations provider vscode.git 6593
2025-04-25 12:44:24.463 [warning] [Decorations] CAPPING events from decorations provider vscode.git 6593
2025-04-25 12:44:29.713 [warning] [Decorations] CAPPING events from decorations provider vscode.git 6593
2025-04-25 12:44:34.979 [warning] [Decorations] CAPPING events from decorations provider vscode.git 6593
2025-04-25 12:44:40.232 [warning] [Decorations] CAPPING events from decorations provider vscode.git 6593
2025-04-25 12:44:45.492 [warning] [Decorations] CAPPING events from decorations provider vscode.git 6593
2025-04-25 12:44:50.733 [warning] [Decorations] CAPPING events from decorations provider vscode.git 6593
2025-04-25 12:44:55.929 [warning] [Decorations] CAPPING events from decorations provider vscode.git 6593
2025-04-25 12:45:01.122 [warning] [Decorations] CAPPING events from decorations provider vscode.git 6593
2025-04-25 12:45:06.356 [warning] [Decorations] CAPPING events from decorations provider vscode.git 6593
2025-04-25 12:45:11.609 [warning] [Decorations] CAPPING events from decorations provider vscode.git 6593
2025-04-25 12:45:16.855 [warning] [Decorations] CAPPING events from decorations provider vscode.git 6593
2025-04-25 12:45:22.103 [warning] [Decorations] CAPPING events from decorations provider vscode.git 6593
2025-04-25 12:45:27.358 [warning] [Decorations] CAPPING events from decorations provider vscode.git 6593
2025-04-25 12:45:32.605 [warning] [Decorations] CAPPING events from decorations provider vscode.git 6593
2025-04-25 12:45:37.856 [warning] [Decorations] CAPPING events from decorations provider vscode.git 6593
2025-04-25 12:45:43.118 [warning] [Decorations] CAPPING events from decorations provider vscode.git 6593
2025-04-25 12:45:48.369 [warning] [Decorations] CAPPING events from decorations provider vscode.git 6593
2025-04-25 12:45:53.618 [warning] [Decorations] CAPPING events from decorations provider vscode.git 6593
2025-04-25 12:45:58.828 [warning] [Decorations] CAPPING events from decorations provider vscode.git 6593
2025-04-25 12:46:04.042 [warning] [Decorations] CAPPING events from decorations provider vscode.git 6593
2025-04-25 12:46:09.302 [warning] [Decorations] CAPPING events from decorations provider vscode.git 6593
2025-04-25 12:46:14.566 [warning] [Decorations] CAPPING events from decorations provider vscode.git 6593
2025-04-25 12:46:19.826 [warning] [Decorations] CAPPING events from decorations provider vscode.git 6593
2025-04-25 12:46:25.074 [warning] [Decorations] CAPPING events from decorations provider vscode.git 6593
2025-04-25 12:46:30.325 [warning] [Decorations] CAPPING events from decorations provider vscode.git 6593
2025-04-25 12:46:35.579 [warning] [Decorations] CAPPING events from decorations provider vscode.git 6593
2025-04-25 12:46:40.830 [warning] [Decorations] CAPPING events from decorations provider vscode.git 6593
2025-04-25 12:46:46.090 [warning] [Decorations] CAPPING events from decorations provider vscode.git 6593
2025-04-25 12:46:51.341 [warning] [Decorations] CAPPING events from decorations provider vscode.git 6593
2025-04-25 12:46:56.597 [warning] [Decorations] CAPPING events from decorations provider vscode.git 6593
2025-04-25 12:47:01.856 [warning] [Decorations] CAPPING events from decorations provider vscode.git 6593
2025-04-25 12:47:07.123 [warning] [Decorations] CAPPING events from decorations provider vscode.git 6593
2025-04-25 12:47:12.380 [warning] [Decorations] CAPPING events from decorations provider vscode.git 6593
2025-04-25 12:47:17.637 [warning] [Decorations] CAPPING events from decorations provider vscode.git 6593
2025-04-25 12:47:22.899 [warning] [Decorations] CAPPING events from decorations provider vscode.git 6593
2025-04-25 12:47:28.151 [warning] [Decorations] CAPPING events from decorations provider vscode.git 6593
2025-04-25 12:47:33.404 [warning] [Decorations] CAPPING events from decorations provider vscode.git 6593
2025-04-25 12:47:38.663 [warning] [Decorations] CAPPING events from decorations provider vscode.git 6593
2025-04-25 12:47:43.917 [warning] [Decorations] CAPPING events from decorations provider vscode.git 6593
2025-04-25 12:47:49.165 [warning] [Decorations] CAPPING events from decorations provider vscode.git 6593
2025-04-25 12:47:54.411 [warning] [Decorations] CAPPING events from decorations provider vscode.git 6593
2025-04-25 12:47:59.622 [warning] [Decorations] CAPPING events from decorations provider vscode.git 6593
2025-04-25 12:48:04.838 [warning] [Decorations] CAPPING events from decorations provider vscode.git 6593
2025-04-25 12:48:10.104 [warning] [Decorations] CAPPING events from decorations provider vscode.git 6593
2025-04-25 12:48:15.299 [warning] [Decorations] CAPPING events from decorations provider vscode.git 6593
2025-04-25 12:48:20.561 [warning] [Decorations] CAPPING events from decorations provider vscode.git 6593
2025-04-25 12:48:25.783 [warning] [Decorations] CAPPING events from decorations provider vscode.git 6593
2025-04-25 12:48:30.972 [warning] [Decorations] CAPPING events from decorations provider vscode.git 6593
2025-04-25 12:48:36.146 [warning] [Decorations] CAPPING events from decorations provider vscode.git 6593
2025-04-25 12:48:41.377 [warning] [Decorations] CAPPING events from decorations provider vscode.git 6593
2025-04-25 12:48:46.641 [warning] [Decorations] CAPPING events from decorations provider vscode.git 6593
2025-04-25 12:48:51.893 [warning] [Decorations] CAPPING events from decorations provider vscode.git 6593
2025-04-25 12:48:57.148 [warning] [Decorations] CAPPING events from decorations provider vscode.git 6593
2025-04-25 12:49:02.326 [warning] [Decorations] CAPPING events from decorations provider vscode.git 6593
2025-04-25 12:49:07.580 [warning] [Decorations] CAPPING events from decorations provider vscode.git 6593
2025-04-25 12:49:12.837 [warning] [Decorations] CAPPING events from decorations provider vscode.git 6593
2025-04-25 12:49:18.034 [warning] [Decorations] CAPPING events from decorations provider vscode.git 6593
2025-04-25 12:49:23.289 [warning] [Decorations] CAPPING events from decorations provider vscode.git 6593
2025-04-25 12:49:28.541 [warning] [Decorations] CAPPING events from decorations provider vscode.git 6593
2025-04-25 12:49:33.790 [warning] [Decorations] CAPPING events from decorations provider vscode.git 6593
2025-04-25 12:49:39.045 [warning] [Decorations] CAPPING events from decorations provider vscode.git 6593
2025-04-25 12:49:52.316 [warning] [Decorations] CAPPING events from decorations provider vscode.git 6593
2025-04-25 12:49:57.569 [warning] [Decorations] CAPPING events from decorations provider vscode.git 6593
2025-04-25 12:50:02.839 [warning] [Decorations] CAPPING events from decorations provider vscode.git 6593
2025-04-25 12:50:08.087 [warning] [Decorations] CAPPING events from decorations provider vscode.git 6593
2025-04-25 12:50:13.304 [warning] [Decorations] CAPPING events from decorations provider vscode.git 6593
2025-04-25 12:50:18.496 [warning] [Decorations] CAPPING events from decorations provider vscode.git 6593
2025-04-25 12:50:23.748 [warning] [Decorations] CAPPING events from decorations provider vscode.git 6593
2025-04-25 12:50:28.970 [warning] [Decorations] CAPPING events from decorations provider vscode.git 6593
2025-04-25 12:50:34.232 [warning] [Decorations] CAPPING events from decorations provider vscode.git 6593
2025-04-25 12:50:39.496 [warning] [Decorations] CAPPING events from decorations provider vscode.git 6593
2025-04-25 12:50:44.745 [warning] [Decorations] CAPPING events from decorations provider vscode.git 6593
2025-04-25 12:50:50.002 [warning] [Decorations] CAPPING events from decorations provider vscode.git 6593
2025-04-25 12:50:55.260 [warning] [Decorations] CAPPING events from decorations provider vscode.git 6593
2025-04-25 12:51:00.517 [warning] [Decorations] CAPPING events from decorations provider vscode.git 6593
2025-04-25 16:07:42.220 [info] Extension host terminating: renderer disconnected for too long (1)
2025-04-25 16:07:42.223 [info] Lock '/scratch/users/badreldeen/.vscode-server/data/User/workspaceStorage/1bd1f1e401fc8832d883fab89892f06c-1/vscode.lock': Marking the lockfile as scheduled to be released in 6000 ms.
2025-04-25 16:07:42.304 [error] Canceled: Canceled
	at new HR (file:///scratch/users/badreldeen/.vscode-server/cli/servers/Stable-17baf841131aa23349f217ca7c570c76ee87b957/server/out/vs/workbench/api/node/extensionHostProcess.js:29:156308)
	at i4.U (file:///scratch/users/badreldeen/.vscode-server/cli/servers/Stable-17baf841131aa23349f217ca7c570c76ee87b957/server/out/vs/workbench/api/node/extensionHostProcess.js:29:160919)
	at s.<computed>.n.charCodeAt.s.<computed> (file:///scratch/users/badreldeen/.vscode-server/cli/servers/Stable-17baf841131aa23349f217ca7c570c76ee87b957/server/out/vs/workbench/api/node/extensionHostProcess.js:29:158413)
	at vw.g (file:///scratch/users/badreldeen/.vscode-server/cli/servers/Stable-17baf841131aa23349f217ca7c570c76ee87b957/server/out/vs/workbench/api/node/extensionHostProcess.js:111:40983)
	at vw.executeCommand (file:///scratch/users/badreldeen/.vscode-server/cli/servers/Stable-17baf841131aa23349f217ca7c570c76ee87b957/server/out/vs/workbench/api/node/extensionHostProcess.js:111:40487)
	at r.registerCommand.description (file:///scratch/users/badreldeen/.vscode-server/cli/servers/Stable-17baf841131aa23349f217ca7c570c76ee87b957/server/out/vs/workbench/api/node/extensionHostProcess.js:111:39817)
	at vw.h (file:///scratch/users/badreldeen/.vscode-server/cli/servers/Stable-17baf841131aa23349f217ca7c570c76ee87b957/server/out/vs/workbench/api/node/extensionHostProcess.js:111:41503)
	at vw.g (file:///scratch/users/badreldeen/.vscode-server/cli/servers/Stable-17baf841131aa23349f217ca7c570c76ee87b957/server/out/vs/workbench/api/node/extensionHostProcess.js:111:40580)
	at vw.executeCommand (file:///scratch/users/badreldeen/.vscode-server/cli/servers/Stable-17baf841131aa23349f217ca7c570c76ee87b957/server/out/vs/workbench/api/node/extensionHostProcess.js:111:40487)
	at Object.executeCommand (file:///scratch/users/badreldeen/.vscode-server/cli/servers/Stable-17baf841131aa23349f217ca7c570c76ee87b957/server/out/vs/workbench/api/node/extensionHostProcess.js:173:30346)
	at Ah.L [as value] (/scratch/users/badreldeen/.vscode-server/cli/servers/Stable-17baf841131aa23349f217ca7c570c76ee87b957/server/extensions/git/dist/main.js:2:511809)
	at P.B (file:///scratch/users/badreldeen/.vscode-server/cli/servers/Stable-17baf841131aa23349f217ca7c570c76ee87b957/server/out/vs/workbench/api/node/extensionHostProcess.js:27:2375)
	at P.C (file:///scratch/users/badreldeen/.vscode-server/cli/servers/Stable-17baf841131aa23349f217ca7c570c76ee87b957/server/out/vs/workbench/api/node/extensionHostProcess.js:27:2445)
	at P.fire (file:///scratch/users/badreldeen/.vscode-server/cli/servers/Stable-17baf841131aa23349f217ca7c570c76ee87b957/server/out/vs/workbench/api/node/extensionHostProcess.js:27:2662)
	at Object.g [as dispose] (/scratch/users/badreldeen/.vscode-server/cli/servers/Stable-17baf841131aa23349f217ca7c570c76ee87b957/server/extensions/git/dist/main.js:2:534449)
	at /scratch/users/badreldeen/.vscode-server/cli/servers/Stable-17baf841131aa23349f217ca7c570c76ee87b957/server/extensions/git/dist/main.js:2:540767
	at Array.forEach (<anonymous>)
	at b.dispose (/scratch/users/badreldeen/.vscode-server/cli/servers/Stable-17baf841131aa23349f217ca7c570c76ee87b957/server/extensions/git/dist/main.js:2:540753)
	at iv.<anonymous> (file:///scratch/users/badreldeen/.vscode-server/cli/servers/Stable-17baf841131aa23349f217ca7c570c76ee87b957/server/out/vs/workbench/api/node/extensionHostProcess.js:107:8922)
	at iv.dispose (file:///scratch/users/badreldeen/.vscode-server/cli/servers/Stable-17baf841131aa23349f217ca7c570c76ee87b957/server/out/vs/workbench/api/node/extensionHostProcess.js:107:9018)
	at iv.<anonymous> (/scratch/users/badreldeen/.vscode-server/cli/servers/Stable-17baf841131aa23349f217ca7c570c76ee87b957/server/extensions/git/dist/main.js:2:514293)
	at iv.dispose (file:///scratch/users/badreldeen/.vscode-server/cli/servers/Stable-17baf841131aa23349f217ca7c570c76ee87b957/server/out/vs/workbench/api/node/extensionHostProcess.js:107:9018)
	at pi (file:///scratch/users/badreldeen/.vscode-server/cli/servers/Stable-17baf841131aa23349f217ca7c570c76ee87b957/server/out/vs/workbench/api/node/extensionHostProcess.js:25:701)
	at file:///scratch/users/badreldeen/.vscode-server/cli/servers/Stable-17baf841131aa23349f217ca7c570c76ee87b957/server/out/vs/workbench/api/node/extensionHostProcess.js:115:14994
	at file:///scratch/users/badreldeen/.vscode-server/cli/servers/Stable-17baf841131aa23349f217ca7c570c76ee87b957/server/out/vs/workbench/api/node/extensionHostProcess.js:25:1011
	at Object.dispose (file:///scratch/users/badreldeen/.vscode-server/cli/servers/Stable-17baf841131aa23349f217ca7c570c76ee87b957/server/out/vs/workbench/api/node/extensionHostProcess.js:8:705)
	at vV.eb (file:///scratch/users/badreldeen/.vscode-server/cli/servers/Stable-17baf841131aa23349f217ca7c570c76ee87b957/server/out/vs/workbench/api/node/extensionHostProcess.js:115:11921)
	at file:///scratch/users/badreldeen/.vscode-server/cli/servers/Stable-17baf841131aa23349f217ca7c570c76ee87b957/server/out/vs/workbench/api/node/extensionHostProcess.js:115:9876
	at Array.map (<anonymous>)
	at vV.$ (file:///scratch/users/badreldeen/.vscode-server/cli/servers/Stable-17baf841131aa23349f217ca7c570c76ee87b957/server/out/vs/workbench/api/node/extensionHostProcess.js:115:9864)
	at vV.terminate (file:///scratch/users/badreldeen/.vscode-server/cli/servers/Stable-17baf841131aa23349f217ca7c570c76ee87b957/server/out/vs/workbench/api/node/extensionHostProcess.js:115:10107)
	at oP.terminate (file:///scratch/users/badreldeen/.vscode-server/cli/servers/Stable-17baf841131aa23349f217ca7c570c76ee87b957/server/out/vs/workbench/api/node/extensionHostProcess.js:116:1434)
	at es (file:///scratch/users/badreldeen/.vscode-server/cli/servers/Stable-17baf841131aa23349f217ca7c570c76ee87b957/server/out/vs/workbench/api/node/extensionHostProcess.js:197:5701)
	at s6.a (file:///scratch/users/badreldeen/.vscode-server/cli/servers/Stable-17baf841131aa23349f217ca7c570c76ee87b957/server/out/vs/workbench/api/node/extensionHostProcess.js:197:2553)
	at s6.h (file:///scratch/users/badreldeen/.vscode-server/cli/servers/Stable-17baf841131aa23349f217ca7c570c76ee87b957/server/out/vs/workbench/api/node/extensionHostProcess.js:28:75468)
	at listOnTimeout (node:internal/timers:581:17)
	at process.processTimers (node:internal/timers:519:7) setContext undefined
2025-04-25 16:07:42.306 [error] Canceled: Canceled
	at new HR (file:///scratch/users/badreldeen/.vscode-server/cli/servers/Stable-17baf841131aa23349f217ca7c570c76ee87b957/server/out/vs/workbench/api/node/extensionHostProcess.js:29:156308)
	at i4.U (file:///scratch/users/badreldeen/.vscode-server/cli/servers/Stable-17baf841131aa23349f217ca7c570c76ee87b957/server/out/vs/workbench/api/node/extensionHostProcess.js:29:160919)
	at s.<computed>.n.charCodeAt.s.<computed> (file:///scratch/users/badreldeen/.vscode-server/cli/servers/Stable-17baf841131aa23349f217ca7c570c76ee87b957/server/out/vs/workbench/api/node/extensionHostProcess.js:29:158413)
	at vw.g (file:///scratch/users/badreldeen/.vscode-server/cli/servers/Stable-17baf841131aa23349f217ca7c570c76ee87b957/server/out/vs/workbench/api/node/extensionHostProcess.js:111:40983)
	at vw.executeCommand (file:///scratch/users/badreldeen/.vscode-server/cli/servers/Stable-17baf841131aa23349f217ca7c570c76ee87b957/server/out/vs/workbench/api/node/extensionHostProcess.js:111:40487)
	at r.registerCommand.description (file:///scratch/users/badreldeen/.vscode-server/cli/servers/Stable-17baf841131aa23349f217ca7c570c76ee87b957/server/out/vs/workbench/api/node/extensionHostProcess.js:111:39817)
	at vw.h (file:///scratch/users/badreldeen/.vscode-server/cli/servers/Stable-17baf841131aa23349f217ca7c570c76ee87b957/server/out/vs/workbench/api/node/extensionHostProcess.js:111:41503)
	at vw.g (file:///scratch/users/badreldeen/.vscode-server/cli/servers/Stable-17baf841131aa23349f217ca7c570c76ee87b957/server/out/vs/workbench/api/node/extensionHostProcess.js:111:40580)
	at vw.executeCommand (file:///scratch/users/badreldeen/.vscode-server/cli/servers/Stable-17baf841131aa23349f217ca7c570c76ee87b957/server/out/vs/workbench/api/node/extensionHostProcess.js:111:40487)
	at Object.executeCommand (file:///scratch/users/badreldeen/.vscode-server/cli/servers/Stable-17baf841131aa23349f217ca7c570c76ee87b957/server/out/vs/workbench/api/node/extensionHostProcess.js:173:30346)
	at set hasGitHubRepositories [as hasGitHubRepositories] (/scratch/users/badreldeen/.vscode-server/cli/servers/Stable-17baf841131aa23349f217ca7c570c76ee87b957/server/extensions/github/dist/extension.js:2:217805)
	at /scratch/users/badreldeen/.vscode-server/cli/servers/Stable-17baf841131aa23349f217ca7c570c76ee87b957/server/extensions/github/dist/extension.js:2:218764
	at Ah.value (/scratch/users/badreldeen/.vscode-server/cli/servers/Stable-17baf841131aa23349f217ca7c570c76ee87b957/server/extensions/git/dist/main.js:2:631688)
	at P.B (file:///scratch/users/badreldeen/.vscode-server/cli/servers/Stable-17baf841131aa23349f217ca7c570c76ee87b957/server/out/vs/workbench/api/node/extensionHostProcess.js:27:2375)
	at P.C (file:///scratch/users/badreldeen/.vscode-server/cli/servers/Stable-17baf841131aa23349f217ca7c570c76ee87b957/server/out/vs/workbench/api/node/extensionHostProcess.js:27:2445)
	at P.fire (file:///scratch/users/badreldeen/.vscode-server/cli/servers/Stable-17baf841131aa23349f217ca7c570c76ee87b957/server/out/vs/workbench/api/node/extensionHostProcess.js:27:2662)
	at Object.g [as dispose] (/scratch/users/badreldeen/.vscode-server/cli/servers/Stable-17baf841131aa23349f217ca7c570c76ee87b957/server/extensions/git/dist/main.js:2:534449)
	at /scratch/users/badreldeen/.vscode-server/cli/servers/Stable-17baf841131aa23349f217ca7c570c76ee87b957/server/extensions/git/dist/main.js:2:540767
	at Array.forEach (<anonymous>)
	at b.dispose (/scratch/users/badreldeen/.vscode-server/cli/servers/Stable-17baf841131aa23349f217ca7c570c76ee87b957/server/extensions/git/dist/main.js:2:540753)
	at iv.<anonymous> (file:///scratch/users/badreldeen/.vscode-server/cli/servers/Stable-17baf841131aa23349f217ca7c570c76ee87b957/server/out/vs/workbench/api/node/extensionHostProcess.js:107:8922)
	at iv.dispose (file:///scratch/users/badreldeen/.vscode-server/cli/servers/Stable-17baf841131aa23349f217ca7c570c76ee87b957/server/out/vs/workbench/api/node/extensionHostProcess.js:107:9018)
	at iv.<anonymous> (/scratch/users/badreldeen/.vscode-server/cli/servers/Stable-17baf841131aa23349f217ca7c570c76ee87b957/server/extensions/git/dist/main.js:2:514293)
	at iv.dispose (file:///scratch/users/badreldeen/.vscode-server/cli/servers/Stable-17baf841131aa23349f217ca7c570c76ee87b957/server/out/vs/workbench/api/node/extensionHostProcess.js:107:9018)
	at pi (file:///scratch/users/badreldeen/.vscode-server/cli/servers/Stable-17baf841131aa23349f217ca7c570c76ee87b957/server/out/vs/workbench/api/node/extensionHostProcess.js:25:701)
	at file:///scratch/users/badreldeen/.vscode-server/cli/servers/Stable-17baf841131aa23349f217ca7c570c76ee87b957/server/out/vs/workbench/api/node/extensionHostProcess.js:115:14994
	at file:///scratch/users/badreldeen/.vscode-server/cli/servers/Stable-17baf841131aa23349f217ca7c570c76ee87b957/server/out/vs/workbench/api/node/extensionHostProcess.js:25:1011
	at Object.dispose (file:///scratch/users/badreldeen/.vscode-server/cli/servers/Stable-17baf841131aa23349f217ca7c570c76ee87b957/server/out/vs/workbench/api/node/extensionHostProcess.js:8:705)
	at vV.eb (file:///scratch/users/badreldeen/.vscode-server/cli/servers/Stable-17baf841131aa23349f217ca7c570c76ee87b957/server/out/vs/workbench/api/node/extensionHostProcess.js:115:11921)
	at file:///scratch/users/badreldeen/.vscode-server/cli/servers/Stable-17baf841131aa23349f217ca7c570c76ee87b957/server/out/vs/workbench/api/node/extensionHostProcess.js:115:9876
	at Array.map (<anonymous>)
	at vV.$ (file:///scratch/users/badreldeen/.vscode-server/cli/servers/Stable-17baf841131aa23349f217ca7c570c76ee87b957/server/out/vs/workbench/api/node/extensionHostProcess.js:115:9864)
	at vV.terminate (file:///scratch/users/badreldeen/.vscode-server/cli/servers/Stable-17baf841131aa23349f217ca7c570c76ee87b957/server/out/vs/workbench/api/node/extensionHostProcess.js:115:10107)
	at oP.terminate (file:///scratch/users/badreldeen/.vscode-server/cli/servers/Stable-17baf841131aa23349f217ca7c570c76ee87b957/server/out/vs/workbench/api/node/extensionHostProcess.js:116:1434)
	at es (file:///scratch/users/badreldeen/.vscode-server/cli/servers/Stable-17baf841131aa23349f217ca7c570c76ee87b957/server/out/vs/workbench/api/node/extensionHostProcess.js:197:5701)
	at s6.a (file:///scratch/users/badreldeen/.vscode-server/cli/servers/Stable-17baf841131aa23349f217ca7c570c76ee87b957/server/out/vs/workbench/api/node/extensionHostProcess.js:197:2553)
	at s6.h (file:///scratch/users/badreldeen/.vscode-server/cli/servers/Stable-17baf841131aa23349f217ca7c570c76ee87b957/server/out/vs/workbench/api/node/extensionHostProcess.js:28:75468)
	at listOnTimeout (node:internal/timers:581:17)
	at process.processTimers (node:internal/timers:519:7) setContext undefined
2025-04-25 16:07:42.306 [info] Extension host with pid 711236 exiting with code 0
