2025-04-27 01:28:50.895 [info] [main] Log level: Info
2025-04-27 01:28:50.895 [info] [main] Validating found git in: "git"
2025-04-27 01:28:50.895 [info] [main] Using git "2.34.1" from "git"
2025-04-27 01:28:50.895 [info] [Model][doInitialScan] Initial repository scan started
2025-04-27 01:28:50.895 [info] > git rev-parse --show-toplevel [26ms]
2025-04-27 01:28:50.895 [info] > git rev-parse --git-dir --git-common-dir [1ms]
2025-04-27 01:28:50.895 [info] [Model][openRepository] Opened repository: /scratch/users/badreldeen
2025-04-27 01:28:50.895 [info] > git config --get commit.template [3ms]
2025-04-27 01:28:50.895 [info] > git rev-parse --show-toplevel [5ms]
2025-04-27 01:28:50.895 [info] > git for-each-ref --format=%(refname)%00%(upstream:short)%00%(objectname)%00%(upstream:track)%00%(upstream:remotename)%00%(upstream:remoteref) refs/heads/Wusi_dataset_V2 refs/remotes/Wusi_dataset_V2 [4ms]
2025-04-27 01:28:50.895 [info] > git rev-parse --show-toplevel [8ms]
2025-04-27 01:28:50.895 [info] > git for-each-ref --sort -committerdate --format %(refname)%00%(objectname)%00%(*objectname) [4ms]
2025-04-27 01:28:50.895 [info] > git rev-parse --show-toplevel [2ms]
2025-04-27 01:28:50.895 [info] > git rev-parse --show-toplevel [2ms]
2025-04-27 01:28:50.895 [info] > git rev-parse --show-toplevel [2ms]
2025-04-27 01:28:50.895 [info] > git rev-parse --show-toplevel [1ms]
2025-04-27 01:28:50.895 [info] > git rev-parse --show-toplevel [2ms]
2025-04-27 01:28:50.896 [info] > git rev-parse --show-toplevel [1ms]
2025-04-27 01:28:50.896 [info] [Model][doInitialScan] Initial repository scan completed - repositories (1), closed repositories (0), parent repositories (0), unsafe repositories (0)
2025-04-27 01:28:50.896 [info] > git status -z -uall [116ms]
2025-04-27 01:28:50.896 [info] > git for-each-ref --format=%(refname)%00%(upstream:short)%00%(objectname)%00%(upstream:track)%00%(upstream:remotename)%00%(upstream:remoteref) refs/heads/Wusi_dataset_V2 refs/remotes/Wusi_dataset_V2 [1067ms]
2025-04-27 01:28:50.896 [info] > git config --get --local branch.Wusi_dataset_V2.vscode-merge-base [7ms]
2025-04-27 01:28:50.896 [info] > git config --get commit.template [56ms]
2025-04-27 01:28:50.896 [info] > git for-each-ref --format=%(refname)%00%(upstream:short)%00%(objectname)%00%(upstream:track)%00%(upstream:remotename)%00%(upstream:remoteref) refs/heads/origin/CMU_dataset_V2 refs/remotes/origin/CMU_dataset_V2 [7ms]
2025-04-27 01:28:50.896 [info] > git for-each-ref --format=%(refname)%00%(upstream:short)%00%(objectname)%00%(upstream:track)%00%(upstream:remotename)%00%(upstream:remoteref) refs/heads/Wusi_dataset_V2 refs/remotes/Wusi_dataset_V2 [6ms]
2025-04-27 01:28:50.897 [info] > git for-each-ref --sort -committerdate --format %(refname)%00%(objectname)%00%(*objectname) [3ms]
2025-04-27 01:28:51.003 [info] > git status -z -uall [113ms]
2025-04-27 01:28:52.217 [info] > git show --textconv :COG_Transformer/option/option_Mocap.py [30ms]
2025-04-27 01:28:52.217 [info] > git check-ignore -v -z --stdin [22ms]
2025-04-27 01:28:52.218 [info] > git ls-files --stage -- COG_Transformer/option/option_Mocap.py [28ms]
2025-04-27 01:28:52.223 [info] > git config --get commit.template [7ms]
2025-04-27 01:28:52.228 [info] > git cat-file -s a25917a2c23076f085dfa2cc2c8536dda16d16ca [6ms]
2025-04-27 01:28:52.327 [info] > git for-each-ref --format=%(refname)%00%(upstream:short)%00%(objectname)%00%(upstream:track)%00%(upstream:remotename)%00%(upstream:remoteref) refs/heads/Wusi_dataset_V2 refs/remotes/Wusi_dataset_V2 [99ms]
2025-04-27 01:28:52.337 [info] > git for-each-ref --sort -committerdate --format %(refname)%00%(objectname)%00%(*objectname) [2ms]
2025-04-27 01:28:52.431 [info] > git status -z -uall [101ms]
2025-04-27 01:28:53.925 [info] > git blame --root --incremental 14777248763050500e8da2c7e72fdd898071e9d7 -- COG_Transformer/option/option_Mocap.py [7ms]
2025-04-27 01:28:57.001 [info] > git show --textconv :COG_Transformer/train.py [9ms]
2025-04-27 01:28:57.002 [info] > git ls-files --stage -- COG_Transformer/train.py [2ms]
2025-04-27 01:28:57.011 [info] > git cat-file -s 61972df1c3811b980cef9f91bd3a5a51c03f4208 [2ms]
2025-04-27 01:28:57.184 [info] > git blame --root --incremental 14777248763050500e8da2c7e72fdd898071e9d7 -- COG_Transformer/train.py [5ms]
2025-04-27 01:28:57.551 [info] > git config --get commit.template [8ms]
2025-04-27 01:28:57.552 [info] > git for-each-ref --format=%(refname)%00%(upstream:short)%00%(objectname)%00%(upstream:track)%00%(upstream:remotename)%00%(upstream:remoteref) refs/heads/Wusi_dataset_V2 refs/remotes/Wusi_dataset_V2 [2ms]
2025-04-27 01:28:57.569 [info] > git for-each-ref --sort -committerdate --format %(refname)%00%(objectname)%00%(*objectname) [4ms]
2025-04-27 01:28:57.672 [info] > git status -z -uall [113ms]
2025-04-27 01:28:59.271 [info] > git show --textconv :IAFormer-main/source/main_Mocap.py [9ms]
2025-04-27 01:28:59.273 [info] > git ls-files --stage -- IAFormer-main/source/main_Mocap.py [3ms]
2025-04-27 01:28:59.282 [info] > git cat-file -s 9cdc755b1dec3b665d6fdf74a8f03602fdf73e18 [2ms]
2025-04-27 01:28:59.373 [info] > git blame --root --incremental 14777248763050500e8da2c7e72fdd898071e9d7 -- IAFormer-main/source/main_Mocap.py [4ms]
2025-04-27 01:29:01.426 [info] > git show --textconv :COG_Transformer/model/IAFormer.py [9ms]
2025-04-27 01:29:01.427 [info] > git ls-files --stage -- COG_Transformer/model/IAFormer.py [2ms]
2025-04-27 01:29:01.436 [info] > git cat-file -s b9d54b6f266493b0cf94509517a0f0daed012143 [2ms]
2025-04-27 01:29:01.540 [info] > git blame --root --incremental 14777248763050500e8da2c7e72fdd898071e9d7 -- COG_Transformer/model/IAFormer.py [4ms]
2025-04-27 01:29:02.817 [info] > git config --get commit.template [9ms]
2025-04-27 01:29:02.818 [info] > git for-each-ref --format=%(refname)%00%(upstream:short)%00%(objectname)%00%(upstream:track)%00%(upstream:remotename)%00%(upstream:remoteref) refs/heads/Wusi_dataset_V2 refs/remotes/Wusi_dataset_V2 [2ms]
2025-04-27 01:29:02.836 [info] > git for-each-ref --sort -committerdate --format %(refname)%00%(objectname)%00%(*objectname) [4ms]
2025-04-27 01:29:02.942 [info] > git status -z -uall [117ms]
2025-04-27 01:29:08.092 [info] > git config --get commit.template [8ms]
2025-04-27 01:29:08.093 [info] > git for-each-ref --format=%(refname)%00%(upstream:short)%00%(objectname)%00%(upstream:track)%00%(upstream:remotename)%00%(upstream:remoteref) refs/heads/Wusi_dataset_V2 refs/remotes/Wusi_dataset_V2 [2ms]
2025-04-27 01:29:08.110 [info] > git for-each-ref --sort -committerdate --format %(refname)%00%(objectname)%00%(*objectname) [3ms]
2025-04-27 01:29:08.216 [info] > git status -z -uall [116ms]
2025-04-27 01:29:13.367 [info] > git config --get commit.template [9ms]
2025-04-27 01:29:13.368 [info] > git for-each-ref --format=%(refname)%00%(upstream:short)%00%(objectname)%00%(upstream:track)%00%(upstream:remotename)%00%(upstream:remoteref) refs/heads/Wusi_dataset_V2 refs/remotes/Wusi_dataset_V2 [2ms]
2025-04-27 01:29:13.386 [info] > git for-each-ref --sort -committerdate --format %(refname)%00%(objectname)%00%(*objectname) [3ms]
2025-04-27 01:29:13.488 [info] > git status -z -uall [112ms]
2025-04-27 01:29:18.622 [info] > git config --get commit.template [8ms]
2025-04-27 01:29:18.623 [info] > git for-each-ref --format=%(refname)%00%(upstream:short)%00%(objectname)%00%(upstream:track)%00%(upstream:remotename)%00%(upstream:remoteref) refs/heads/Wusi_dataset_V2 refs/remotes/Wusi_dataset_V2 [3ms]
2025-04-27 01:29:18.641 [info] > git for-each-ref --sort -committerdate --format %(refname)%00%(objectname)%00%(*objectname) [3ms]
2025-04-27 01:29:18.745 [info] > git status -z -uall [114ms]
2025-04-27 01:29:30.418 [info] > git config --get commit.template [9ms]
2025-04-27 01:29:30.419 [info] > git for-each-ref --format=%(refname)%00%(upstream:short)%00%(objectname)%00%(upstream:track)%00%(upstream:remotename)%00%(upstream:remoteref) refs/heads/Wusi_dataset_V2 refs/remotes/Wusi_dataset_V2 [2ms]
2025-04-27 01:29:30.434 [info] > git for-each-ref --sort -committerdate --format %(refname)%00%(objectname)%00%(*objectname) [3ms]
2025-04-27 01:29:30.540 [info] > git status -z -uall [115ms]
2025-04-27 01:29:35.699 [info] > git config --get commit.template [8ms]
2025-04-27 01:29:35.700 [info] > git for-each-ref --format=%(refname)%00%(upstream:short)%00%(objectname)%00%(upstream:track)%00%(upstream:remotename)%00%(upstream:remoteref) refs/heads/Wusi_dataset_V2 refs/remotes/Wusi_dataset_V2 [2ms]
2025-04-27 01:29:35.715 [info] > git for-each-ref --sort -committerdate --format %(refname)%00%(objectname)%00%(*objectname) [3ms]
2025-04-27 01:29:35.820 [info] > git status -z -uall [114ms]
2025-04-27 01:29:40.958 [info] > git config --get commit.template [8ms]
2025-04-27 01:29:40.959 [info] > git for-each-ref --format=%(refname)%00%(upstream:short)%00%(objectname)%00%(upstream:track)%00%(upstream:remotename)%00%(upstream:remoteref) refs/heads/Wusi_dataset_V2 refs/remotes/Wusi_dataset_V2 [2ms]
2025-04-27 01:29:40.975 [info] > git for-each-ref --sort -committerdate --format %(refname)%00%(objectname)%00%(*objectname) [3ms]
2025-04-27 01:29:41.079 [info] > git status -z -uall [114ms]
2025-04-27 01:29:46.218 [info] > git config --get commit.template [8ms]
2025-04-27 01:29:46.219 [info] > git for-each-ref --format=%(refname)%00%(upstream:short)%00%(objectname)%00%(upstream:track)%00%(upstream:remotename)%00%(upstream:remoteref) refs/heads/Wusi_dataset_V2 refs/remotes/Wusi_dataset_V2 [2ms]
2025-04-27 01:29:46.238 [info] > git for-each-ref --sort -committerdate --format %(refname)%00%(objectname)%00%(*objectname) [4ms]
2025-04-27 01:29:46.344 [info] > git status -z -uall [117ms]
2025-04-27 01:29:51.445 [info] > git config --get commit.template [3ms]
2025-04-27 01:29:51.457 [info] > git for-each-ref --format=%(refname)%00%(upstream:short)%00%(objectname)%00%(upstream:track)%00%(upstream:remotename)%00%(upstream:remoteref) refs/heads/Wusi_dataset_V2 refs/remotes/Wusi_dataset_V2 [2ms]
2025-04-27 01:29:51.475 [info] > git for-each-ref --sort -committerdate --format %(refname)%00%(objectname)%00%(*objectname) [3ms]
2025-04-27 01:29:51.600 [info] > git status -z -uall [135ms]
2025-04-27 01:29:56.731 [info] > git config --get commit.template [5ms]
2025-04-27 01:29:56.732 [info] > git for-each-ref --format=%(refname)%00%(upstream:short)%00%(objectname)%00%(upstream:track)%00%(upstream:remotename)%00%(upstream:remoteref) refs/heads/Wusi_dataset_V2 refs/remotes/Wusi_dataset_V2 [2ms]
2025-04-27 01:29:56.742 [info] > git for-each-ref --sort -committerdate --format %(refname)%00%(objectname)%00%(*objectname) [2ms]
2025-04-27 01:29:56.837 [info] > git status -z -uall [102ms]
2025-04-27 01:30:01.915 [info] > git config --get commit.template [7ms]
2025-04-27 01:30:01.916 [info] > git for-each-ref --format=%(refname)%00%(upstream:short)%00%(objectname)%00%(upstream:track)%00%(upstream:remotename)%00%(upstream:remoteref) refs/heads/Wusi_dataset_V2 refs/remotes/Wusi_dataset_V2 [2ms]
2025-04-27 01:30:01.932 [info] > git for-each-ref --sort -committerdate --format %(refname)%00%(objectname)%00%(*objectname) [3ms]
2025-04-27 01:30:02.035 [info] > git status -z -uall [112ms]
2025-04-27 01:30:07.125 [info] > git config --get commit.template [6ms]
2025-04-27 01:30:07.126 [info] > git for-each-ref --format=%(refname)%00%(upstream:short)%00%(objectname)%00%(upstream:track)%00%(upstream:remotename)%00%(upstream:remoteref) refs/heads/Wusi_dataset_V2 refs/remotes/Wusi_dataset_V2 [2ms]
2025-04-27 01:30:07.142 [info] > git for-each-ref --sort -committerdate --format %(refname)%00%(objectname)%00%(*objectname) [3ms]
2025-04-27 01:30:07.243 [info] > git status -z -uall [112ms]
2025-04-27 01:30:12.383 [info] > git config --get commit.template [7ms]
2025-04-27 01:30:12.384 [info] > git for-each-ref --format=%(refname)%00%(upstream:short)%00%(objectname)%00%(upstream:track)%00%(upstream:remotename)%00%(upstream:remoteref) refs/heads/Wusi_dataset_V2 refs/remotes/Wusi_dataset_V2 [2ms]
2025-04-27 01:30:12.399 [info] > git for-each-ref --sort -committerdate --format %(refname)%00%(objectname)%00%(*objectname) [3ms]
2025-04-27 01:30:12.498 [info] > git status -z -uall [109ms]
2025-04-27 01:30:17.575 [info] > git config --get commit.template [7ms]
2025-04-27 01:30:17.576 [info] > git for-each-ref --format=%(refname)%00%(upstream:short)%00%(objectname)%00%(upstream:track)%00%(upstream:remotename)%00%(upstream:remoteref) refs/heads/Wusi_dataset_V2 refs/remotes/Wusi_dataset_V2 [2ms]
2025-04-27 01:30:17.590 [info] > git for-each-ref --sort -committerdate --format %(refname)%00%(objectname)%00%(*objectname) [2ms]
2025-04-27 01:30:17.695 [info] > git status -z -uall [114ms]
2025-04-27 01:30:22.832 [info] > git config --get commit.template [7ms]
2025-04-27 01:30:22.834 [info] > git for-each-ref --format=%(refname)%00%(upstream:short)%00%(objectname)%00%(upstream:track)%00%(upstream:remotename)%00%(upstream:remoteref) refs/heads/Wusi_dataset_V2 refs/remotes/Wusi_dataset_V2 [2ms]
2025-04-27 01:30:22.847 [info] > git for-each-ref --sort -committerdate --format %(refname)%00%(objectname)%00%(*objectname) [2ms]
2025-04-27 01:30:22.952 [info] > git status -z -uall [113ms]
2025-04-27 01:30:28.088 [info] > git config --get commit.template [8ms]
2025-04-27 01:30:28.088 [info] > git for-each-ref --format=%(refname)%00%(upstream:short)%00%(objectname)%00%(upstream:track)%00%(upstream:remotename)%00%(upstream:remoteref) refs/heads/Wusi_dataset_V2 refs/remotes/Wusi_dataset_V2 [1ms]
2025-04-27 01:30:28.105 [info] > git for-each-ref --sort -committerdate --format %(refname)%00%(objectname)%00%(*objectname) [3ms]
2025-04-27 01:30:28.206 [info] > git status -z -uall [112ms]
2025-04-27 01:30:33.345 [info] > git config --get commit.template [7ms]
2025-04-27 01:30:33.346 [info] > git for-each-ref --format=%(refname)%00%(upstream:short)%00%(objectname)%00%(upstream:track)%00%(upstream:remotename)%00%(upstream:remoteref) refs/heads/Wusi_dataset_V2 refs/remotes/Wusi_dataset_V2 [2ms]
2025-04-27 01:30:33.361 [info] > git for-each-ref --sort -committerdate --format %(refname)%00%(objectname)%00%(*objectname) [3ms]
2025-04-27 01:30:33.456 [info] > git status -z -uall [105ms]
2025-04-27 01:30:38.582 [info] > git config --get commit.template [2ms]
2025-04-27 01:30:38.591 [info] > git for-each-ref --format=%(refname)%00%(upstream:short)%00%(objectname)%00%(upstream:track)%00%(upstream:remotename)%00%(upstream:remoteref) refs/heads/Wusi_dataset_V2 refs/remotes/Wusi_dataset_V2 [2ms]
2025-04-27 01:30:38.607 [info] > git for-each-ref --sort -committerdate --format %(refname)%00%(objectname)%00%(*objectname) [2ms]
2025-04-27 01:30:38.711 [info] > git status -z -uall [115ms]
2025-04-27 01:30:43.846 [info] > git config --get commit.template [7ms]
2025-04-27 01:30:43.847 [info] > git for-each-ref --format=%(refname)%00%(upstream:short)%00%(objectname)%00%(upstream:track)%00%(upstream:remotename)%00%(upstream:remoteref) refs/heads/Wusi_dataset_V2 refs/remotes/Wusi_dataset_V2 [2ms]
2025-04-27 01:30:43.863 [info] > git for-each-ref --sort -committerdate --format %(refname)%00%(objectname)%00%(*objectname) [2ms]
2025-04-27 01:30:43.962 [info] > git status -z -uall [109ms]
2025-04-27 01:30:49.094 [info] > git config --get commit.template [7ms]
2025-04-27 01:30:49.095 [info] > git for-each-ref --format=%(refname)%00%(upstream:short)%00%(objectname)%00%(upstream:track)%00%(upstream:remotename)%00%(upstream:remoteref) refs/heads/Wusi_dataset_V2 refs/remotes/Wusi_dataset_V2 [2ms]
2025-04-27 01:30:49.112 [info] > git for-each-ref --sort -committerdate --format %(refname)%00%(objectname)%00%(*objectname) [3ms]
2025-04-27 01:30:49.213 [info] > git status -z -uall [111ms]
2025-04-27 01:30:54.352 [info] > git config --get commit.template [9ms]
2025-04-27 01:30:54.353 [info] > git for-each-ref --format=%(refname)%00%(upstream:short)%00%(objectname)%00%(upstream:track)%00%(upstream:remotename)%00%(upstream:remoteref) refs/heads/Wusi_dataset_V2 refs/remotes/Wusi_dataset_V2 [2ms]
2025-04-27 01:30:54.367 [info] > git for-each-ref --sort -committerdate --format %(refname)%00%(objectname)%00%(*objectname) [3ms]
2025-04-27 01:30:54.468 [info] > git status -z -uall [110ms]
2025-04-27 01:30:59.598 [info] > git config --get commit.template [6ms]
2025-04-27 01:30:59.600 [info] > git for-each-ref --format=%(refname)%00%(upstream:short)%00%(objectname)%00%(upstream:track)%00%(upstream:remotename)%00%(upstream:remoteref) refs/heads/Wusi_dataset_V2 refs/remotes/Wusi_dataset_V2 [3ms]
2025-04-27 01:30:59.612 [info] > git for-each-ref --sort -committerdate --format %(refname)%00%(objectname)%00%(*objectname) [2ms]
2025-04-27 01:30:59.714 [info] > git status -z -uall [110ms]
2025-04-27 01:31:04.853 [info] > git config --get commit.template [6ms]
2025-04-27 01:31:04.854 [info] > git for-each-ref --format=%(refname)%00%(upstream:short)%00%(objectname)%00%(upstream:track)%00%(upstream:remotename)%00%(upstream:remoteref) refs/heads/Wusi_dataset_V2 refs/remotes/Wusi_dataset_V2 [2ms]
2025-04-27 01:31:04.868 [info] > git for-each-ref --sort -committerdate --format %(refname)%00%(objectname)%00%(*objectname) [2ms]
2025-04-27 01:31:04.970 [info] > git status -z -uall [111ms]
2025-04-27 01:31:10.111 [info] > git config --get commit.template [7ms]
2025-04-27 01:31:10.113 [info] > git for-each-ref --format=%(refname)%00%(upstream:short)%00%(objectname)%00%(upstream:track)%00%(upstream:remotename)%00%(upstream:remoteref) refs/heads/Wusi_dataset_V2 refs/remotes/Wusi_dataset_V2 [3ms]
2025-04-27 01:31:10.127 [info] > git for-each-ref --sort -committerdate --format %(refname)%00%(objectname)%00%(*objectname) [3ms]
2025-04-27 01:31:10.229 [info] > git status -z -uall [111ms]
2025-04-27 01:31:15.370 [info] > git config --get commit.template [6ms]
2025-04-27 01:31:15.372 [info] > git for-each-ref --format=%(refname)%00%(upstream:short)%00%(objectname)%00%(upstream:track)%00%(upstream:remotename)%00%(upstream:remoteref) refs/heads/Wusi_dataset_V2 refs/remotes/Wusi_dataset_V2 [2ms]
2025-04-27 01:31:15.386 [info] > git for-each-ref --sort -committerdate --format %(refname)%00%(objectname)%00%(*objectname) [2ms]
2025-04-27 01:31:15.491 [info] > git status -z -uall [114ms]
2025-04-27 01:31:20.626 [info] > git config --get commit.template [6ms]
2025-04-27 01:31:20.627 [info] > git for-each-ref --format=%(refname)%00%(upstream:short)%00%(objectname)%00%(upstream:track)%00%(upstream:remotename)%00%(upstream:remoteref) refs/heads/Wusi_dataset_V2 refs/remotes/Wusi_dataset_V2 [2ms]
2025-04-27 01:31:20.643 [info] > git for-each-ref --sort -committerdate --format %(refname)%00%(objectname)%00%(*objectname) [3ms]
2025-04-27 01:31:20.743 [info] > git status -z -uall [111ms]
2025-04-27 01:31:25.875 [info] > git config --get commit.template [7ms]
2025-04-27 01:31:25.876 [info] > git for-each-ref --format=%(refname)%00%(upstream:short)%00%(objectname)%00%(upstream:track)%00%(upstream:remotename)%00%(upstream:remoteref) refs/heads/Wusi_dataset_V2 refs/remotes/Wusi_dataset_V2 [2ms]
2025-04-27 01:31:25.892 [info] > git for-each-ref --sort -committerdate --format %(refname)%00%(objectname)%00%(*objectname) [3ms]
2025-04-27 01:31:25.994 [info] > git status -z -uall [112ms]
