2025-04-29 20:42:55.762 [info] [main] Log level: Info
2025-04-29 20:42:55.762 [info] [main] Validating found git in: "git"
2025-04-29 20:42:55.762 [info] [main] Using git "2.34.1" from "git"
2025-04-29 20:42:55.762 [info] [Model][doInitialScan] Initial repository scan started
2025-04-29 20:42:55.762 [info] > git rev-parse --show-toplevel [2ms]
2025-04-29 20:42:55.762 [info] > git rev-parse --git-dir --git-common-dir [1ms]
2025-04-29 20:42:55.762 [info] [Model][openRepository] Opened repository: /scratch/users/badreldeen
2025-04-29 20:42:55.762 [info] > git config --get commit.template [3ms]
2025-04-29 20:42:55.762 [info] > git rev-parse --show-toplevel [2ms]
2025-04-29 20:42:55.762 [info] > git for-each-ref --format=%(refname)%00%(upstream:short)%00%(objectname)%00%(upstream:track)%00%(upstream:remotename)%00%(upstream:remoteref) refs/heads/Wusi_dataset_V2 refs/remotes/Wusi_dataset_V2 [3ms]
2025-04-29 20:42:55.762 [info] > git rev-parse --show-toplevel [6ms]
2025-04-29 20:42:55.762 [info] > git for-each-ref --sort -committerdate --format %(refname)%00%(objectname)%00%(*objectname) [4ms]
2025-04-29 20:42:55.762 [info] > git rev-parse --show-toplevel [2ms]
2025-04-29 20:42:55.762 [info] > git rev-parse --show-toplevel [1ms]
2025-04-29 20:42:55.762 [info] > git rev-parse --show-toplevel [1ms]
2025-04-29 20:42:55.762 [info] > git rev-parse --show-toplevel [1ms]
2025-04-29 20:42:55.762 [info] > git rev-parse --show-toplevel [1ms]
2025-04-29 20:42:55.762 [info] > git rev-parse --show-toplevel [2ms]
2025-04-29 20:42:55.762 [info] [Model][doInitialScan] Initial repository scan completed - repositories (1), closed repositories (0), parent repositories (0), unsafe repositories (0)
2025-04-29 20:42:55.762 [info] > git status -z -uall [108ms]
2025-04-29 20:42:55.762 [info] > git for-each-ref --format=%(refname)%00%(upstream:short)%00%(objectname)%00%(upstream:track)%00%(upstream:remotename)%00%(upstream:remoteref) refs/heads/Wusi_dataset_V2 refs/remotes/Wusi_dataset_V2 [971ms]
2025-04-29 20:42:55.763 [info] > git config --get --local branch.Wusi_dataset_V2.vscode-merge-base [6ms]
2025-04-29 20:42:55.763 [info] > git config --get commit.template [58ms]
2025-04-29 20:42:55.763 [info] > git for-each-ref --format=%(refname)%00%(upstream:short)%00%(objectname)%00%(upstream:track)%00%(upstream:remotename)%00%(upstream:remoteref) refs/heads/origin/CMU_dataset_V2 refs/remotes/origin/CMU_dataset_V2 [5ms]
2025-04-29 20:42:55.763 [info] > git for-each-ref --format=%(refname)%00%(upstream:short)%00%(objectname)%00%(upstream:track)%00%(upstream:remotename)%00%(upstream:remoteref) refs/heads/Wusi_dataset_V2 refs/remotes/Wusi_dataset_V2 [3ms]
2025-04-29 20:42:55.764 [info] > git for-each-ref --sort -committerdate --format %(refname)%00%(objectname)%00%(*objectname) [2ms]
2025-04-29 20:42:55.855 [info] > git status -z -uall [96ms]
2025-04-29 20:42:56.853 [info] > git show --textconv :COG_Transformer/option/option_Mocap.py [22ms]
2025-04-29 20:42:56.853 [info] > git check-ignore -v -z --stdin [15ms]
2025-04-29 20:42:56.854 [info] > git ls-files --stage -- COG_Transformer/option/option_Mocap.py [20ms]
2025-04-29 20:42:56.957 [info] > git cat-file -s a25917a2c23076f085dfa2cc2c8536dda16d16ca [99ms]
2025-04-29 20:42:57.698 [info] > git blame --root --incremental 14777248763050500e8da2c7e72fdd898071e9d7 -- COG_Transformer/option/option_Mocap.py [7ms]
2025-04-29 20:43:00.141 [info] > git config --get commit.template [6ms]
2025-04-29 20:43:00.141 [info] > git for-each-ref --format=%(refname)%00%(upstream:short)%00%(objectname)%00%(upstream:track)%00%(upstream:remotename)%00%(upstream:remoteref) refs/heads/Wusi_dataset_V2 refs/remotes/Wusi_dataset_V2 [2ms]
2025-04-29 20:43:00.155 [info] > git for-each-ref --sort -committerdate --format %(refname)%00%(objectname)%00%(*objectname) [3ms]
2025-04-29 20:43:00.255 [info] > git status -z -uall [110ms]
2025-04-29 20:43:14.953 [info] > git config --get commit.template [6ms]
2025-04-29 20:43:14.954 [info] > git for-each-ref --format=%(refname)%00%(upstream:short)%00%(objectname)%00%(upstream:track)%00%(upstream:remotename)%00%(upstream:remoteref) refs/heads/Wusi_dataset_V2 refs/remotes/Wusi_dataset_V2 [3ms]
2025-04-29 20:43:14.968 [info] > git for-each-ref --sort -committerdate --format %(refname)%00%(objectname)%00%(*objectname) [2ms]
2025-04-29 20:43:15.068 [info] > git status -z -uall [109ms]
2025-04-29 20:43:20.214 [info] > git config --get commit.template [8ms]
2025-04-29 20:43:20.216 [info] > git for-each-ref --format=%(refname)%00%(upstream:short)%00%(objectname)%00%(upstream:track)%00%(upstream:remotename)%00%(upstream:remoteref) refs/heads/Wusi_dataset_V2 refs/remotes/Wusi_dataset_V2 [2ms]
2025-04-29 20:43:20.231 [info] > git for-each-ref --sort -committerdate --format %(refname)%00%(objectname)%00%(*objectname) [3ms]
2025-04-29 20:43:20.331 [info] > git status -z -uall [111ms]
2025-04-29 20:43:33.555 [info] > git config --get commit.template [6ms]
2025-04-29 20:43:33.555 [info] > git for-each-ref --format=%(refname)%00%(upstream:short)%00%(objectname)%00%(upstream:track)%00%(upstream:remotename)%00%(upstream:remoteref) refs/heads/Wusi_dataset_V2 refs/remotes/Wusi_dataset_V2 [2ms]
2025-04-29 20:43:33.570 [info] > git for-each-ref --sort -committerdate --format %(refname)%00%(objectname)%00%(*objectname) [3ms]
2025-04-29 20:43:33.669 [info] > git status -z -uall [109ms]
2025-04-29 20:43:38.806 [info] > git config --get commit.template [6ms]
2025-04-29 20:43:38.807 [info] > git for-each-ref --format=%(refname)%00%(upstream:short)%00%(objectname)%00%(upstream:track)%00%(upstream:remotename)%00%(upstream:remoteref) refs/heads/Wusi_dataset_V2 refs/remotes/Wusi_dataset_V2 [2ms]
2025-04-29 20:43:38.822 [info] > git for-each-ref --sort -committerdate --format %(refname)%00%(objectname)%00%(*objectname) [3ms]
2025-04-29 20:43:38.927 [info] > git status -z -uall [114ms]
2025-04-29 20:43:44.062 [info] > git config --get commit.template [7ms]
2025-04-29 20:43:44.065 [info] > git for-each-ref --format=%(refname)%00%(upstream:short)%00%(objectname)%00%(upstream:track)%00%(upstream:remotename)%00%(upstream:remoteref) refs/heads/Wusi_dataset_V2 refs/remotes/Wusi_dataset_V2 [3ms]
2025-04-29 20:43:44.082 [info] > git for-each-ref --sort -committerdate --format %(refname)%00%(objectname)%00%(*objectname) [3ms]
2025-04-29 20:43:44.183 [info] > git status -z -uall [112ms]
2025-04-29 20:48:57.778 [info] > git config --get commit.template [8ms]
2025-04-29 20:48:57.779 [info] > git for-each-ref --format=%(refname)%00%(upstream:short)%00%(objectname)%00%(upstream:track)%00%(upstream:remotename)%00%(upstream:remoteref) refs/heads/Wusi_dataset_V2 refs/remotes/Wusi_dataset_V2 [4ms]
2025-04-29 20:48:57.795 [info] > git for-each-ref --sort -committerdate --format %(refname)%00%(objectname)%00%(*objectname) [3ms]
2025-04-29 20:48:57.919 [info] > git status -z -uall [133ms]
2025-04-29 20:49:03.091 [info] > git config --get commit.template [7ms]
2025-04-29 20:49:03.092 [info] > git for-each-ref --format=%(refname)%00%(upstream:short)%00%(objectname)%00%(upstream:track)%00%(upstream:remotename)%00%(upstream:remoteref) refs/heads/Wusi_dataset_V2 refs/remotes/Wusi_dataset_V2 [2ms]
2025-04-29 20:49:03.107 [info] > git for-each-ref --sort -committerdate --format %(refname)%00%(objectname)%00%(*objectname) [4ms]
2025-04-29 20:49:03.211 [info] > git status -z -uall [114ms]
2025-04-29 20:49:08.664 [info] > git config --get commit.template [9ms]
2025-04-29 20:49:08.666 [info] > git for-each-ref --format=%(refname)%00%(upstream:short)%00%(objectname)%00%(upstream:track)%00%(upstream:remotename)%00%(upstream:remoteref) refs/heads/Wusi_dataset_V2 refs/remotes/Wusi_dataset_V2 [3ms]
2025-04-29 20:49:08.683 [info] > git for-each-ref --sort -committerdate --format %(refname)%00%(objectname)%00%(*objectname) [3ms]
2025-04-29 20:49:08.793 [info] > git status -z -uall [120ms]
2025-04-29 20:49:13.967 [info] > git config --get commit.template [7ms]
2025-04-29 20:49:13.968 [info] > git for-each-ref --format=%(refname)%00%(upstream:short)%00%(objectname)%00%(upstream:track)%00%(upstream:remotename)%00%(upstream:remoteref) refs/heads/Wusi_dataset_V2 refs/remotes/Wusi_dataset_V2 [2ms]
2025-04-29 20:49:13.983 [info] > git for-each-ref --sort -committerdate --format %(refname)%00%(objectname)%00%(*objectname) [2ms]
2025-04-29 20:49:14.085 [info] > git status -z -uall [110ms]
2025-04-29 20:49:19.222 [info] > git config --get commit.template [8ms]
2025-04-29 20:49:19.223 [info] > git for-each-ref --format=%(refname)%00%(upstream:short)%00%(objectname)%00%(upstream:track)%00%(upstream:remotename)%00%(upstream:remoteref) refs/heads/Wusi_dataset_V2 refs/remotes/Wusi_dataset_V2 [2ms]
2025-04-29 20:49:19.239 [info] > git for-each-ref --sort -committerdate --format %(refname)%00%(objectname)%00%(*objectname) [2ms]
2025-04-29 20:49:19.341 [info] > git status -z -uall [112ms]
2025-04-29 20:49:24.453 [info] > git config --get commit.template [8ms]
2025-04-29 20:49:24.454 [info] > git for-each-ref --format=%(refname)%00%(upstream:short)%00%(objectname)%00%(upstream:track)%00%(upstream:remotename)%00%(upstream:remoteref) refs/heads/Wusi_dataset_V2 refs/remotes/Wusi_dataset_V2 [2ms]
2025-04-29 20:49:24.469 [info] > git for-each-ref --sort -committerdate --format %(refname)%00%(objectname)%00%(*objectname) [2ms]
2025-04-29 20:49:24.567 [info] > git status -z -uall [106ms]
2025-04-29 20:49:29.703 [info] > git config --get commit.template [8ms]
2025-04-29 20:49:29.704 [info] > git for-each-ref --format=%(refname)%00%(upstream:short)%00%(objectname)%00%(upstream:track)%00%(upstream:remotename)%00%(upstream:remoteref) refs/heads/Wusi_dataset_V2 refs/remotes/Wusi_dataset_V2 [2ms]
2025-04-29 20:49:29.721 [info] > git for-each-ref --sort -committerdate --format %(refname)%00%(objectname)%00%(*objectname) [2ms]
2025-04-29 20:49:29.823 [info] > git status -z -uall [110ms]
2025-04-29 20:49:34.957 [info] > git config --get commit.template [7ms]
2025-04-29 20:49:34.959 [info] > git for-each-ref --format=%(refname)%00%(upstream:short)%00%(objectname)%00%(upstream:track)%00%(upstream:remotename)%00%(upstream:remoteref) refs/heads/Wusi_dataset_V2 refs/remotes/Wusi_dataset_V2 [2ms]
2025-04-29 20:49:34.975 [info] > git for-each-ref --sort -committerdate --format %(refname)%00%(objectname)%00%(*objectname) [3ms]
2025-04-29 20:49:35.074 [info] > git status -z -uall [109ms]
2025-04-29 20:49:40.171 [info] > git config --get commit.template [7ms]
2025-04-29 20:49:40.172 [info] > git for-each-ref --format=%(refname)%00%(upstream:short)%00%(objectname)%00%(upstream:track)%00%(upstream:remotename)%00%(upstream:remoteref) refs/heads/Wusi_dataset_V2 refs/remotes/Wusi_dataset_V2 [2ms]
2025-04-29 20:49:40.188 [info] > git for-each-ref --sort -committerdate --format %(refname)%00%(objectname)%00%(*objectname) [3ms]
2025-04-29 20:49:40.286 [info] > git status -z -uall [108ms]
2025-04-29 20:49:45.426 [info] > git config --get commit.template [6ms]
2025-04-29 20:49:45.426 [info] > git for-each-ref --format=%(refname)%00%(upstream:short)%00%(objectname)%00%(upstream:track)%00%(upstream:remotename)%00%(upstream:remoteref) refs/heads/Wusi_dataset_V2 refs/remotes/Wusi_dataset_V2 [1ms]
2025-04-29 20:49:45.439 [info] > git for-each-ref --sort -committerdate --format %(refname)%00%(objectname)%00%(*objectname) [3ms]
2025-04-29 20:49:45.537 [info] > git status -z -uall [106ms]
2025-04-29 20:49:50.683 [info] > git config --get commit.template [7ms]
2025-04-29 20:49:50.684 [info] > git for-each-ref --format=%(refname)%00%(upstream:short)%00%(objectname)%00%(upstream:track)%00%(upstream:remotename)%00%(upstream:remoteref) refs/heads/Wusi_dataset_V2 refs/remotes/Wusi_dataset_V2 [2ms]
2025-04-29 20:49:50.699 [info] > git for-each-ref --sort -committerdate --format %(refname)%00%(objectname)%00%(*objectname) [3ms]
2025-04-29 20:49:50.800 [info] > git status -z -uall [110ms]
2025-04-29 20:49:55.942 [info] > git config --get commit.template [6ms]
2025-04-29 20:49:55.943 [info] > git for-each-ref --format=%(refname)%00%(upstream:short)%00%(objectname)%00%(upstream:track)%00%(upstream:remotename)%00%(upstream:remoteref) refs/heads/Wusi_dataset_V2 refs/remotes/Wusi_dataset_V2 [2ms]
2025-04-29 20:49:55.959 [info] > git for-each-ref --sort -committerdate --format %(refname)%00%(objectname)%00%(*objectname) [3ms]
2025-04-29 20:49:56.058 [info] > git status -z -uall [110ms]
2025-04-29 20:50:01.196 [info] > git config --get commit.template [8ms]
2025-04-29 20:50:01.197 [info] > git for-each-ref --format=%(refname)%00%(upstream:short)%00%(objectname)%00%(upstream:track)%00%(upstream:remotename)%00%(upstream:remoteref) refs/heads/Wusi_dataset_V2 refs/remotes/Wusi_dataset_V2 [2ms]
2025-04-29 20:50:01.215 [info] > git for-each-ref --sort -committerdate --format %(refname)%00%(objectname)%00%(*objectname) [2ms]
2025-04-29 20:50:01.313 [info] > git status -z -uall [110ms]
2025-04-29 20:50:06.451 [info] > git config --get commit.template [6ms]
2025-04-29 20:50:06.452 [info] > git for-each-ref --format=%(refname)%00%(upstream:short)%00%(objectname)%00%(upstream:track)%00%(upstream:remotename)%00%(upstream:remoteref) refs/heads/Wusi_dataset_V2 refs/remotes/Wusi_dataset_V2 [3ms]
2025-04-29 20:50:06.466 [info] > git for-each-ref --sort -committerdate --format %(refname)%00%(objectname)%00%(*objectname) [3ms]
2025-04-29 20:50:06.565 [info] > git status -z -uall [109ms]
2025-04-29 20:50:11.676 [info] > git config --get commit.template [8ms]
2025-04-29 20:50:11.677 [info] > git for-each-ref --format=%(refname)%00%(upstream:short)%00%(objectname)%00%(upstream:track)%00%(upstream:remotename)%00%(upstream:remoteref) refs/heads/Wusi_dataset_V2 refs/remotes/Wusi_dataset_V2 [2ms]
2025-04-29 20:50:11.695 [info] > git for-each-ref --sort -committerdate --format %(refname)%00%(objectname)%00%(*objectname) [3ms]
2025-04-29 20:50:11.792 [info] > git status -z -uall [109ms]
2025-04-29 20:50:16.934 [info] > git config --get commit.template [7ms]
2025-04-29 20:50:16.935 [info] > git for-each-ref --format=%(refname)%00%(upstream:short)%00%(objectname)%00%(upstream:track)%00%(upstream:remotename)%00%(upstream:remoteref) refs/heads/Wusi_dataset_V2 refs/remotes/Wusi_dataset_V2 [2ms]
2025-04-29 20:50:16.952 [info] > git for-each-ref --sort -committerdate --format %(refname)%00%(objectname)%00%(*objectname) [3ms]
2025-04-29 20:50:17.048 [info] > git status -z -uall [107ms]
2025-04-29 20:50:22.188 [info] > git config --get commit.template [7ms]
2025-04-29 20:50:22.189 [info] > git for-each-ref --format=%(refname)%00%(upstream:short)%00%(objectname)%00%(upstream:track)%00%(upstream:remotename)%00%(upstream:remoteref) refs/heads/Wusi_dataset_V2 refs/remotes/Wusi_dataset_V2 [2ms]
2025-04-29 20:50:22.207 [info] > git for-each-ref --sort -committerdate --format %(refname)%00%(objectname)%00%(*objectname) [3ms]
2025-04-29 20:50:22.304 [info] > git status -z -uall [108ms]
2025-04-29 20:50:27.447 [info] > git config --get commit.template [2ms]
2025-04-29 20:50:27.455 [info] > git for-each-ref --format=%(refname)%00%(upstream:short)%00%(objectname)%00%(upstream:track)%00%(upstream:remotename)%00%(upstream:remoteref) refs/heads/Wusi_dataset_V2 refs/remotes/Wusi_dataset_V2 [2ms]
2025-04-29 20:50:27.471 [info] > git for-each-ref --sort -committerdate --format %(refname)%00%(objectname)%00%(*objectname) [2ms]
2025-04-29 20:50:27.577 [info] > git status -z -uall [116ms]
2025-04-29 20:50:33.969 [info] > git config --get commit.template [7ms]
2025-04-29 20:50:33.970 [info] > git for-each-ref --format=%(refname)%00%(upstream:short)%00%(objectname)%00%(upstream:track)%00%(upstream:remotename)%00%(upstream:remoteref) refs/heads/Wusi_dataset_V2 refs/remotes/Wusi_dataset_V2 [2ms]
2025-04-29 20:50:33.988 [info] > git for-each-ref --sort -committerdate --format %(refname)%00%(objectname)%00%(*objectname) [3ms]
2025-04-29 20:50:34.084 [info] > git status -z -uall [109ms]
2025-04-29 20:50:39.161 [info] > git config --get commit.template [7ms]
2025-04-29 20:50:39.162 [info] > git for-each-ref --format=%(refname)%00%(upstream:short)%00%(objectname)%00%(upstream:track)%00%(upstream:remotename)%00%(upstream:remoteref) refs/heads/Wusi_dataset_V2 refs/remotes/Wusi_dataset_V2 [2ms]
2025-04-29 20:50:39.176 [info] > git for-each-ref --sort -committerdate --format %(refname)%00%(objectname)%00%(*objectname) [2ms]
2025-04-29 20:50:39.280 [info] > git status -z -uall [113ms]
2025-04-29 20:50:44.418 [info] > git config --get commit.template [6ms]
2025-04-29 20:50:44.419 [info] > git for-each-ref --format=%(refname)%00%(upstream:short)%00%(objectname)%00%(upstream:track)%00%(upstream:remotename)%00%(upstream:remoteref) refs/heads/Wusi_dataset_V2 refs/remotes/Wusi_dataset_V2 [2ms]
2025-04-29 20:50:44.433 [info] > git for-each-ref --sort -committerdate --format %(refname)%00%(objectname)%00%(*objectname) [2ms]
2025-04-29 20:50:44.533 [info] > git status -z -uall [108ms]
2025-04-29 20:50:49.995 [info] > git config --get commit.template [2ms]
2025-04-29 20:50:50.003 [info] > git for-each-ref --format=%(refname)%00%(upstream:short)%00%(objectname)%00%(upstream:track)%00%(upstream:remotename)%00%(upstream:remoteref) refs/heads/Wusi_dataset_V2 refs/remotes/Wusi_dataset_V2 [2ms]
2025-04-29 20:50:50.018 [info] > git for-each-ref --sort -committerdate --format %(refname)%00%(objectname)%00%(*objectname) [3ms]
2025-04-29 20:50:50.116 [info] > git status -z -uall [109ms]
2025-04-29 20:50:55.262 [info] > git config --get commit.template [6ms]
2025-04-29 20:50:55.263 [info] > git for-each-ref --format=%(refname)%00%(upstream:short)%00%(objectname)%00%(upstream:track)%00%(upstream:remotename)%00%(upstream:remoteref) refs/heads/Wusi_dataset_V2 refs/remotes/Wusi_dataset_V2 [2ms]
2025-04-29 20:50:55.279 [info] > git for-each-ref --sort -committerdate --format %(refname)%00%(objectname)%00%(*objectname) [3ms]
2025-04-29 20:50:55.378 [info] > git status -z -uall [110ms]
2025-04-29 20:51:00.718 [info] > git config --get commit.template [9ms]
2025-04-29 20:51:00.719 [info] > git for-each-ref --format=%(refname)%00%(upstream:short)%00%(objectname)%00%(upstream:track)%00%(upstream:remotename)%00%(upstream:remoteref) refs/heads/Wusi_dataset_V2 refs/remotes/Wusi_dataset_V2 [2ms]
2025-04-29 20:51:00.736 [info] > git for-each-ref --sort -committerdate --format %(refname)%00%(objectname)%00%(*objectname) [3ms]
2025-04-29 20:51:00.839 [info] > git status -z -uall [113ms]
2025-04-29 20:51:05.977 [info] > git config --get commit.template [7ms]
2025-04-29 20:51:05.978 [info] > git for-each-ref --format=%(refname)%00%(upstream:short)%00%(objectname)%00%(upstream:track)%00%(upstream:remotename)%00%(upstream:remoteref) refs/heads/Wusi_dataset_V2 refs/remotes/Wusi_dataset_V2 [2ms]
2025-04-29 20:51:05.995 [info] > git for-each-ref --sort -committerdate --format %(refname)%00%(objectname)%00%(*objectname) [2ms]
2025-04-29 20:51:06.093 [info] > git status -z -uall [109ms]
2025-04-29 20:51:11.228 [info] > git config --get commit.template [8ms]
2025-04-29 20:51:11.229 [info] > git for-each-ref --format=%(refname)%00%(upstream:short)%00%(objectname)%00%(upstream:track)%00%(upstream:remotename)%00%(upstream:remoteref) refs/heads/Wusi_dataset_V2 refs/remotes/Wusi_dataset_V2 [2ms]
2025-04-29 20:51:11.244 [info] > git for-each-ref --sort -committerdate --format %(refname)%00%(objectname)%00%(*objectname) [3ms]
2025-04-29 20:51:11.346 [info] > git status -z -uall [112ms]
2025-04-29 20:51:16.491 [info] > git config --get commit.template [7ms]
2025-04-29 20:51:16.492 [info] > git for-each-ref --format=%(refname)%00%(upstream:short)%00%(objectname)%00%(upstream:track)%00%(upstream:remotename)%00%(upstream:remoteref) refs/heads/Wusi_dataset_V2 refs/remotes/Wusi_dataset_V2 [2ms]
2025-04-29 20:51:16.508 [info] > git for-each-ref --sort -committerdate --format %(refname)%00%(objectname)%00%(*objectname) [2ms]
2025-04-29 20:51:16.606 [info] > git status -z -uall [109ms]
2025-04-29 20:51:21.739 [info] > git config --get commit.template [6ms]
2025-04-29 20:51:21.740 [info] > git for-each-ref --format=%(refname)%00%(upstream:short)%00%(objectname)%00%(upstream:track)%00%(upstream:remotename)%00%(upstream:remoteref) refs/heads/Wusi_dataset_V2 refs/remotes/Wusi_dataset_V2 [2ms]
2025-04-29 20:51:21.756 [info] > git for-each-ref --sort -committerdate --format %(refname)%00%(objectname)%00%(*objectname) [3ms]
2025-04-29 20:51:21.855 [info] > git status -z -uall [110ms]
2025-04-29 20:51:27.002 [info] > git config --get commit.template [6ms]
2025-04-29 20:51:27.003 [info] > git for-each-ref --format=%(refname)%00%(upstream:short)%00%(objectname)%00%(upstream:track)%00%(upstream:remotename)%00%(upstream:remoteref) refs/heads/Wusi_dataset_V2 refs/remotes/Wusi_dataset_V2 [2ms]
2025-04-29 20:51:27.019 [info] > git for-each-ref --sort -committerdate --format %(refname)%00%(objectname)%00%(*objectname) [3ms]
2025-04-29 20:51:27.120 [info] > git status -z -uall [112ms]
2025-04-29 20:51:32.262 [info] > git config --get commit.template [6ms]
2025-04-29 20:51:32.263 [info] > git for-each-ref --format=%(refname)%00%(upstream:short)%00%(objectname)%00%(upstream:track)%00%(upstream:remotename)%00%(upstream:remoteref) refs/heads/Wusi_dataset_V2 refs/remotes/Wusi_dataset_V2 [2ms]
2025-04-29 20:51:32.279 [info] > git for-each-ref --sort -committerdate --format %(refname)%00%(objectname)%00%(*objectname) [3ms]
2025-04-29 20:51:32.380 [info] > git status -z -uall [110ms]
2025-04-29 20:51:37.514 [info] > git config --get commit.template [6ms]
2025-04-29 20:51:37.515 [info] > git for-each-ref --format=%(refname)%00%(upstream:short)%00%(objectname)%00%(upstream:track)%00%(upstream:remotename)%00%(upstream:remoteref) refs/heads/Wusi_dataset_V2 refs/remotes/Wusi_dataset_V2 [2ms]
2025-04-29 20:51:37.531 [info] > git for-each-ref --sort -committerdate --format %(refname)%00%(objectname)%00%(*objectname) [3ms]
2025-04-29 20:51:37.630 [info] > git status -z -uall [109ms]
2025-04-29 20:51:42.767 [info] > git config --get commit.template [7ms]
2025-04-29 20:51:42.768 [info] > git for-each-ref --format=%(refname)%00%(upstream:short)%00%(objectname)%00%(upstream:track)%00%(upstream:remotename)%00%(upstream:remoteref) refs/heads/Wusi_dataset_V2 refs/remotes/Wusi_dataset_V2 [2ms]
2025-04-29 20:51:42.784 [info] > git for-each-ref --sort -committerdate --format %(refname)%00%(objectname)%00%(*objectname) [3ms]
2025-04-29 20:51:42.883 [info] > git status -z -uall [110ms]
2025-04-29 20:51:48.027 [info] > git config --get commit.template [6ms]
2025-04-29 20:51:48.028 [info] > git for-each-ref --format=%(refname)%00%(upstream:short)%00%(objectname)%00%(upstream:track)%00%(upstream:remotename)%00%(upstream:remoteref) refs/heads/Wusi_dataset_V2 refs/remotes/Wusi_dataset_V2 [2ms]
2025-04-29 20:51:48.045 [info] > git for-each-ref --sort -committerdate --format %(refname)%00%(objectname)%00%(*objectname) [2ms]
2025-04-29 20:51:48.146 [info] > git status -z -uall [112ms]
2025-04-29 20:51:53.292 [info] > git config --get commit.template [6ms]
2025-04-29 20:51:53.293 [info] > git for-each-ref --format=%(refname)%00%(upstream:short)%00%(objectname)%00%(upstream:track)%00%(upstream:remotename)%00%(upstream:remoteref) refs/heads/Wusi_dataset_V2 refs/remotes/Wusi_dataset_V2 [2ms]
2025-04-29 20:51:53.309 [info] > git for-each-ref --sort -committerdate --format %(refname)%00%(objectname)%00%(*objectname) [2ms]
2025-04-29 20:51:53.407 [info] > git status -z -uall [109ms]
2025-04-29 20:51:58.549 [info] > git config --get commit.template [8ms]
2025-04-29 20:51:58.550 [info] > git for-each-ref --format=%(refname)%00%(upstream:short)%00%(objectname)%00%(upstream:track)%00%(upstream:remotename)%00%(upstream:remoteref) refs/heads/Wusi_dataset_V2 refs/remotes/Wusi_dataset_V2 [2ms]
2025-04-29 20:51:58.567 [info] > git for-each-ref --sort -committerdate --format %(refname)%00%(objectname)%00%(*objectname) [3ms]
2025-04-29 20:51:58.667 [info] > git status -z -uall [111ms]
2025-04-29 20:52:03.806 [info] > git config --get commit.template [7ms]
2025-04-29 20:52:03.807 [info] > git for-each-ref --format=%(refname)%00%(upstream:short)%00%(objectname)%00%(upstream:track)%00%(upstream:remotename)%00%(upstream:remoteref) refs/heads/Wusi_dataset_V2 refs/remotes/Wusi_dataset_V2 [2ms]
2025-04-29 20:52:03.824 [info] > git for-each-ref --sort -committerdate --format %(refname)%00%(objectname)%00%(*objectname) [3ms]
2025-04-29 20:52:03.923 [info] > git status -z -uall [110ms]
2025-04-29 20:52:09.065 [info] > git config --get commit.template [7ms]
2025-04-29 20:52:09.066 [info] > git for-each-ref --format=%(refname)%00%(upstream:short)%00%(objectname)%00%(upstream:track)%00%(upstream:remotename)%00%(upstream:remoteref) refs/heads/Wusi_dataset_V2 refs/remotes/Wusi_dataset_V2 [2ms]
2025-04-29 20:52:09.082 [info] > git for-each-ref --sort -committerdate --format %(refname)%00%(objectname)%00%(*objectname) [2ms]
2025-04-29 20:52:09.178 [info] > git status -z -uall [107ms]
2025-04-29 20:52:14.320 [info] > git config --get commit.template [9ms]
2025-04-29 20:52:14.321 [info] > git for-each-ref --format=%(refname)%00%(upstream:short)%00%(objectname)%00%(upstream:track)%00%(upstream:remotename)%00%(upstream:remoteref) refs/heads/Wusi_dataset_V2 refs/remotes/Wusi_dataset_V2 [2ms]
2025-04-29 20:52:14.339 [info] > git for-each-ref --sort -committerdate --format %(refname)%00%(objectname)%00%(*objectname) [2ms]
2025-04-29 20:52:14.437 [info] > git status -z -uall [108ms]
2025-04-29 20:52:19.826 [info] > git config --get commit.template [6ms]
2025-04-29 20:52:19.827 [info] > git for-each-ref --format=%(refname)%00%(upstream:short)%00%(objectname)%00%(upstream:track)%00%(upstream:remotename)%00%(upstream:remoteref) refs/heads/Wusi_dataset_V2 refs/remotes/Wusi_dataset_V2 [3ms]
2025-04-29 20:52:19.843 [info] > git for-each-ref --sort -committerdate --format %(refname)%00%(objectname)%00%(*objectname) [2ms]
2025-04-29 20:52:19.942 [info] > git status -z -uall [110ms]
2025-04-29 20:52:25.080 [info] > git config --get commit.template [9ms]
2025-04-29 20:52:25.081 [info] > git for-each-ref --format=%(refname)%00%(upstream:short)%00%(objectname)%00%(upstream:track)%00%(upstream:remotename)%00%(upstream:remoteref) refs/heads/Wusi_dataset_V2 refs/remotes/Wusi_dataset_V2 [2ms]
2025-04-29 20:52:25.099 [info] > git for-each-ref --sort -committerdate --format %(refname)%00%(objectname)%00%(*objectname) [3ms]
2025-04-29 20:52:25.196 [info] > git status -z -uall [108ms]
2025-04-29 20:52:30.339 [info] > git config --get commit.template [6ms]
2025-04-29 20:52:30.340 [info] > git for-each-ref --format=%(refname)%00%(upstream:short)%00%(objectname)%00%(upstream:track)%00%(upstream:remotename)%00%(upstream:remoteref) refs/heads/Wusi_dataset_V2 refs/remotes/Wusi_dataset_V2 [2ms]
2025-04-29 20:52:30.357 [info] > git for-each-ref --sort -committerdate --format %(refname)%00%(objectname)%00%(*objectname) [2ms]
2025-04-29 20:52:30.462 [info] > git status -z -uall [115ms]
2025-04-29 20:52:35.599 [info] > git config --get commit.template [7ms]
2025-04-29 20:52:35.602 [info] > git for-each-ref --format=%(refname)%00%(upstream:short)%00%(objectname)%00%(upstream:track)%00%(upstream:remotename)%00%(upstream:remoteref) refs/heads/Wusi_dataset_V2 refs/remotes/Wusi_dataset_V2 [4ms]
2025-04-29 20:52:35.617 [info] > git for-each-ref --sort -committerdate --format %(refname)%00%(objectname)%00%(*objectname) [2ms]
2025-04-29 20:52:35.715 [info] > git status -z -uall [107ms]
2025-04-29 20:52:40.807 [info] > git config --get commit.template [6ms]
2025-04-29 20:52:40.808 [info] > git for-each-ref --format=%(refname)%00%(upstream:short)%00%(objectname)%00%(upstream:track)%00%(upstream:remotename)%00%(upstream:remoteref) refs/heads/Wusi_dataset_V2 refs/remotes/Wusi_dataset_V2 [2ms]
2025-04-29 20:52:40.824 [info] > git for-each-ref --sort -committerdate --format %(refname)%00%(objectname)%00%(*objectname) [3ms]
2025-04-29 20:52:40.920 [info] > git status -z -uall [106ms]
2025-04-29 20:52:46.064 [info] > git config --get commit.template [7ms]
2025-04-29 20:52:46.065 [info] > git for-each-ref --format=%(refname)%00%(upstream:short)%00%(objectname)%00%(upstream:track)%00%(upstream:remotename)%00%(upstream:remoteref) refs/heads/Wusi_dataset_V2 refs/remotes/Wusi_dataset_V2 [2ms]
2025-04-29 20:52:46.083 [info] > git for-each-ref --sort -committerdate --format %(refname)%00%(objectname)%00%(*objectname) [3ms]
2025-04-29 20:52:46.181 [info] > git status -z -uall [110ms]
2025-04-29 20:52:51.323 [info] > git config --get commit.template [7ms]
2025-04-29 20:52:51.324 [info] > git for-each-ref --format=%(refname)%00%(upstream:short)%00%(objectname)%00%(upstream:track)%00%(upstream:remotename)%00%(upstream:remoteref) refs/heads/Wusi_dataset_V2 refs/remotes/Wusi_dataset_V2 [2ms]
2025-04-29 20:52:51.340 [info] > git for-each-ref --sort -committerdate --format %(refname)%00%(objectname)%00%(*objectname) [3ms]
2025-04-29 20:52:51.437 [info] > git status -z -uall [108ms]
