2025-04-27 01:34:49.092 [info] [main] Log level: Info
2025-04-27 01:34:49.092 [info] [main] Validating found git in: "git"
2025-04-27 01:34:49.092 [info] [main] Using git "2.34.1" from "git"
2025-04-27 01:34:49.092 [info] [Model][doInitialScan] Initial repository scan started
2025-04-27 01:34:49.092 [info] > git rev-parse --show-toplevel [26ms]
2025-04-27 01:34:49.092 [info] > git rev-parse --git-dir --git-common-dir [2ms]
2025-04-27 01:34:49.092 [info] [Model][openRepository] Opened repository: /scratch/users/badreldeen
2025-04-27 01:34:49.092 [info] > git config --get commit.template [3ms]
2025-04-27 01:34:49.092 [info] > git rev-parse --show-toplevel [2ms]
2025-04-27 01:34:49.092 [info] > git rev-parse --show-toplevel [2ms]
2025-04-27 01:34:49.092 [info] > git for-each-ref --format=%(refname)%00%(upstream:short)%00%(objectname)%00%(upstream:track)%00%(upstream:remotename)%00%(upstream:remoteref) refs/heads/Wusi_dataset_V2 refs/remotes/Wusi_dataset_V2 [4ms]
2025-04-27 01:34:49.092 [info] > git for-each-ref --sort -committerdate --format %(refname)%00%(objectname)%00%(*objectname) [3ms]
2025-04-27 01:34:49.094 [info] > git rev-parse --show-toplevel [3ms]
2025-04-27 01:34:49.097 [info] > git rev-parse --show-toplevel [2ms]
2025-04-27 01:34:49.099 [info] > git rev-parse --show-toplevel [1ms]
2025-04-27 01:34:49.102 [info] > git rev-parse --show-toplevel [1ms]
2025-04-27 01:34:49.105 [info] > git rev-parse --show-toplevel [1ms]
2025-04-27 01:34:49.107 [info] > git rev-parse --show-toplevel [1ms]
2025-04-27 01:34:49.110 [info] [Model][doInitialScan] Initial repository scan completed - repositories (1), closed repositories (0), parent repositories (0), unsafe repositories (0)
2025-04-27 01:34:49.191 [info] > git status -z -uall [104ms]
2025-04-27 01:34:50.231 [info] > git config --get commit.template [905ms]
2025-04-27 01:34:50.231 [info] > git for-each-ref --format=%(refname)%00%(upstream:short)%00%(objectname)%00%(upstream:track)%00%(upstream:remotename)%00%(upstream:remoteref) refs/heads/Wusi_dataset_V2 refs/remotes/Wusi_dataset_V2 [909ms]
2025-04-27 01:34:50.249 [info] > git check-ignore -v -z --stdin [6ms]
2025-04-27 01:34:50.250 [info] > git config --get --local branch.Wusi_dataset_V2.vscode-merge-base [13ms]
2025-04-27 01:34:50.264 [info] > git for-each-ref --format=%(refname)%00%(upstream:short)%00%(objectname)%00%(upstream:track)%00%(upstream:remotename)%00%(upstream:remoteref) refs/heads/Wusi_dataset_V2 refs/remotes/Wusi_dataset_V2 [6ms]
2025-04-27 01:34:50.271 [info] > git for-each-ref --format=%(refname)%00%(upstream:short)%00%(objectname)%00%(upstream:track)%00%(upstream:remotename)%00%(upstream:remoteref) refs/heads/origin/CMU_dataset_V2 refs/remotes/origin/CMU_dataset_V2 [16ms]
2025-04-27 01:34:50.273 [info] > git for-each-ref --sort -committerdate --format %(refname)%00%(objectname)%00%(*objectname) [2ms]
2025-04-27 01:34:50.368 [info] > git status -z -uall [101ms]
2025-04-27 01:34:51.393 [info] > git show --textconv :COG_Transformer/model/IAFormer.py [19ms]
2025-04-27 01:34:51.393 [info] > git ls-files --stage -- COG_Transformer/model/IAFormer.py [15ms]
2025-04-27 01:34:51.494 [info] > git cat-file -s b9d54b6f266493b0cf94509517a0f0daed012143 [98ms]
2025-04-27 01:34:51.906 [info] > git blame --root --incremental 14777248763050500e8da2c7e72fdd898071e9d7 -- COG_Transformer/model/IAFormer.py [6ms]
2025-04-27 01:44:34.873 [info] > git config --get commit.template [6ms]
2025-04-27 01:44:34.874 [info] > git for-each-ref --format=%(refname)%00%(upstream:short)%00%(objectname)%00%(upstream:track)%00%(upstream:remotename)%00%(upstream:remoteref) refs/heads/Wusi_dataset_V2 refs/remotes/Wusi_dataset_V2 [3ms]
2025-04-27 01:44:34.887 [info] > git for-each-ref --sort -committerdate --format %(refname)%00%(objectname)%00%(*objectname) [3ms]
2025-04-27 01:44:35.006 [info] > git status -z -uall [127ms]
2025-04-27 02:06:02.609 [info] > git config --get commit.template [8ms]
2025-04-27 02:06:02.609 [info] > git for-each-ref --format=%(refname)%00%(upstream:short)%00%(objectname)%00%(upstream:track)%00%(upstream:remotename)%00%(upstream:remoteref) refs/heads/Wusi_dataset_V2 refs/remotes/Wusi_dataset_V2 [4ms]
2025-04-27 02:06:02.623 [info] > git for-each-ref --sort -committerdate --format %(refname)%00%(objectname)%00%(*objectname) [3ms]
2025-04-27 02:06:02.735 [info] > git status -z -uall [121ms]
2025-04-27 02:06:07.902 [info] > git config --get commit.template [7ms]
2025-04-27 02:06:07.903 [info] > git for-each-ref --format=%(refname)%00%(upstream:short)%00%(objectname)%00%(upstream:track)%00%(upstream:remotename)%00%(upstream:remoteref) refs/heads/Wusi_dataset_V2 refs/remotes/Wusi_dataset_V2 [3ms]
2025-04-27 02:06:07.918 [info] > git for-each-ref --sort -committerdate --format %(refname)%00%(objectname)%00%(*objectname) [3ms]
2025-04-27 02:06:08.025 [info] > git status -z -uall [117ms]
2025-04-27 02:06:13.165 [info] > git config --get commit.template [6ms]
2025-04-27 02:06:13.166 [info] > git for-each-ref --format=%(refname)%00%(upstream:short)%00%(objectname)%00%(upstream:track)%00%(upstream:remotename)%00%(upstream:remoteref) refs/heads/Wusi_dataset_V2 refs/remotes/Wusi_dataset_V2 [3ms]
2025-04-27 02:06:13.179 [info] > git for-each-ref --sort -committerdate --format %(refname)%00%(objectname)%00%(*objectname) [3ms]
2025-04-27 02:06:13.285 [info] > git status -z -uall [115ms]
2025-04-27 02:23:33.963 [info] > git config --get commit.template [6ms]
2025-04-27 02:23:33.964 [info] > git for-each-ref --format=%(refname)%00%(upstream:short)%00%(objectname)%00%(upstream:track)%00%(upstream:remotename)%00%(upstream:remoteref) refs/heads/Wusi_dataset_V2 refs/remotes/Wusi_dataset_V2 [3ms]
2025-04-27 02:23:33.977 [info] > git for-each-ref --sort -committerdate --format %(refname)%00%(objectname)%00%(*objectname) [3ms]
2025-04-27 02:23:34.091 [info] > git status -z -uall [122ms]
2025-04-27 02:32:38.475 [info] > git config --get commit.template [6ms]
2025-04-27 02:32:38.475 [info] > git for-each-ref --format=%(refname)%00%(upstream:short)%00%(objectname)%00%(upstream:track)%00%(upstream:remotename)%00%(upstream:remoteref) refs/heads/Wusi_dataset_V2 refs/remotes/Wusi_dataset_V2 [2ms]
2025-04-27 02:32:38.489 [info] > git for-each-ref --sort -committerdate --format %(refname)%00%(objectname)%00%(*objectname) [3ms]
2025-04-27 02:32:38.600 [info] > git status -z -uall [121ms]
2025-04-27 02:46:42.253 [info] > git config --get commit.template [7ms]
2025-04-27 02:46:42.254 [info] > git for-each-ref --format=%(refname)%00%(upstream:short)%00%(objectname)%00%(upstream:track)%00%(upstream:remotename)%00%(upstream:remoteref) refs/heads/Wusi_dataset_V2 refs/remotes/Wusi_dataset_V2 [2ms]
2025-04-27 02:46:42.267 [info] > git for-each-ref --sort -committerdate --format %(refname)%00%(objectname)%00%(*objectname) [3ms]
2025-04-27 02:46:42.381 [info] > git status -z -uall [123ms]
