2025-04-27 11:29:46.044 [info] [main] Log level: Info
2025-04-27 11:29:46.044 [info] [main] Validating found git in: "git"
2025-04-27 11:29:46.044 [info] [main] Using git "2.34.1" from "git"
2025-04-27 11:29:46.044 [info] [Model][doInitialScan] Initial repository scan started
2025-04-27 11:29:46.044 [info] > git rev-parse --show-toplevel [25ms]
2025-04-27 11:29:46.044 [info] > git rev-parse --git-dir --git-common-dir [1ms]
2025-04-27 11:29:46.044 [info] [Model][openRepository] Opened repository: /scratch/users/badreldeen
2025-04-27 11:29:46.044 [info] > git config --get commit.template [2ms]
2025-04-27 11:29:46.044 [info] > git rev-parse --show-toplevel [5ms]
2025-04-27 11:29:46.044 [info] > git for-each-ref --format=%(refname)%00%(upstream:short)%00%(objectname)%00%(upstream:track)%00%(upstream:remotename)%00%(upstream:remoteref) refs/heads/Wusi_dataset_V2 refs/remotes/Wusi_dataset_V2 [5ms]
2025-04-27 11:29:46.044 [info] > git rev-parse --show-toplevel [7ms]
2025-04-27 11:29:46.044 [info] > git for-each-ref --sort -committerdate --format %(refname)%00%(objectname)%00%(*objectname) [4ms]
2025-04-27 11:29:46.044 [info] > git rev-parse --show-toplevel [2ms]
2025-04-27 11:29:46.047 [info] > git rev-parse --show-toplevel [1ms]
2025-04-27 11:29:46.051 [info] > git rev-parse --show-toplevel [2ms]
2025-04-27 11:29:46.054 [info] > git rev-parse --show-toplevel [1ms]
2025-04-27 11:29:46.056 [info] > git rev-parse --show-toplevel [1ms]
2025-04-27 11:29:46.059 [info] > git rev-parse --show-toplevel [1ms]
2025-04-27 11:29:46.062 [info] [Model][doInitialScan] Initial repository scan completed - repositories (1), closed repositories (0), parent repositories (0), unsafe repositories (0)
2025-04-27 11:29:46.134 [info] > git status -z -uall [98ms]
2025-04-27 11:29:46.257 [info] > git for-each-ref --format=%(refname)%00%(upstream:short)%00%(objectname)%00%(upstream:track)%00%(upstream:remotename)%00%(upstream:remoteref) refs/heads/Wusi_dataset_V2 refs/remotes/Wusi_dataset_V2 [7ms]
2025-04-27 11:29:46.260 [info] > git config --get commit.template [5ms]
2025-04-27 11:29:46.262 [info] > git config --get --local branch.Wusi_dataset_V2.vscode-merge-base [3ms]
2025-04-27 11:29:47.209 [info] > git for-each-ref --format=%(refname)%00%(upstream:short)%00%(objectname)%00%(upstream:track)%00%(upstream:remotename)%00%(upstream:remoteref) refs/heads/origin/CMU_dataset_V2 refs/remotes/origin/CMU_dataset_V2 [945ms]
2025-04-27 11:29:47.211 [info] > git for-each-ref --format=%(refname)%00%(upstream:short)%00%(objectname)%00%(upstream:track)%00%(upstream:remotename)%00%(upstream:remoteref) refs/heads/Wusi_dataset_V2 refs/remotes/Wusi_dataset_V2 [949ms]
2025-04-27 11:29:47.224 [info] > git for-each-ref --sort -committerdate --format %(refname)%00%(objectname)%00%(*objectname) [7ms]
2025-04-27 11:29:47.316 [info] > git status -z -uall [101ms]
2025-04-27 11:29:48.297 [info] > git show --textconv :COG_Transformer/model/IAFormer.py [22ms]
2025-04-27 11:29:48.297 [info] > git check-ignore -v -z --stdin [15ms]
2025-04-27 11:29:48.298 [info] > git ls-files --stage -- COG_Transformer/model/IAFormer.py [19ms]
2025-04-27 11:29:48.399 [info] > git cat-file -s b9d54b6f266493b0cf94509517a0f0daed012143 [98ms]
2025-04-27 11:29:48.849 [info] > git blame --root --incremental 14777248763050500e8da2c7e72fdd898071e9d7 -- COG_Transformer/model/IAFormer.py [4ms]
2025-04-27 11:29:58.458 [info] > git config --get commit.template [6ms]
2025-04-27 11:29:58.459 [info] > git for-each-ref --format=%(refname)%00%(upstream:short)%00%(objectname)%00%(upstream:track)%00%(upstream:remotename)%00%(upstream:remoteref) refs/heads/Wusi_dataset_V2 refs/remotes/Wusi_dataset_V2 [3ms]
2025-04-27 11:29:58.473 [info] > git for-each-ref --sort -committerdate --format %(refname)%00%(objectname)%00%(*objectname) [3ms]
2025-04-27 11:29:58.582 [info] > git status -z -uall [119ms]
2025-04-27 11:30:13.326 [info] > git config --get commit.template [2ms]
2025-04-27 11:30:13.333 [info] > git for-each-ref --format=%(refname)%00%(upstream:short)%00%(objectname)%00%(upstream:track)%00%(upstream:remotename)%00%(upstream:remoteref) refs/heads/Wusi_dataset_V2 refs/remotes/Wusi_dataset_V2 [2ms]
2025-04-27 11:30:13.347 [info] > git for-each-ref --sort -committerdate --format %(refname)%00%(objectname)%00%(*objectname) [3ms]
2025-04-27 11:30:13.447 [info] > git status -z -uall [110ms]
2025-04-27 11:35:48.075 [info] > git config --get commit.template [6ms]
2025-04-27 11:35:48.076 [info] > git for-each-ref --format=%(refname)%00%(upstream:short)%00%(objectname)%00%(upstream:track)%00%(upstream:remotename)%00%(upstream:remoteref) refs/heads/Wusi_dataset_V2 refs/remotes/Wusi_dataset_V2 [3ms]
2025-04-27 11:35:48.089 [info] > git for-each-ref --sort -committerdate --format %(refname)%00%(objectname)%00%(*objectname) [3ms]
2025-04-27 11:35:48.198 [info] > git status -z -uall [118ms]
2025-04-27 11:35:53.353 [info] > git config --get commit.template [6ms]
2025-04-27 11:35:53.354 [info] > git for-each-ref --format=%(refname)%00%(upstream:short)%00%(objectname)%00%(upstream:track)%00%(upstream:remotename)%00%(upstream:remoteref) refs/heads/Wusi_dataset_V2 refs/remotes/Wusi_dataset_V2 [3ms]
2025-04-27 11:35:53.366 [info] > git for-each-ref --sort -committerdate --format %(refname)%00%(objectname)%00%(*objectname) [3ms]
2025-04-27 11:35:53.469 [info] > git status -z -uall [111ms]
2025-04-27 11:45:40.109 [info] > git config --get commit.template [8ms]
2025-04-27 11:45:40.109 [info] > git for-each-ref --format=%(refname)%00%(upstream:short)%00%(objectname)%00%(upstream:track)%00%(upstream:remotename)%00%(upstream:remoteref) refs/heads/Wusi_dataset_V2 refs/remotes/Wusi_dataset_V2 [3ms]
2025-04-27 11:45:40.123 [info] > git for-each-ref --sort -committerdate --format %(refname)%00%(objectname)%00%(*objectname) [3ms]
2025-04-27 11:45:40.237 [info] > git status -z -uall [123ms]
2025-04-27 11:45:45.401 [info] > git config --get commit.template [6ms]
2025-04-27 11:45:45.401 [info] > git for-each-ref --format=%(refname)%00%(upstream:short)%00%(objectname)%00%(upstream:track)%00%(upstream:remotename)%00%(upstream:remoteref) refs/heads/Wusi_dataset_V2 refs/remotes/Wusi_dataset_V2 [2ms]
2025-04-27 11:45:45.414 [info] > git for-each-ref --sort -committerdate --format %(refname)%00%(objectname)%00%(*objectname) [3ms]
2025-04-27 11:45:45.518 [info] > git status -z -uall [113ms]
2025-04-27 11:46:00.238 [info] > git config --get commit.template [7ms]
2025-04-27 11:46:00.238 [info] > git for-each-ref --format=%(refname)%00%(upstream:short)%00%(objectname)%00%(upstream:track)%00%(upstream:remotename)%00%(upstream:remoteref) refs/heads/Wusi_dataset_V2 refs/remotes/Wusi_dataset_V2 [2ms]
2025-04-27 11:46:00.251 [info] > git for-each-ref --sort -committerdate --format %(refname)%00%(objectname)%00%(*objectname) [3ms]
2025-04-27 11:46:00.353 [info] > git status -z -uall [109ms]
