2025-04-28 11:50:11.954 [info] [main] Log level: Info
2025-04-28 11:50:11.954 [info] [main] Validating found git in: "git"
2025-04-28 11:50:11.954 [info] [main] Using git "2.34.1" from "git"
2025-04-28 11:50:11.954 [info] [Model][doInitialScan] Initial repository scan started
2025-04-28 11:50:11.954 [info] > git rev-parse --show-toplevel [26ms]
2025-04-28 11:50:11.954 [info] > git rev-parse --git-dir --git-common-dir [1ms]
2025-04-28 11:50:11.954 [info] [Model][openRepository] Opened repository: /scratch/users/badreldeen
2025-04-28 11:50:11.954 [info] > git config --get commit.template [3ms]
2025-04-28 11:50:11.954 [info] > git rev-parse --show-toplevel [5ms]
2025-04-28 11:50:11.954 [info] > git for-each-ref --format=%(refname)%00%(upstream:short)%00%(objectname)%00%(upstream:track)%00%(upstream:remotename)%00%(upstream:remoteref) refs/heads/Wusi_dataset_V2 refs/remotes/Wusi_dataset_V2 [4ms]
2025-04-28 11:50:11.954 [info] > git rev-parse --show-toplevel [8ms]
2025-04-28 11:50:11.954 [info] > git for-each-ref --sort -committerdate --format %(refname)%00%(objectname)%00%(*objectname) [3ms]
2025-04-28 11:50:11.954 [info] > git rev-parse --show-toplevel [2ms]
2025-04-28 11:50:11.954 [info] > git rev-parse --show-toplevel [1ms]
2025-04-28 11:50:11.954 [info] > git rev-parse --show-toplevel [1ms]
2025-04-28 11:50:11.954 [info] > git rev-parse --show-toplevel [1ms]
2025-04-28 11:50:11.954 [info] > git rev-parse --show-toplevel [2ms]
2025-04-28 11:50:11.954 [info] > git rev-parse --show-toplevel [1ms]
2025-04-28 11:50:11.954 [info] [Model][doInitialScan] Initial repository scan completed - repositories (1), closed repositories (0), parent repositories (0), unsafe repositories (0)
2025-04-28 11:50:11.954 [info] > git status -z -uall [113ms]
2025-04-28 11:50:11.954 [info] > git for-each-ref --format=%(refname)%00%(upstream:short)%00%(objectname)%00%(upstream:track)%00%(upstream:remotename)%00%(upstream:remoteref) refs/heads/Wusi_dataset_V2 refs/remotes/Wusi_dataset_V2 [1099ms]
2025-04-28 11:50:11.954 [info] > git config --get --local branch.Wusi_dataset_V2.vscode-merge-base [12ms]
2025-04-28 11:50:11.954 [info] > git config --get commit.template [80ms]
2025-04-28 11:50:11.954 [info] > git for-each-ref --format=%(refname)%00%(upstream:short)%00%(objectname)%00%(upstream:track)%00%(upstream:remotename)%00%(upstream:remoteref) refs/heads/origin/CMU_dataset_V2 refs/remotes/origin/CMU_dataset_V2 [6ms]
2025-04-28 11:50:11.954 [info] > git for-each-ref --format=%(refname)%00%(upstream:short)%00%(objectname)%00%(upstream:track)%00%(upstream:remotename)%00%(upstream:remoteref) refs/heads/Wusi_dataset_V2 refs/remotes/Wusi_dataset_V2 [4ms]
2025-04-28 11:50:11.955 [info] > git for-each-ref --sort -committerdate --format %(refname)%00%(objectname)%00%(*objectname) [2ms]
2025-04-28 11:50:12.060 [info] > git status -z -uall [109ms]
2025-04-28 11:50:13.175 [info] > git show --textconv :COG_Transformer/option/option_Mocap.py [31ms]
2025-04-28 11:50:13.175 [info] > git check-ignore -v -z --stdin [22ms]
2025-04-28 11:50:13.176 [info] > git ls-files --stage -- COG_Transformer/option/option_Mocap.py [28ms]
2025-04-28 11:50:13.181 [info] > git config --get commit.template [7ms]
2025-04-28 11:50:13.283 [info] > git cat-file -s a25917a2c23076f085dfa2cc2c8536dda16d16ca [103ms]
2025-04-28 11:50:13.284 [info] > git for-each-ref --format=%(refname)%00%(upstream:short)%00%(objectname)%00%(upstream:track)%00%(upstream:remotename)%00%(upstream:remoteref) refs/heads/Wusi_dataset_V2 refs/remotes/Wusi_dataset_V2 [98ms]
2025-04-28 11:50:13.293 [info] > git for-each-ref --sort -committerdate --format %(refname)%00%(objectname)%00%(*objectname) [2ms]
2025-04-28 11:50:13.393 [info] > git status -z -uall [105ms]
2025-04-28 11:50:14.871 [info] > git blame --root --incremental 14777248763050500e8da2c7e72fdd898071e9d7 -- COG_Transformer/option/option_Mocap.py [7ms]
2025-04-28 11:50:16.351 [info] > git show --textconv :IAFormer-main/source/main_Mocap.py [9ms]
2025-04-28 11:50:16.353 [info] > git ls-files --stage -- IAFormer-main/source/main_Mocap.py [3ms]
2025-04-28 11:50:16.363 [info] > git cat-file -s 9cdc755b1dec3b665d6fdf74a8f03602fdf73e18 [3ms]
2025-04-28 11:50:16.478 [info] > git blame --root --incremental 14777248763050500e8da2c7e72fdd898071e9d7 -- IAFormer-main/source/main_Mocap.py [4ms]
2025-04-28 11:50:16.901 [info] > git check-ignore -v -z --stdin [2ms]
2025-04-28 11:50:17.379 [info] > git show --textconv :COG_Transformer/model/IAFormer.py [10ms]
2025-04-28 11:50:17.380 [info] > git ls-files --stage -- COG_Transformer/model/IAFormer.py [3ms]
2025-04-28 11:50:17.389 [info] > git cat-file -s b9d54b6f266493b0cf94509517a0f0daed012143 [2ms]
2025-04-28 11:50:17.508 [info] > git blame --root --incremental 14777248763050500e8da2c7e72fdd898071e9d7 -- COG_Transformer/model/IAFormer.py [4ms]
2025-04-28 11:50:18.298 [info] > git show --textconv :COG_Transformer/option/option_Mocap.py [9ms]
2025-04-28 11:50:18.300 [info] > git ls-files --stage -- COG_Transformer/option/option_Mocap.py [3ms]
2025-04-28 11:50:18.309 [info] > git cat-file -s a25917a2c23076f085dfa2cc2c8536dda16d16ca [2ms]
2025-04-28 11:50:18.515 [info] > git config --get commit.template [8ms]
2025-04-28 11:50:18.516 [info] > git for-each-ref --format=%(refname)%00%(upstream:short)%00%(objectname)%00%(upstream:track)%00%(upstream:remotename)%00%(upstream:remoteref) refs/heads/Wusi_dataset_V2 refs/remotes/Wusi_dataset_V2 [2ms]
2025-04-28 11:50:18.532 [info] > git for-each-ref --sort -committerdate --format %(refname)%00%(objectname)%00%(*objectname) [3ms]
2025-04-28 11:50:18.638 [info] > git status -z -uall [115ms]
2025-04-28 11:50:23.790 [info] > git config --get commit.template [8ms]
2025-04-28 11:50:23.791 [info] > git for-each-ref --format=%(refname)%00%(upstream:short)%00%(objectname)%00%(upstream:track)%00%(upstream:remotename)%00%(upstream:remoteref) refs/heads/Wusi_dataset_V2 refs/remotes/Wusi_dataset_V2 [2ms]
2025-04-28 11:50:23.807 [info] > git for-each-ref --sort -committerdate --format %(refname)%00%(objectname)%00%(*objectname) [3ms]
2025-04-28 11:50:23.910 [info] > git status -z -uall [113ms]
2025-04-28 11:50:29.059 [info] > git config --get commit.template [1ms]
2025-04-28 11:50:29.069 [info] > git for-each-ref --format=%(refname)%00%(upstream:short)%00%(objectname)%00%(upstream:track)%00%(upstream:remotename)%00%(upstream:remoteref) refs/heads/Wusi_dataset_V2 refs/remotes/Wusi_dataset_V2 [2ms]
2025-04-28 11:50:29.086 [info] > git for-each-ref --sort -committerdate --format %(refname)%00%(objectname)%00%(*objectname) [3ms]
2025-04-28 11:50:29.195 [info] > git status -z -uall [119ms]
2025-04-28 12:29:04.962 [info] > git config --get commit.template [4ms]
2025-04-28 12:29:04.970 [info] > git for-each-ref --format=%(refname)%00%(upstream:short)%00%(objectname)%00%(upstream:track)%00%(upstream:remotename)%00%(upstream:remoteref) refs/heads/Wusi_dataset_V2 refs/remotes/Wusi_dataset_V2 [2ms]
2025-04-28 12:29:04.986 [info] > git for-each-ref --sort -committerdate --format %(refname)%00%(objectname)%00%(*objectname) [3ms]
2025-04-28 12:29:05.102 [info] > git status -z -uall [126ms]
2025-04-28 14:32:27.820 [info] > git config --get commit.template [2ms]
2025-04-28 14:32:27.828 [info] > git for-each-ref --format=%(refname)%00%(upstream:short)%00%(objectname)%00%(upstream:track)%00%(upstream:remotename)%00%(upstream:remoteref) refs/heads/Wusi_dataset_V2 refs/remotes/Wusi_dataset_V2 [3ms]
2025-04-28 14:32:27.843 [info] > git for-each-ref --sort -committerdate --format %(refname)%00%(objectname)%00%(*objectname) [3ms]
2025-04-28 14:32:27.959 [info] > git status -z -uall [125ms]
2025-04-28 16:25:36.824 [info] > git config --get commit.template [7ms]
2025-04-28 16:25:36.825 [info] > git for-each-ref --format=%(refname)%00%(upstream:short)%00%(objectname)%00%(upstream:track)%00%(upstream:remotename)%00%(upstream:remoteref) refs/heads/Wusi_dataset_V2 refs/remotes/Wusi_dataset_V2 [4ms]
2025-04-28 16:25:36.838 [info] > git for-each-ref --sort -committerdate --format %(refname)%00%(objectname)%00%(*objectname) [3ms]
2025-04-28 16:25:36.943 [info] > git status -z -uall [114ms]
2025-04-28 16:25:40.004 [info] > git show --textconv :IAFormer-main/source/main_Mocap.py [7ms]
2025-04-28 16:25:40.006 [info] > git ls-files --stage -- IAFormer-main/source/main_Mocap.py [2ms]
2025-04-28 16:25:40.011 [info] > git cat-file -s 9cdc755b1dec3b665d6fdf74a8f03602fdf73e18 [1ms]
2025-04-28 16:25:42.050 [info] > git config --get commit.template [5ms]
2025-04-28 16:25:42.052 [info] > git for-each-ref --format=%(refname)%00%(upstream:short)%00%(objectname)%00%(upstream:track)%00%(upstream:remotename)%00%(upstream:remoteref) refs/heads/Wusi_dataset_V2 refs/remotes/Wusi_dataset_V2 [2ms]
2025-04-28 16:25:42.064 [info] > git for-each-ref --sort -committerdate --format %(refname)%00%(objectname)%00%(*objectname) [3ms]
2025-04-28 16:25:42.166 [info] > git status -z -uall [110ms]
2025-04-28 16:25:43.949 [info] > git show --textconv :COG_Transformer/model/IAFormer.py [7ms]
2025-04-28 16:25:43.950 [info] > git ls-files --stage -- COG_Transformer/model/IAFormer.py [2ms]
2025-04-28 16:25:43.957 [info] > git cat-file -s b9d54b6f266493b0cf94509517a0f0daed012143 [2ms]
2025-04-28 16:25:47.314 [info] > git config --get commit.template [6ms]
2025-04-28 16:25:47.315 [info] > git for-each-ref --format=%(refname)%00%(upstream:short)%00%(objectname)%00%(upstream:track)%00%(upstream:remotename)%00%(upstream:remoteref) refs/heads/Wusi_dataset_V2 refs/remotes/Wusi_dataset_V2 [2ms]
2025-04-28 16:25:47.330 [info] > git for-each-ref --sort -committerdate --format %(refname)%00%(objectname)%00%(*objectname) [2ms]
2025-04-28 16:25:47.427 [info] > git status -z -uall [107ms]
2025-04-28 16:25:52.569 [info] > git config --get commit.template [5ms]
2025-04-28 16:25:52.570 [info] > git for-each-ref --format=%(refname)%00%(upstream:short)%00%(objectname)%00%(upstream:track)%00%(upstream:remotename)%00%(upstream:remoteref) refs/heads/Wusi_dataset_V2 refs/remotes/Wusi_dataset_V2 [2ms]
2025-04-28 16:25:52.584 [info] > git for-each-ref --sort -committerdate --format %(refname)%00%(objectname)%00%(*objectname) [3ms]
2025-04-28 16:25:52.688 [info] > git status -z -uall [113ms]
2025-04-28 16:25:57.823 [info] > git config --get commit.template [7ms]
2025-04-28 16:25:57.825 [info] > git for-each-ref --format=%(refname)%00%(upstream:short)%00%(objectname)%00%(upstream:track)%00%(upstream:remotename)%00%(upstream:remoteref) refs/heads/Wusi_dataset_V2 refs/remotes/Wusi_dataset_V2 [2ms]
2025-04-28 16:25:57.839 [info] > git for-each-ref --sort -committerdate --format %(refname)%00%(objectname)%00%(*objectname) [3ms]
2025-04-28 16:25:57.937 [info] > git status -z -uall [108ms]
2025-04-28 16:26:03.066 [info] > git config --get commit.template [6ms]
2025-04-28 16:26:03.067 [info] > git for-each-ref --format=%(refname)%00%(upstream:short)%00%(objectname)%00%(upstream:track)%00%(upstream:remotename)%00%(upstream:remoteref) refs/heads/Wusi_dataset_V2 refs/remotes/Wusi_dataset_V2 [2ms]
2025-04-28 16:26:03.081 [info] > git for-each-ref --sort -committerdate --format %(refname)%00%(objectname)%00%(*objectname) [2ms]
2025-04-28 16:26:03.181 [info] > git status -z -uall [109ms]
2025-04-28 16:26:08.257 [info] > git config --get commit.template [8ms]
2025-04-28 16:26:08.258 [info] > git for-each-ref --format=%(refname)%00%(upstream:short)%00%(objectname)%00%(upstream:track)%00%(upstream:remotename)%00%(upstream:remoteref) refs/heads/Wusi_dataset_V2 refs/remotes/Wusi_dataset_V2 [2ms]
2025-04-28 16:26:08.274 [info] > git for-each-ref --sort -committerdate --format %(refname)%00%(objectname)%00%(*objectname) [2ms]
2025-04-28 16:26:08.366 [info] > git status -z -uall [101ms]
2025-04-28 16:26:13.507 [info] > git config --get commit.template [8ms]
2025-04-28 16:26:13.508 [info] > git for-each-ref --format=%(refname)%00%(upstream:short)%00%(objectname)%00%(upstream:track)%00%(upstream:remotename)%00%(upstream:remoteref) refs/heads/Wusi_dataset_V2 refs/remotes/Wusi_dataset_V2 [2ms]
2025-04-28 16:26:13.523 [info] > git for-each-ref --sort -committerdate --format %(refname)%00%(objectname)%00%(*objectname) [2ms]
2025-04-28 16:26:13.623 [info] > git status -z -uall [110ms]
2025-04-28 16:26:18.764 [info] > git config --get commit.template [8ms]
2025-04-28 16:26:18.765 [info] > git for-each-ref --format=%(refname)%00%(upstream:short)%00%(objectname)%00%(upstream:track)%00%(upstream:remotename)%00%(upstream:remoteref) refs/heads/Wusi_dataset_V2 refs/remotes/Wusi_dataset_V2 [2ms]
2025-04-28 16:26:18.781 [info] > git for-each-ref --sort -committerdate --format %(refname)%00%(objectname)%00%(*objectname) [3ms]
2025-04-28 16:26:18.882 [info] > git status -z -uall [111ms]
2025-04-28 16:26:24.017 [info] > git config --get commit.template [8ms]
2025-04-28 16:26:24.017 [info] > git for-each-ref --format=%(refname)%00%(upstream:short)%00%(objectname)%00%(upstream:track)%00%(upstream:remotename)%00%(upstream:remoteref) refs/heads/Wusi_dataset_V2 refs/remotes/Wusi_dataset_V2 [2ms]
2025-04-28 16:26:24.034 [info] > git for-each-ref --sort -committerdate --format %(refname)%00%(objectname)%00%(*objectname) [2ms]
2025-04-28 16:26:24.133 [info] > git status -z -uall [109ms]
2025-04-28 16:26:29.274 [info] > git config --get commit.template [6ms]
2025-04-28 16:26:29.275 [info] > git for-each-ref --format=%(refname)%00%(upstream:short)%00%(objectname)%00%(upstream:track)%00%(upstream:remotename)%00%(upstream:remoteref) refs/heads/Wusi_dataset_V2 refs/remotes/Wusi_dataset_V2 [2ms]
2025-04-28 16:26:29.291 [info] > git for-each-ref --sort -committerdate --format %(refname)%00%(objectname)%00%(*objectname) [3ms]
2025-04-28 16:26:29.390 [info] > git status -z -uall [109ms]
2025-04-28 16:26:34.533 [info] > git config --get commit.template [7ms]
2025-04-28 16:26:34.534 [info] > git for-each-ref --format=%(refname)%00%(upstream:short)%00%(objectname)%00%(upstream:track)%00%(upstream:remotename)%00%(upstream:remoteref) refs/heads/Wusi_dataset_V2 refs/remotes/Wusi_dataset_V2 [2ms]
2025-04-28 16:26:34.550 [info] > git for-each-ref --sort -committerdate --format %(refname)%00%(objectname)%00%(*objectname) [3ms]
2025-04-28 16:26:34.650 [info] > git status -z -uall [111ms]
2025-04-28 16:26:39.790 [info] > git config --get commit.template [7ms]
2025-04-28 16:26:39.791 [info] > git for-each-ref --format=%(refname)%00%(upstream:short)%00%(objectname)%00%(upstream:track)%00%(upstream:remotename)%00%(upstream:remoteref) refs/heads/Wusi_dataset_V2 refs/remotes/Wusi_dataset_V2 [2ms]
2025-04-28 16:26:39.807 [info] > git for-each-ref --sort -committerdate --format %(refname)%00%(objectname)%00%(*objectname) [3ms]
2025-04-28 16:26:39.909 [info] > git status -z -uall [112ms]
2025-04-28 16:26:45.042 [info] > git config --get commit.template [6ms]
2025-04-28 16:26:45.043 [info] > git for-each-ref --format=%(refname)%00%(upstream:short)%00%(objectname)%00%(upstream:track)%00%(upstream:remotename)%00%(upstream:remoteref) refs/heads/Wusi_dataset_V2 refs/remotes/Wusi_dataset_V2 [2ms]
2025-04-28 16:26:45.053 [info] > git for-each-ref --sort -committerdate --format %(refname)%00%(objectname)%00%(*objectname) [2ms]
2025-04-28 16:26:45.161 [info] > git status -z -uall [114ms]
2025-04-28 16:26:50.297 [info] > git config --get commit.template [2ms]
2025-04-28 16:26:50.307 [info] > git for-each-ref --format=%(refname)%00%(upstream:short)%00%(objectname)%00%(upstream:track)%00%(upstream:remotename)%00%(upstream:remoteref) refs/heads/Wusi_dataset_V2 refs/remotes/Wusi_dataset_V2 [3ms]
2025-04-28 16:26:50.325 [info] > git for-each-ref --sort -committerdate --format %(refname)%00%(objectname)%00%(*objectname) [3ms]
2025-04-28 16:26:50.424 [info] > git status -z -uall [111ms]
2025-04-28 16:26:55.539 [info] > git config --get commit.template [6ms]
2025-04-28 16:26:55.540 [info] > git for-each-ref --format=%(refname)%00%(upstream:short)%00%(objectname)%00%(upstream:track)%00%(upstream:remotename)%00%(upstream:remoteref) refs/heads/Wusi_dataset_V2 refs/remotes/Wusi_dataset_V2 [2ms]
2025-04-28 16:26:55.556 [info] > git for-each-ref --sort -committerdate --format %(refname)%00%(objectname)%00%(*objectname) [3ms]
2025-04-28 16:26:55.654 [info] > git status -z -uall [109ms]
2025-04-28 16:27:00.790 [info] > git config --get commit.template [11ms]
2025-04-28 16:27:00.790 [info] > git for-each-ref --format=%(refname)%00%(upstream:short)%00%(objectname)%00%(upstream:track)%00%(upstream:remotename)%00%(upstream:remoteref) refs/heads/Wusi_dataset_V2 refs/remotes/Wusi_dataset_V2 [2ms]
2025-04-28 16:27:00.807 [info] > git for-each-ref --sort -committerdate --format %(refname)%00%(objectname)%00%(*objectname) [3ms]
2025-04-28 16:27:00.904 [info] > git status -z -uall [108ms]
2025-04-28 16:27:06.037 [info] > git config --get commit.template [7ms]
2025-04-28 16:27:06.038 [info] > git for-each-ref --format=%(refname)%00%(upstream:short)%00%(objectname)%00%(upstream:track)%00%(upstream:remotename)%00%(upstream:remoteref) refs/heads/Wusi_dataset_V2 refs/remotes/Wusi_dataset_V2 [2ms]
2025-04-28 16:27:06.054 [info] > git for-each-ref --sort -committerdate --format %(refname)%00%(objectname)%00%(*objectname) [2ms]
2025-04-28 16:27:06.153 [info] > git status -z -uall [110ms]
2025-04-28 16:27:11.286 [info] > git config --get commit.template [7ms]
2025-04-28 16:27:11.287 [info] > git for-each-ref --format=%(refname)%00%(upstream:short)%00%(objectname)%00%(upstream:track)%00%(upstream:remotename)%00%(upstream:remoteref) refs/heads/Wusi_dataset_V2 refs/remotes/Wusi_dataset_V2 [2ms]
2025-04-28 16:27:11.304 [info] > git for-each-ref --sort -committerdate --format %(refname)%00%(objectname)%00%(*objectname) [2ms]
2025-04-28 16:27:11.403 [info] > git status -z -uall [110ms]
2025-04-28 16:27:16.538 [info] > git config --get commit.template [6ms]
2025-04-28 16:27:16.539 [info] > git for-each-ref --format=%(refname)%00%(upstream:short)%00%(objectname)%00%(upstream:track)%00%(upstream:remotename)%00%(upstream:remoteref) refs/heads/Wusi_dataset_V2 refs/remotes/Wusi_dataset_V2 [2ms]
2025-04-28 16:27:16.555 [info] > git for-each-ref --sort -committerdate --format %(refname)%00%(objectname)%00%(*objectname) [2ms]
2025-04-28 16:27:16.655 [info] > git status -z -uall [111ms]
2025-04-28 16:27:21.796 [info] > git config --get commit.template [7ms]
2025-04-28 16:27:21.796 [info] > git for-each-ref --format=%(refname)%00%(upstream:short)%00%(objectname)%00%(upstream:track)%00%(upstream:remotename)%00%(upstream:remoteref) refs/heads/Wusi_dataset_V2 refs/remotes/Wusi_dataset_V2 [1ms]
2025-04-28 16:27:21.810 [info] > git for-each-ref --sort -committerdate --format %(refname)%00%(objectname)%00%(*objectname) [2ms]
2025-04-28 16:27:21.898 [info] > git status -z -uall [96ms]
2025-04-28 16:27:27.032 [info] > git config --get commit.template [7ms]
2025-04-28 16:27:27.033 [info] > git for-each-ref --format=%(refname)%00%(upstream:short)%00%(objectname)%00%(upstream:track)%00%(upstream:remotename)%00%(upstream:remoteref) refs/heads/Wusi_dataset_V2 refs/remotes/Wusi_dataset_V2 [2ms]
2025-04-28 16:27:27.047 [info] > git for-each-ref --sort -committerdate --format %(refname)%00%(objectname)%00%(*objectname) [2ms]
2025-04-28 16:27:27.150 [info] > git status -z -uall [112ms]
2025-04-28 16:27:32.284 [info] > git config --get commit.template [8ms]
2025-04-28 16:27:32.285 [info] > git for-each-ref --format=%(refname)%00%(upstream:short)%00%(objectname)%00%(upstream:track)%00%(upstream:remotename)%00%(upstream:remoteref) refs/heads/Wusi_dataset_V2 refs/remotes/Wusi_dataset_V2 [2ms]
2025-04-28 16:27:32.301 [info] > git for-each-ref --sort -committerdate --format %(refname)%00%(objectname)%00%(*objectname) [3ms]
2025-04-28 16:27:32.393 [info] > git status -z -uall [102ms]
2025-04-28 16:27:37.528 [info] > git config --get commit.template [7ms]
2025-04-28 16:27:37.529 [info] > git for-each-ref --format=%(refname)%00%(upstream:short)%00%(objectname)%00%(upstream:track)%00%(upstream:remotename)%00%(upstream:remoteref) refs/heads/Wusi_dataset_V2 refs/remotes/Wusi_dataset_V2 [2ms]
2025-04-28 16:27:37.544 [info] > git for-each-ref --sort -committerdate --format %(refname)%00%(objectname)%00%(*objectname) [3ms]
2025-04-28 16:27:37.642 [info] > git status -z -uall [108ms]
2025-04-28 16:27:42.786 [info] > git config --get commit.template [6ms]
2025-04-28 16:27:42.787 [info] > git for-each-ref --format=%(refname)%00%(upstream:short)%00%(objectname)%00%(upstream:track)%00%(upstream:remotename)%00%(upstream:remoteref) refs/heads/Wusi_dataset_V2 refs/remotes/Wusi_dataset_V2 [2ms]
2025-04-28 16:27:42.802 [info] > git for-each-ref --sort -committerdate --format %(refname)%00%(objectname)%00%(*objectname) [2ms]
2025-04-28 16:27:42.905 [info] > git status -z -uall [113ms]
2025-04-28 16:27:48.047 [info] > git config --get commit.template [7ms]
2025-04-28 16:27:48.047 [info] > git for-each-ref --format=%(refname)%00%(upstream:short)%00%(objectname)%00%(upstream:track)%00%(upstream:remotename)%00%(upstream:remoteref) refs/heads/Wusi_dataset_V2 refs/remotes/Wusi_dataset_V2 [2ms]
2025-04-28 16:27:48.063 [info] > git for-each-ref --sort -committerdate --format %(refname)%00%(objectname)%00%(*objectname) [2ms]
2025-04-28 16:27:48.163 [info] > git status -z -uall [110ms]
2025-04-28 16:28:06.347 [info] > git config --get commit.template [7ms]
2025-04-28 16:28:06.348 [info] > git for-each-ref --format=%(refname)%00%(upstream:short)%00%(objectname)%00%(upstream:track)%00%(upstream:remotename)%00%(upstream:remoteref) refs/heads/Wusi_dataset_V2 refs/remotes/Wusi_dataset_V2 [2ms]
2025-04-28 16:28:06.364 [info] > git for-each-ref --sort -committerdate --format %(refname)%00%(objectname)%00%(*objectname) [3ms]
2025-04-28 16:28:06.464 [info] > git status -z -uall [111ms]
2025-04-28 16:28:11.704 [info] > git config --get commit.template [5ms]
2025-04-28 16:28:11.705 [info] > git for-each-ref --format=%(refname)%00%(upstream:short)%00%(objectname)%00%(upstream:track)%00%(upstream:remotename)%00%(upstream:remoteref) refs/heads/Wusi_dataset_V2 refs/remotes/Wusi_dataset_V2 [2ms]
2025-04-28 16:28:11.717 [info] > git for-each-ref --sort -committerdate --format %(refname)%00%(objectname)%00%(*objectname) [2ms]
2025-04-28 16:28:11.824 [info] > git status -z -uall [115ms]
2025-04-28 16:28:16.965 [info] > git config --get commit.template [6ms]
2025-04-28 16:28:16.966 [info] > git for-each-ref --format=%(refname)%00%(upstream:short)%00%(objectname)%00%(upstream:track)%00%(upstream:remotename)%00%(upstream:remoteref) refs/heads/Wusi_dataset_V2 refs/remotes/Wusi_dataset_V2 [2ms]
2025-04-28 16:28:16.980 [info] > git for-each-ref --sort -committerdate --format %(refname)%00%(objectname)%00%(*objectname) [3ms]
2025-04-28 16:28:17.079 [info] > git status -z -uall [108ms]
2025-04-28 16:28:22.220 [info] > git config --get commit.template [6ms]
2025-04-28 16:28:22.222 [info] > git for-each-ref --format=%(refname)%00%(upstream:short)%00%(objectname)%00%(upstream:track)%00%(upstream:remotename)%00%(upstream:remoteref) refs/heads/Wusi_dataset_V2 refs/remotes/Wusi_dataset_V2 [2ms]
2025-04-28 16:28:22.236 [info] > git for-each-ref --sort -committerdate --format %(refname)%00%(objectname)%00%(*objectname) [3ms]
2025-04-28 16:28:22.335 [info] > git status -z -uall [108ms]
2025-04-28 16:28:27.469 [info] > git config --get commit.template [6ms]
2025-04-28 16:28:27.470 [info] > git for-each-ref --format=%(refname)%00%(upstream:short)%00%(objectname)%00%(upstream:track)%00%(upstream:remotename)%00%(upstream:remoteref) refs/heads/Wusi_dataset_V2 refs/remotes/Wusi_dataset_V2 [2ms]
2025-04-28 16:28:27.486 [info] > git for-each-ref --sort -committerdate --format %(refname)%00%(objectname)%00%(*objectname) [3ms]
2025-04-28 16:28:27.585 [info] > git status -z -uall [109ms]
2025-04-28 16:28:38.717 [info] > git config --get commit.template [9ms]
2025-04-28 16:28:38.717 [info] > git for-each-ref --format=%(refname)%00%(upstream:short)%00%(objectname)%00%(upstream:track)%00%(upstream:remotename)%00%(upstream:remoteref) refs/heads/Wusi_dataset_V2 refs/remotes/Wusi_dataset_V2 [4ms]
2025-04-28 16:28:38.733 [info] > git for-each-ref --sort -committerdate --format %(refname)%00%(objectname)%00%(*objectname) [3ms]
2025-04-28 16:28:38.834 [info] > git status -z -uall [111ms]
2025-04-28 16:28:43.975 [info] > git config --get commit.template [6ms]
2025-04-28 16:28:43.976 [info] > git for-each-ref --format=%(refname)%00%(upstream:short)%00%(objectname)%00%(upstream:track)%00%(upstream:remotename)%00%(upstream:remoteref) refs/heads/Wusi_dataset_V2 refs/remotes/Wusi_dataset_V2 [2ms]
2025-04-28 16:28:43.991 [info] > git for-each-ref --sort -committerdate --format %(refname)%00%(objectname)%00%(*objectname) [2ms]
2025-04-28 16:28:44.091 [info] > git status -z -uall [110ms]
2025-04-28 16:28:49.222 [info] > git config --get commit.template [7ms]
2025-04-28 16:28:49.223 [info] > git for-each-ref --format=%(refname)%00%(upstream:short)%00%(objectname)%00%(upstream:track)%00%(upstream:remotename)%00%(upstream:remoteref) refs/heads/Wusi_dataset_V2 refs/remotes/Wusi_dataset_V2 [2ms]
2025-04-28 16:28:49.239 [info] > git for-each-ref --sort -committerdate --format %(refname)%00%(objectname)%00%(*objectname) [3ms]
2025-04-28 16:28:49.341 [info] > git status -z -uall [113ms]
2025-04-28 16:28:54.479 [info] > git config --get commit.template [8ms]
2025-04-28 16:28:54.481 [info] > git for-each-ref --format=%(refname)%00%(upstream:short)%00%(objectname)%00%(upstream:track)%00%(upstream:remotename)%00%(upstream:remoteref) refs/heads/Wusi_dataset_V2 refs/remotes/Wusi_dataset_V2 [3ms]
2025-04-28 16:28:54.496 [info] > git for-each-ref --sort -committerdate --format %(refname)%00%(objectname)%00%(*objectname) [3ms]
2025-04-28 16:28:54.593 [info] > git status -z -uall [107ms]
2025-04-28 16:28:59.724 [info] > git config --get commit.template [7ms]
2025-04-28 16:28:59.725 [info] > git for-each-ref --format=%(refname)%00%(upstream:short)%00%(objectname)%00%(upstream:track)%00%(upstream:remotename)%00%(upstream:remoteref) refs/heads/Wusi_dataset_V2 refs/remotes/Wusi_dataset_V2 [2ms]
2025-04-28 16:28:59.740 [info] > git for-each-ref --sort -committerdate --format %(refname)%00%(objectname)%00%(*objectname) [2ms]
2025-04-28 16:28:59.838 [info] > git status -z -uall [108ms]
2025-04-28 16:29:04.972 [info] > git config --get commit.template [8ms]
2025-04-28 16:29:04.973 [info] > git for-each-ref --format=%(refname)%00%(upstream:short)%00%(objectname)%00%(upstream:track)%00%(upstream:remotename)%00%(upstream:remoteref) refs/heads/Wusi_dataset_V2 refs/remotes/Wusi_dataset_V2 [2ms]
2025-04-28 16:29:04.989 [info] > git for-each-ref --sort -committerdate --format %(refname)%00%(objectname)%00%(*objectname) [2ms]
2025-04-28 16:29:05.088 [info] > git status -z -uall [110ms]
2025-04-28 16:29:10.221 [info] > git config --get commit.template [7ms]
2025-04-28 16:29:10.222 [info] > git for-each-ref --format=%(refname)%00%(upstream:short)%00%(objectname)%00%(upstream:track)%00%(upstream:remotename)%00%(upstream:remoteref) refs/heads/Wusi_dataset_V2 refs/remotes/Wusi_dataset_V2 [2ms]
2025-04-28 16:29:10.238 [info] > git for-each-ref --sort -committerdate --format %(refname)%00%(objectname)%00%(*objectname) [2ms]
2025-04-28 16:29:10.338 [info] > git status -z -uall [111ms]
2025-04-28 16:29:15.470 [info] > git config --get commit.template [6ms]
2025-04-28 16:29:15.472 [info] > git for-each-ref --format=%(refname)%00%(upstream:short)%00%(objectname)%00%(upstream:track)%00%(upstream:remotename)%00%(upstream:remoteref) refs/heads/Wusi_dataset_V2 refs/remotes/Wusi_dataset_V2 [2ms]
2025-04-28 16:29:15.487 [info] > git for-each-ref --sort -committerdate --format %(refname)%00%(objectname)%00%(*objectname) [2ms]
2025-04-28 16:29:15.589 [info] > git status -z -uall [112ms]
2025-04-28 16:29:20.722 [info] > git config --get commit.template [6ms]
2025-04-28 16:29:20.723 [info] > git for-each-ref --format=%(refname)%00%(upstream:short)%00%(objectname)%00%(upstream:track)%00%(upstream:remotename)%00%(upstream:remoteref) refs/heads/Wusi_dataset_V2 refs/remotes/Wusi_dataset_V2 [2ms]
2025-04-28 16:29:20.738 [info] > git for-each-ref --sort -committerdate --format %(refname)%00%(objectname)%00%(*objectname) [3ms]
2025-04-28 16:29:20.849 [info] > git status -z -uall [120ms]
2025-04-28 16:29:26.012 [info] > git config --get commit.template [6ms]
2025-04-28 16:29:26.013 [info] > git for-each-ref --format=%(refname)%00%(upstream:short)%00%(objectname)%00%(upstream:track)%00%(upstream:remotename)%00%(upstream:remoteref) refs/heads/Wusi_dataset_V2 refs/remotes/Wusi_dataset_V2 [2ms]
2025-04-28 16:29:26.026 [info] > git for-each-ref --sort -committerdate --format %(refname)%00%(objectname)%00%(*objectname) [3ms]
2025-04-28 16:29:26.127 [info] > git status -z -uall [109ms]
2025-04-28 17:30:36.767 [info] > git config --get commit.template [6ms]
2025-04-28 17:30:36.767 [info] > git for-each-ref --format=%(refname)%00%(upstream:short)%00%(objectname)%00%(upstream:track)%00%(upstream:remotename)%00%(upstream:remoteref) refs/heads/Wusi_dataset_V2 refs/remotes/Wusi_dataset_V2 [3ms]
2025-04-28 17:30:36.779 [info] > git for-each-ref --sort -committerdate --format %(refname)%00%(objectname)%00%(*objectname) [2ms]
2025-04-28 17:30:36.894 [info] > git status -z -uall [122ms]
2025-04-28 17:33:41.217 [info] > git config --get commit.template [5ms]
2025-04-28 17:33:41.218 [info] > git for-each-ref --format=%(refname)%00%(upstream:short)%00%(objectname)%00%(upstream:track)%00%(upstream:remotename)%00%(upstream:remoteref) refs/heads/Wusi_dataset_V2 refs/remotes/Wusi_dataset_V2 [2ms]
2025-04-28 17:33:41.231 [info] > git for-each-ref --sort -committerdate --format %(refname)%00%(objectname)%00%(*objectname) [3ms]
2025-04-28 17:33:41.348 [info] > git status -z -uall [126ms]
2025-04-28 18:18:35.329 [info] > git config --get commit.template [6ms]
2025-04-28 18:18:35.329 [info] > git for-each-ref --format=%(refname)%00%(upstream:short)%00%(objectname)%00%(upstream:track)%00%(upstream:remotename)%00%(upstream:remoteref) refs/heads/Wusi_dataset_V2 refs/remotes/Wusi_dataset_V2 [2ms]
2025-04-28 18:18:35.343 [info] > git for-each-ref --sort -committerdate --format %(refname)%00%(objectname)%00%(*objectname) [3ms]
2025-04-28 18:18:35.460 [info] > git status -z -uall [127ms]
2025-04-28 18:18:40.546 [info] > git config --get commit.template [6ms]
2025-04-28 18:18:40.548 [info] > git for-each-ref --format=%(refname)%00%(upstream:short)%00%(objectname)%00%(upstream:track)%00%(upstream:remotename)%00%(upstream:remoteref) refs/heads/Wusi_dataset_V2 refs/remotes/Wusi_dataset_V2 [3ms]
2025-04-28 18:18:40.561 [info] > git for-each-ref --sort -committerdate --format %(refname)%00%(objectname)%00%(*objectname) [2ms]
2025-04-28 18:18:40.666 [info] > git status -z -uall [113ms]
2025-04-28 18:18:45.805 [info] > git config --get commit.template [5ms]
2025-04-28 18:18:45.806 [info] > git for-each-ref --format=%(refname)%00%(upstream:short)%00%(objectname)%00%(upstream:track)%00%(upstream:remotename)%00%(upstream:remoteref) refs/heads/Wusi_dataset_V2 refs/remotes/Wusi_dataset_V2 [2ms]
2025-04-28 18:18:45.818 [info] > git for-each-ref --sort -committerdate --format %(refname)%00%(objectname)%00%(*objectname) [3ms]
2025-04-28 18:18:45.919 [info] > git status -z -uall [109ms]
2025-04-28 18:19:07.792 [info] > git config --get commit.template [6ms]
2025-04-28 18:19:07.793 [info] > git for-each-ref --format=%(refname)%00%(upstream:short)%00%(objectname)%00%(upstream:track)%00%(upstream:remotename)%00%(upstream:remoteref) refs/heads/Wusi_dataset_V2 refs/remotes/Wusi_dataset_V2 [2ms]
2025-04-28 18:19:07.807 [info] > git for-each-ref --sort -committerdate --format %(refname)%00%(objectname)%00%(*objectname) [3ms]
2025-04-28 18:19:07.909 [info] > git status -z -uall [110ms]
2025-04-28 18:20:15.164 [info] > git config --get commit.template [6ms]
2025-04-28 18:20:15.165 [info] > git for-each-ref --format=%(refname)%00%(upstream:short)%00%(objectname)%00%(upstream:track)%00%(upstream:remotename)%00%(upstream:remoteref) refs/heads/Wusi_dataset_V2 refs/remotes/Wusi_dataset_V2 [3ms]
2025-04-28 18:20:15.179 [info] > git for-each-ref --sort -committerdate --format %(refname)%00%(objectname)%00%(*objectname) [3ms]
2025-04-28 18:20:15.296 [info] > git status -z -uall [125ms]
2025-04-28 18:20:44.587 [info] > git config --get commit.template [7ms]
2025-04-28 18:20:44.588 [info] > git for-each-ref --format=%(refname)%00%(upstream:short)%00%(objectname)%00%(upstream:track)%00%(upstream:remotename)%00%(upstream:remoteref) refs/heads/Wusi_dataset_V2 refs/remotes/Wusi_dataset_V2 [2ms]
2025-04-28 18:20:44.601 [info] > git for-each-ref --sort -committerdate --format %(refname)%00%(objectname)%00%(*objectname) [3ms]
2025-04-28 18:20:44.704 [info] > git status -z -uall [111ms]
2025-04-28 18:20:49.860 [info] > git config --get commit.template [7ms]
2025-04-28 18:20:49.861 [info] > git for-each-ref --format=%(refname)%00%(upstream:short)%00%(objectname)%00%(upstream:track)%00%(upstream:remotename)%00%(upstream:remoteref) refs/heads/Wusi_dataset_V2 refs/remotes/Wusi_dataset_V2 [2ms]
2025-04-28 18:20:49.875 [info] > git for-each-ref --sort -committerdate --format %(refname)%00%(objectname)%00%(*objectname) [3ms]
2025-04-28 18:20:49.974 [info] > git status -z -uall [109ms]
2025-04-28 18:20:55.107 [info] > git config --get commit.template [6ms]
2025-04-28 18:20:55.109 [info] > git for-each-ref --format=%(refname)%00%(upstream:short)%00%(objectname)%00%(upstream:track)%00%(upstream:remotename)%00%(upstream:remoteref) refs/heads/Wusi_dataset_V2 refs/remotes/Wusi_dataset_V2 [2ms]
2025-04-28 18:20:55.122 [info] > git for-each-ref --sort -committerdate --format %(refname)%00%(objectname)%00%(*objectname) [3ms]
2025-04-28 18:20:55.223 [info] > git status -z -uall [110ms]
2025-04-28 18:21:00.356 [info] > git config --get commit.template [6ms]
2025-04-28 18:21:00.357 [info] > git for-each-ref --format=%(refname)%00%(upstream:short)%00%(objectname)%00%(upstream:track)%00%(upstream:remotename)%00%(upstream:remoteref) refs/heads/Wusi_dataset_V2 refs/remotes/Wusi_dataset_V2 [2ms]
2025-04-28 18:21:00.371 [info] > git for-each-ref --sort -committerdate --format %(refname)%00%(objectname)%00%(*objectname) [3ms]
2025-04-28 18:21:00.473 [info] > git status -z -uall [110ms]
2025-04-28 18:21:05.557 [info] > git config --get commit.template [6ms]
2025-04-28 18:21:05.558 [info] > git for-each-ref --format=%(refname)%00%(upstream:short)%00%(objectname)%00%(upstream:track)%00%(upstream:remotename)%00%(upstream:remoteref) refs/heads/Wusi_dataset_V2 refs/remotes/Wusi_dataset_V2 [2ms]
2025-04-28 18:21:05.572 [info] > git for-each-ref --sort -committerdate --format %(refname)%00%(objectname)%00%(*objectname) [2ms]
2025-04-28 18:21:05.675 [info] > git status -z -uall [112ms]
2025-04-28 18:21:10.817 [info] > git config --get commit.template [7ms]
2025-04-28 18:21:10.818 [info] > git for-each-ref --format=%(refname)%00%(upstream:short)%00%(objectname)%00%(upstream:track)%00%(upstream:remotename)%00%(upstream:remoteref) refs/heads/Wusi_dataset_V2 refs/remotes/Wusi_dataset_V2 [2ms]
2025-04-28 18:21:10.831 [info] > git for-each-ref --sort -committerdate --format %(refname)%00%(objectname)%00%(*objectname) [2ms]
2025-04-28 18:21:10.933 [info] > git status -z -uall [111ms]
2025-04-28 18:21:16.074 [info] > git config --get commit.template [6ms]
2025-04-28 18:21:16.075 [info] > git for-each-ref --format=%(refname)%00%(upstream:short)%00%(objectname)%00%(upstream:track)%00%(upstream:remotename)%00%(upstream:remoteref) refs/heads/Wusi_dataset_V2 refs/remotes/Wusi_dataset_V2 [2ms]
2025-04-28 18:21:16.089 [info] > git for-each-ref --sort -committerdate --format %(refname)%00%(objectname)%00%(*objectname) [3ms]
2025-04-28 18:21:16.194 [info] > git status -z -uall [114ms]
2025-04-28 18:21:21.331 [info] > git config --get commit.template [1ms]
2025-04-28 18:21:21.338 [info] > git for-each-ref --format=%(refname)%00%(upstream:short)%00%(objectname)%00%(upstream:track)%00%(upstream:remotename)%00%(upstream:remoteref) refs/heads/Wusi_dataset_V2 refs/remotes/Wusi_dataset_V2 [2ms]
2025-04-28 18:21:21.353 [info] > git for-each-ref --sort -committerdate --format %(refname)%00%(objectname)%00%(*objectname) [3ms]
2025-04-28 18:21:21.453 [info] > git status -z -uall [109ms]
2025-04-28 18:21:26.588 [info] > git config --get commit.template [8ms]
2025-04-28 18:21:26.590 [info] > git for-each-ref --format=%(refname)%00%(upstream:short)%00%(objectname)%00%(upstream:track)%00%(upstream:remotename)%00%(upstream:remoteref) refs/heads/Wusi_dataset_V2 refs/remotes/Wusi_dataset_V2 [3ms]
2025-04-28 18:21:26.606 [info] > git for-each-ref --sort -committerdate --format %(refname)%00%(objectname)%00%(*objectname) [3ms]
2025-04-28 18:21:26.709 [info] > git status -z -uall [114ms]
2025-04-28 18:21:31.847 [info] > git config --get commit.template [8ms]
2025-04-28 18:21:31.849 [info] > git for-each-ref --format=%(refname)%00%(upstream:short)%00%(objectname)%00%(upstream:track)%00%(upstream:remotename)%00%(upstream:remoteref) refs/heads/Wusi_dataset_V2 refs/remotes/Wusi_dataset_V2 [3ms]
2025-04-28 18:21:31.863 [info] > git for-each-ref --sort -committerdate --format %(refname)%00%(objectname)%00%(*objectname) [2ms]
2025-04-28 18:21:31.964 [info] > git status -z -uall [110ms]
2025-04-28 18:21:37.097 [info] > git config --get commit.template [9ms]
2025-04-28 18:21:37.098 [info] > git for-each-ref --format=%(refname)%00%(upstream:short)%00%(objectname)%00%(upstream:track)%00%(upstream:remotename)%00%(upstream:remoteref) refs/heads/Wusi_dataset_V2 refs/remotes/Wusi_dataset_V2 [2ms]
2025-04-28 18:21:37.114 [info] > git for-each-ref --sort -committerdate --format %(refname)%00%(objectname)%00%(*objectname) [3ms]
2025-04-28 18:21:37.213 [info] > git status -z -uall [109ms]
2025-04-28 18:21:42.346 [info] > git config --get commit.template [7ms]
2025-04-28 18:21:42.347 [info] > git for-each-ref --format=%(refname)%00%(upstream:short)%00%(objectname)%00%(upstream:track)%00%(upstream:remotename)%00%(upstream:remoteref) refs/heads/Wusi_dataset_V2 refs/remotes/Wusi_dataset_V2 [2ms]
2025-04-28 18:21:42.362 [info] > git for-each-ref --sort -committerdate --format %(refname)%00%(objectname)%00%(*objectname) [2ms]
2025-04-28 18:21:42.457 [info] > git status -z -uall [105ms]
2025-04-28 18:21:47.591 [info] > git config --get commit.template [7ms]
2025-04-28 18:21:47.592 [info] > git for-each-ref --format=%(refname)%00%(upstream:short)%00%(objectname)%00%(upstream:track)%00%(upstream:remotename)%00%(upstream:remoteref) refs/heads/Wusi_dataset_V2 refs/remotes/Wusi_dataset_V2 [2ms]
2025-04-28 18:21:47.609 [info] > git for-each-ref --sort -committerdate --format %(refname)%00%(objectname)%00%(*objectname) [3ms]
2025-04-28 18:21:47.707 [info] > git status -z -uall [108ms]
2025-04-28 18:21:52.841 [info] > git config --get commit.template [6ms]
2025-04-28 18:21:52.843 [info] > git for-each-ref --format=%(refname)%00%(upstream:short)%00%(objectname)%00%(upstream:track)%00%(upstream:remotename)%00%(upstream:remoteref) refs/heads/Wusi_dataset_V2 refs/remotes/Wusi_dataset_V2 [2ms]
2025-04-28 18:21:52.859 [info] > git for-each-ref --sort -committerdate --format %(refname)%00%(objectname)%00%(*objectname) [3ms]
2025-04-28 18:21:52.958 [info] > git status -z -uall [110ms]
2025-04-28 18:21:58.094 [info] > git config --get commit.template [7ms]
2025-04-28 18:21:58.095 [info] > git for-each-ref --format=%(refname)%00%(upstream:short)%00%(objectname)%00%(upstream:track)%00%(upstream:remotename)%00%(upstream:remoteref) refs/heads/Wusi_dataset_V2 refs/remotes/Wusi_dataset_V2 [2ms]
2025-04-28 18:21:58.111 [info] > git for-each-ref --sort -committerdate --format %(refname)%00%(objectname)%00%(*objectname) [3ms]
2025-04-28 18:21:58.209 [info] > git status -z -uall [109ms]
2025-04-28 18:22:03.338 [info] > git config --get commit.template [7ms]
2025-04-28 18:22:03.339 [info] > git for-each-ref --format=%(refname)%00%(upstream:short)%00%(objectname)%00%(upstream:track)%00%(upstream:remotename)%00%(upstream:remoteref) refs/heads/Wusi_dataset_V2 refs/remotes/Wusi_dataset_V2 [2ms]
2025-04-28 18:22:03.355 [info] > git for-each-ref --sort -committerdate --format %(refname)%00%(objectname)%00%(*objectname) [3ms]
2025-04-28 18:22:03.455 [info] > git status -z -uall [111ms]
2025-04-28 18:22:08.563 [info] > git config --get commit.template [6ms]
2025-04-28 18:22:08.564 [info] > git for-each-ref --format=%(refname)%00%(upstream:short)%00%(objectname)%00%(upstream:track)%00%(upstream:remotename)%00%(upstream:remoteref) refs/heads/Wusi_dataset_V2 refs/remotes/Wusi_dataset_V2 [2ms]
2025-04-28 18:22:08.579 [info] > git for-each-ref --sort -committerdate --format %(refname)%00%(objectname)%00%(*objectname) [2ms]
2025-04-28 18:22:08.678 [info] > git status -z -uall [109ms]
2025-04-28 18:22:13.813 [info] > git config --get commit.template [7ms]
2025-04-28 18:22:13.814 [info] > git for-each-ref --format=%(refname)%00%(upstream:short)%00%(objectname)%00%(upstream:track)%00%(upstream:remotename)%00%(upstream:remoteref) refs/heads/Wusi_dataset_V2 refs/remotes/Wusi_dataset_V2 [2ms]
2025-04-28 18:22:13.829 [info] > git for-each-ref --sort -committerdate --format %(refname)%00%(objectname)%00%(*objectname) [3ms]
2025-04-28 18:22:13.927 [info] > git status -z -uall [108ms]
2025-04-28 18:22:19.070 [info] > git config --get commit.template [9ms]
2025-04-28 18:22:19.071 [info] > git for-each-ref --format=%(refname)%00%(upstream:short)%00%(objectname)%00%(upstream:track)%00%(upstream:remotename)%00%(upstream:remoteref) refs/heads/Wusi_dataset_V2 refs/remotes/Wusi_dataset_V2 [2ms]
2025-04-28 18:22:19.088 [info] > git for-each-ref --sort -committerdate --format %(refname)%00%(objectname)%00%(*objectname) [3ms]
2025-04-28 18:22:19.183 [info] > git status -z -uall [105ms]
2025-04-28 18:22:24.327 [info] > git config --get commit.template [6ms]
2025-04-28 18:22:24.328 [info] > git for-each-ref --format=%(refname)%00%(upstream:short)%00%(objectname)%00%(upstream:track)%00%(upstream:remotename)%00%(upstream:remoteref) refs/heads/Wusi_dataset_V2 refs/remotes/Wusi_dataset_V2 [2ms]
2025-04-28 18:22:24.344 [info] > git for-each-ref --sort -committerdate --format %(refname)%00%(objectname)%00%(*objectname) [2ms]
2025-04-28 18:22:24.445 [info] > git status -z -uall [112ms]
2025-04-28 18:22:29.585 [info] > git config --get commit.template [7ms]
2025-04-28 18:22:29.586 [info] > git for-each-ref --format=%(refname)%00%(upstream:short)%00%(objectname)%00%(upstream:track)%00%(upstream:remotename)%00%(upstream:remoteref) refs/heads/Wusi_dataset_V2 refs/remotes/Wusi_dataset_V2 [2ms]
2025-04-28 18:22:29.599 [info] > git for-each-ref --sort -committerdate --format %(refname)%00%(objectname)%00%(*objectname) [3ms]
2025-04-28 18:22:29.699 [info] > git status -z -uall [109ms]
2025-04-28 18:22:34.834 [info] > git config --get commit.template [5ms]
2025-04-28 18:22:34.835 [info] > git for-each-ref --format=%(refname)%00%(upstream:short)%00%(objectname)%00%(upstream:track)%00%(upstream:remotename)%00%(upstream:remoteref) refs/heads/Wusi_dataset_V2 refs/remotes/Wusi_dataset_V2 [3ms]
2025-04-28 18:22:34.848 [info] > git for-each-ref --sort -committerdate --format %(refname)%00%(objectname)%00%(*objectname) [2ms]
2025-04-28 18:22:34.946 [info] > git status -z -uall [107ms]
2025-04-28 18:22:40.074 [info] > git config --get commit.template [6ms]
2025-04-28 18:22:40.075 [info] > git for-each-ref --format=%(refname)%00%(upstream:short)%00%(objectname)%00%(upstream:track)%00%(upstream:remotename)%00%(upstream:remoteref) refs/heads/Wusi_dataset_V2 refs/remotes/Wusi_dataset_V2 [2ms]
2025-04-28 18:22:40.090 [info] > git for-each-ref --sort -committerdate --format %(refname)%00%(objectname)%00%(*objectname) [3ms]
2025-04-28 18:22:40.190 [info] > git status -z -uall [110ms]
2025-04-28 18:22:45.320 [info] > git config --get commit.template [5ms]
2025-04-28 18:22:45.321 [info] > git for-each-ref --format=%(refname)%00%(upstream:short)%00%(objectname)%00%(upstream:track)%00%(upstream:remotename)%00%(upstream:remoteref) refs/heads/Wusi_dataset_V2 refs/remotes/Wusi_dataset_V2 [2ms]
2025-04-28 18:22:45.334 [info] > git for-each-ref --sort -committerdate --format %(refname)%00%(objectname)%00%(*objectname) [3ms]
2025-04-28 18:22:45.435 [info] > git status -z -uall [109ms]
2025-04-28 18:22:50.539 [info] > git config --get commit.template [2ms]
2025-04-28 18:22:50.548 [info] > git for-each-ref --format=%(refname)%00%(upstream:short)%00%(objectname)%00%(upstream:track)%00%(upstream:remotename)%00%(upstream:remoteref) refs/heads/Wusi_dataset_V2 refs/remotes/Wusi_dataset_V2 [2ms]
2025-04-28 18:22:50.563 [info] > git for-each-ref --sort -committerdate --format %(refname)%00%(objectname)%00%(*objectname) [3ms]
2025-04-28 18:22:50.654 [info] > git status -z -uall [100ms]
2025-04-28 18:22:55.791 [info] > git config --get commit.template [7ms]
2025-04-28 18:22:55.792 [info] > git for-each-ref --format=%(refname)%00%(upstream:short)%00%(objectname)%00%(upstream:track)%00%(upstream:remotename)%00%(upstream:remoteref) refs/heads/Wusi_dataset_V2 refs/remotes/Wusi_dataset_V2 [2ms]
2025-04-28 18:22:55.806 [info] > git for-each-ref --sort -committerdate --format %(refname)%00%(objectname)%00%(*objectname) [3ms]
2025-04-28 18:22:55.903 [info] > git status -z -uall [105ms]
2025-04-28 18:23:01.038 [info] > git config --get commit.template [7ms]
2025-04-28 18:23:01.039 [info] > git for-each-ref --format=%(refname)%00%(upstream:short)%00%(objectname)%00%(upstream:track)%00%(upstream:remotename)%00%(upstream:remoteref) refs/heads/Wusi_dataset_V2 refs/remotes/Wusi_dataset_V2 [2ms]
2025-04-28 18:23:01.055 [info] > git for-each-ref --sort -committerdate --format %(refname)%00%(objectname)%00%(*objectname) [3ms]
2025-04-28 18:23:01.153 [info] > git status -z -uall [109ms]
2025-04-28 18:23:06.290 [info] > git config --get commit.template [2ms]
2025-04-28 18:23:06.298 [info] > git for-each-ref --format=%(refname)%00%(upstream:short)%00%(objectname)%00%(upstream:track)%00%(upstream:remotename)%00%(upstream:remoteref) refs/heads/Wusi_dataset_V2 refs/remotes/Wusi_dataset_V2 [2ms]
2025-04-28 18:23:06.313 [info] > git for-each-ref --sort -committerdate --format %(refname)%00%(objectname)%00%(*objectname) [3ms]
2025-04-28 18:23:06.412 [info] > git status -z -uall [109ms]
2025-04-28 18:23:11.485 [info] > git config --get commit.template [8ms]
2025-04-28 18:23:11.486 [info] > git for-each-ref --format=%(refname)%00%(upstream:short)%00%(objectname)%00%(upstream:track)%00%(upstream:remotename)%00%(upstream:remoteref) refs/heads/Wusi_dataset_V2 refs/remotes/Wusi_dataset_V2 [2ms]
2025-04-28 18:23:11.501 [info] > git for-each-ref --sort -committerdate --format %(refname)%00%(objectname)%00%(*objectname) [3ms]
2025-04-28 18:23:11.601 [info] > git status -z -uall [110ms]
2025-04-28 18:23:16.741 [info] > git config --get commit.template [7ms]
2025-04-28 18:23:16.742 [info] > git for-each-ref --format=%(refname)%00%(upstream:short)%00%(objectname)%00%(upstream:track)%00%(upstream:remotename)%00%(upstream:remoteref) refs/heads/Wusi_dataset_V2 refs/remotes/Wusi_dataset_V2 [2ms]
2025-04-28 18:23:16.755 [info] > git for-each-ref --sort -committerdate --format %(refname)%00%(objectname)%00%(*objectname) [2ms]
2025-04-28 18:23:16.856 [info] > git status -z -uall [109ms]
2025-04-28 18:23:21.990 [info] > git config --get commit.template [6ms]
2025-04-28 18:23:21.991 [info] > git for-each-ref --format=%(refname)%00%(upstream:short)%00%(objectname)%00%(upstream:track)%00%(upstream:remotename)%00%(upstream:remoteref) refs/heads/Wusi_dataset_V2 refs/remotes/Wusi_dataset_V2 [3ms]
2025-04-28 18:23:22.006 [info] > git for-each-ref --sort -committerdate --format %(refname)%00%(objectname)%00%(*objectname) [3ms]
2025-04-28 18:23:22.107 [info] > git status -z -uall [111ms]
2025-04-28 18:23:27.226 [info] > git config --get commit.template [7ms]
2025-04-28 18:23:27.227 [info] > git for-each-ref --format=%(refname)%00%(upstream:short)%00%(objectname)%00%(upstream:track)%00%(upstream:remotename)%00%(upstream:remoteref) refs/heads/Wusi_dataset_V2 refs/remotes/Wusi_dataset_V2 [2ms]
2025-04-28 18:23:27.243 [info] > git for-each-ref --sort -committerdate --format %(refname)%00%(objectname)%00%(*objectname) [3ms]
2025-04-28 18:23:27.343 [info] > git status -z -uall [111ms]
2025-04-28 18:23:32.477 [info] > git config --get commit.template [6ms]
2025-04-28 18:23:32.478 [info] > git for-each-ref --format=%(refname)%00%(upstream:short)%00%(objectname)%00%(upstream:track)%00%(upstream:remotename)%00%(upstream:remoteref) refs/heads/Wusi_dataset_V2 refs/remotes/Wusi_dataset_V2 [2ms]
2025-04-28 18:23:32.494 [info] > git for-each-ref --sort -committerdate --format %(refname)%00%(objectname)%00%(*objectname) [3ms]
2025-04-28 18:23:32.594 [info] > git status -z -uall [111ms]
2025-04-28 18:23:37.722 [info] > git config --get commit.template [6ms]
2025-04-28 18:23:37.723 [info] > git for-each-ref --format=%(refname)%00%(upstream:short)%00%(objectname)%00%(upstream:track)%00%(upstream:remotename)%00%(upstream:remoteref) refs/heads/Wusi_dataset_V2 refs/remotes/Wusi_dataset_V2 [2ms]
2025-04-28 18:23:37.738 [info] > git for-each-ref --sort -committerdate --format %(refname)%00%(objectname)%00%(*objectname) [2ms]
2025-04-28 18:23:37.838 [info] > git status -z -uall [110ms]
2025-04-28 18:23:42.967 [info] > git config --get commit.template [5ms]
2025-04-28 18:23:42.968 [info] > git for-each-ref --format=%(refname)%00%(upstream:short)%00%(objectname)%00%(upstream:track)%00%(upstream:remotename)%00%(upstream:remoteref) refs/heads/Wusi_dataset_V2 refs/remotes/Wusi_dataset_V2 [2ms]
2025-04-28 18:23:42.981 [info] > git for-each-ref --sort -committerdate --format %(refname)%00%(objectname)%00%(*objectname) [2ms]
2025-04-28 18:23:43.089 [info] > git status -z -uall [117ms]
2025-04-28 18:23:48.226 [info] > git config --get commit.template [6ms]
2025-04-28 18:23:48.227 [info] > git for-each-ref --format=%(refname)%00%(upstream:short)%00%(objectname)%00%(upstream:track)%00%(upstream:remotename)%00%(upstream:remoteref) refs/heads/Wusi_dataset_V2 refs/remotes/Wusi_dataset_V2 [2ms]
2025-04-28 18:23:48.243 [info] > git for-each-ref --sort -committerdate --format %(refname)%00%(objectname)%00%(*objectname) [2ms]
2025-04-28 18:23:48.345 [info] > git status -z -uall [111ms]
2025-04-28 18:23:53.475 [info] > git config --get commit.template [6ms]
2025-04-28 18:23:53.476 [info] > git for-each-ref --format=%(refname)%00%(upstream:short)%00%(objectname)%00%(upstream:track)%00%(upstream:remotename)%00%(upstream:remoteref) refs/heads/Wusi_dataset_V2 refs/remotes/Wusi_dataset_V2 [2ms]
2025-04-28 18:23:53.493 [info] > git for-each-ref --sort -committerdate --format %(refname)%00%(objectname)%00%(*objectname) [3ms]
2025-04-28 18:23:53.589 [info] > git status -z -uall [105ms]
2025-04-28 18:23:58.726 [info] > git config --get commit.template [6ms]
2025-04-28 18:23:58.727 [info] > git for-each-ref --format=%(refname)%00%(upstream:short)%00%(objectname)%00%(upstream:track)%00%(upstream:remotename)%00%(upstream:remoteref) refs/heads/Wusi_dataset_V2 refs/remotes/Wusi_dataset_V2 [2ms]
2025-04-28 18:23:58.743 [info] > git for-each-ref --sort -committerdate --format %(refname)%00%(objectname)%00%(*objectname) [2ms]
2025-04-28 18:23:58.841 [info] > git status -z -uall [109ms]
2025-04-28 18:24:03.983 [info] > git config --get commit.template [8ms]
2025-04-28 18:24:03.985 [info] > git for-each-ref --format=%(refname)%00%(upstream:short)%00%(objectname)%00%(upstream:track)%00%(upstream:remotename)%00%(upstream:remoteref) refs/heads/Wusi_dataset_V2 refs/remotes/Wusi_dataset_V2 [3ms]
2025-04-28 18:24:04.001 [info] > git for-each-ref --sort -committerdate --format %(refname)%00%(objectname)%00%(*objectname) [3ms]
2025-04-28 18:24:04.098 [info] > git status -z -uall [107ms]
2025-04-28 18:24:09.217 [info] > git config --get commit.template [7ms]
2025-04-28 18:24:09.218 [info] > git for-each-ref --format=%(refname)%00%(upstream:short)%00%(objectname)%00%(upstream:track)%00%(upstream:remotename)%00%(upstream:remoteref) refs/heads/Wusi_dataset_V2 refs/remotes/Wusi_dataset_V2 [2ms]
2025-04-28 18:24:09.235 [info] > git for-each-ref --sort -committerdate --format %(refname)%00%(objectname)%00%(*objectname) [3ms]
2025-04-28 18:24:09.334 [info] > git status -z -uall [110ms]
2025-04-28 18:24:14.475 [info] > git config --get commit.template [7ms]
2025-04-28 18:24:14.476 [info] > git for-each-ref --format=%(refname)%00%(upstream:short)%00%(objectname)%00%(upstream:track)%00%(upstream:remotename)%00%(upstream:remoteref) refs/heads/Wusi_dataset_V2 refs/remotes/Wusi_dataset_V2 [2ms]
2025-04-28 18:24:14.492 [info] > git for-each-ref --sort -committerdate --format %(refname)%00%(objectname)%00%(*objectname) [3ms]
2025-04-28 18:24:14.589 [info] > git status -z -uall [108ms]
2025-04-28 18:24:19.721 [info] > git config --get commit.template [7ms]
2025-04-28 18:24:19.722 [info] > git for-each-ref --format=%(refname)%00%(upstream:short)%00%(objectname)%00%(upstream:track)%00%(upstream:remotename)%00%(upstream:remoteref) refs/heads/Wusi_dataset_V2 refs/remotes/Wusi_dataset_V2 [2ms]
2025-04-28 18:24:19.737 [info] > git for-each-ref --sort -committerdate --format %(refname)%00%(objectname)%00%(*objectname) [2ms]
2025-04-28 18:24:19.838 [info] > git status -z -uall [110ms]
2025-04-28 18:24:24.981 [info] > git config --get commit.template [6ms]
2025-04-28 18:24:24.983 [info] > git for-each-ref --format=%(refname)%00%(upstream:short)%00%(objectname)%00%(upstream:track)%00%(upstream:remotename)%00%(upstream:remoteref) refs/heads/Wusi_dataset_V2 refs/remotes/Wusi_dataset_V2 [3ms]
2025-04-28 18:24:24.999 [info] > git for-each-ref --sort -committerdate --format %(refname)%00%(objectname)%00%(*objectname) [3ms]
2025-04-28 18:24:25.099 [info] > git status -z -uall [111ms]
2025-04-28 18:24:30.218 [info] > git config --get commit.template [7ms]
2025-04-28 18:24:30.219 [info] > git for-each-ref --format=%(refname)%00%(upstream:short)%00%(objectname)%00%(upstream:track)%00%(upstream:remotename)%00%(upstream:remoteref) refs/heads/Wusi_dataset_V2 refs/remotes/Wusi_dataset_V2 [2ms]
2025-04-28 18:24:30.235 [info] > git for-each-ref --sort -committerdate --format %(refname)%00%(objectname)%00%(*objectname) [3ms]
2025-04-28 18:24:30.336 [info] > git status -z -uall [112ms]
2025-04-28 18:24:35.458 [info] > git config --get commit.template [6ms]
2025-04-28 18:24:35.459 [info] > git for-each-ref --format=%(refname)%00%(upstream:short)%00%(objectname)%00%(upstream:track)%00%(upstream:remotename)%00%(upstream:remoteref) refs/heads/Wusi_dataset_V2 refs/remotes/Wusi_dataset_V2 [2ms]
2025-04-28 18:24:35.474 [info] > git for-each-ref --sort -committerdate --format %(refname)%00%(objectname)%00%(*objectname) [2ms]
2025-04-28 18:24:35.574 [info] > git status -z -uall [110ms]
2025-04-28 18:24:40.716 [info] > git config --get commit.template [6ms]
2025-04-28 18:24:40.718 [info] > git for-each-ref --format=%(refname)%00%(upstream:short)%00%(objectname)%00%(upstream:track)%00%(upstream:remotename)%00%(upstream:remoteref) refs/heads/Wusi_dataset_V2 refs/remotes/Wusi_dataset_V2 [3ms]
2025-04-28 18:24:40.731 [info] > git for-each-ref --sort -committerdate --format %(refname)%00%(objectname)%00%(*objectname) [3ms]
2025-04-28 18:24:40.831 [info] > git status -z -uall [109ms]
2025-04-28 18:24:45.964 [info] > git config --get commit.template [9ms]
2025-04-28 18:24:45.965 [info] > git for-each-ref --format=%(refname)%00%(upstream:short)%00%(objectname)%00%(upstream:track)%00%(upstream:remotename)%00%(upstream:remoteref) refs/heads/Wusi_dataset_V2 refs/remotes/Wusi_dataset_V2 [2ms]
2025-04-28 18:24:45.979 [info] > git for-each-ref --sort -committerdate --format %(refname)%00%(objectname)%00%(*objectname) [2ms]
2025-04-28 18:24:46.078 [info] > git status -z -uall [107ms]
2025-04-28 18:24:51.211 [info] > git config --get commit.template [7ms]
2025-04-28 18:24:51.212 [info] > git for-each-ref --format=%(refname)%00%(upstream:short)%00%(objectname)%00%(upstream:track)%00%(upstream:remotename)%00%(upstream:remoteref) refs/heads/Wusi_dataset_V2 refs/remotes/Wusi_dataset_V2 [2ms]
2025-04-28 18:24:51.225 [info] > git for-each-ref --sort -committerdate --format %(refname)%00%(objectname)%00%(*objectname) [2ms]
2025-04-28 18:24:51.329 [info] > git status -z -uall [112ms]
2025-04-28 18:24:56.513 [info] > git config --get commit.template [7ms]
2025-04-28 18:24:56.514 [info] > git for-each-ref --format=%(refname)%00%(upstream:short)%00%(objectname)%00%(upstream:track)%00%(upstream:remotename)%00%(upstream:remoteref) refs/heads/Wusi_dataset_V2 refs/remotes/Wusi_dataset_V2 [2ms]
2025-04-28 18:24:56.524 [info] > git for-each-ref --sort -committerdate --format %(refname)%00%(objectname)%00%(*objectname) [2ms]
2025-04-28 18:24:56.633 [info] > git status -z -uall [115ms]
2025-04-28 18:25:01.704 [info] > git config --get commit.template [5ms]
2025-04-28 18:25:01.704 [info] > git for-each-ref --format=%(refname)%00%(upstream:short)%00%(objectname)%00%(upstream:track)%00%(upstream:remotename)%00%(upstream:remoteref) refs/heads/Wusi_dataset_V2 refs/remotes/Wusi_dataset_V2 [1ms]
2025-04-28 18:25:01.713 [info] > git for-each-ref --sort -committerdate --format %(refname)%00%(objectname)%00%(*objectname) [2ms]
2025-04-28 18:25:01.805 [info] > git status -z -uall [97ms]
2025-04-28 18:25:06.881 [info] > git config --get commit.template [6ms]
2025-04-28 18:25:06.882 [info] > git for-each-ref --format=%(refname)%00%(upstream:short)%00%(objectname)%00%(upstream:track)%00%(upstream:remotename)%00%(upstream:remoteref) refs/heads/Wusi_dataset_V2 refs/remotes/Wusi_dataset_V2 [2ms]
2025-04-28 18:25:06.896 [info] > git for-each-ref --sort -committerdate --format %(refname)%00%(objectname)%00%(*objectname) [3ms]
2025-04-28 18:25:06.995 [info] > git status -z -uall [108ms]
2025-04-28 18:25:12.129 [info] > git config --get commit.template [6ms]
2025-04-28 18:25:12.130 [info] > git for-each-ref --format=%(refname)%00%(upstream:short)%00%(objectname)%00%(upstream:track)%00%(upstream:remotename)%00%(upstream:remoteref) refs/heads/Wusi_dataset_V2 refs/remotes/Wusi_dataset_V2 [2ms]
2025-04-28 18:25:12.146 [info] > git for-each-ref --sort -committerdate --format %(refname)%00%(objectname)%00%(*objectname) [2ms]
2025-04-28 18:25:12.245 [info] > git status -z -uall [110ms]
2025-04-28 18:25:17.382 [info] > git config --get commit.template [10ms]
2025-04-28 18:25:17.384 [info] > git for-each-ref --format=%(refname)%00%(upstream:short)%00%(objectname)%00%(upstream:track)%00%(upstream:remotename)%00%(upstream:remoteref) refs/heads/Wusi_dataset_V2 refs/remotes/Wusi_dataset_V2 [3ms]
2025-04-28 18:25:17.400 [info] > git for-each-ref --sort -committerdate --format %(refname)%00%(objectname)%00%(*objectname) [3ms]
2025-04-28 18:25:17.504 [info] > git status -z -uall [114ms]
2025-04-28 18:25:22.606 [info] > git config --get commit.template [6ms]
2025-04-28 18:25:22.607 [info] > git for-each-ref --format=%(refname)%00%(upstream:short)%00%(objectname)%00%(upstream:track)%00%(upstream:remotename)%00%(upstream:remoteref) refs/heads/Wusi_dataset_V2 refs/remotes/Wusi_dataset_V2 [2ms]
2025-04-28 18:25:22.623 [info] > git for-each-ref --sort -committerdate --format %(refname)%00%(objectname)%00%(*objectname) [3ms]
2025-04-28 18:25:22.720 [info] > git status -z -uall [108ms]
2025-04-28 18:25:27.857 [info] > git config --get commit.template [7ms]
2025-04-28 18:25:27.858 [info] > git for-each-ref --format=%(refname)%00%(upstream:short)%00%(objectname)%00%(upstream:track)%00%(upstream:remotename)%00%(upstream:remoteref) refs/heads/Wusi_dataset_V2 refs/remotes/Wusi_dataset_V2 [1ms]
2025-04-28 18:25:27.873 [info] > git for-each-ref --sort -committerdate --format %(refname)%00%(objectname)%00%(*objectname) [3ms]
2025-04-28 18:25:27.972 [info] > git status -z -uall [109ms]
2025-04-28 18:25:33.110 [info] > git config --get commit.template [6ms]
2025-04-28 18:25:33.111 [info] > git for-each-ref --format=%(refname)%00%(upstream:short)%00%(objectname)%00%(upstream:track)%00%(upstream:remotename)%00%(upstream:remoteref) refs/heads/Wusi_dataset_V2 refs/remotes/Wusi_dataset_V2 [2ms]
2025-04-28 18:25:33.127 [info] > git for-each-ref --sort -committerdate --format %(refname)%00%(objectname)%00%(*objectname) [3ms]
2025-04-28 18:25:33.226 [info] > git status -z -uall [110ms]
2025-04-28 18:25:38.351 [info] > git config --get commit.template [2ms]
2025-04-28 18:25:38.359 [info] > git for-each-ref --format=%(refname)%00%(upstream:short)%00%(objectname)%00%(upstream:track)%00%(upstream:remotename)%00%(upstream:remoteref) refs/heads/Wusi_dataset_V2 refs/remotes/Wusi_dataset_V2 [2ms]
2025-04-28 18:25:38.374 [info] > git for-each-ref --sort -committerdate --format %(refname)%00%(objectname)%00%(*objectname) [2ms]
2025-04-28 18:25:38.473 [info] > git status -z -uall [109ms]
2025-04-28 18:25:43.582 [info] > git config --get commit.template [6ms]
2025-04-28 18:25:43.583 [info] > git for-each-ref --format=%(refname)%00%(upstream:short)%00%(objectname)%00%(upstream:track)%00%(upstream:remotename)%00%(upstream:remoteref) refs/heads/Wusi_dataset_V2 refs/remotes/Wusi_dataset_V2 [2ms]
2025-04-28 18:25:43.599 [info] > git for-each-ref --sort -committerdate --format %(refname)%00%(objectname)%00%(*objectname) [3ms]
2025-04-28 18:25:43.698 [info] > git status -z -uall [110ms]
2025-04-28 18:25:48.833 [info] > git config --get commit.template [8ms]
2025-04-28 18:25:48.835 [info] > git for-each-ref --format=%(refname)%00%(upstream:short)%00%(objectname)%00%(upstream:track)%00%(upstream:remotename)%00%(upstream:remoteref) refs/heads/Wusi_dataset_V2 refs/remotes/Wusi_dataset_V2 [2ms]
2025-04-28 18:25:48.849 [info] > git for-each-ref --sort -committerdate --format %(refname)%00%(objectname)%00%(*objectname) [2ms]
2025-04-28 18:25:48.949 [info] > git status -z -uall [108ms]
2025-04-28 18:25:54.082 [info] > git config --get commit.template [5ms]
2025-04-28 18:25:54.082 [info] > git for-each-ref --format=%(refname)%00%(upstream:short)%00%(objectname)%00%(upstream:track)%00%(upstream:remotename)%00%(upstream:remoteref) refs/heads/Wusi_dataset_V2 refs/remotes/Wusi_dataset_V2 [1ms]
2025-04-28 18:25:54.097 [info] > git for-each-ref --sort -committerdate --format %(refname)%00%(objectname)%00%(*objectname) [3ms]
2025-04-28 18:25:54.190 [info] > git status -z -uall [103ms]
2025-04-28 18:25:59.326 [info] > git config --get commit.template [6ms]
2025-04-28 18:25:59.327 [info] > git for-each-ref --format=%(refname)%00%(upstream:short)%00%(objectname)%00%(upstream:track)%00%(upstream:remotename)%00%(upstream:remoteref) refs/heads/Wusi_dataset_V2 refs/remotes/Wusi_dataset_V2 [2ms]
2025-04-28 18:25:59.343 [info] > git for-each-ref --sort -committerdate --format %(refname)%00%(objectname)%00%(*objectname) [3ms]
2025-04-28 18:25:59.442 [info] > git status -z -uall [110ms]
2025-04-28 18:26:04.559 [info] > git config --get commit.template [5ms]
2025-04-28 18:26:04.560 [info] > git for-each-ref --format=%(refname)%00%(upstream:short)%00%(objectname)%00%(upstream:track)%00%(upstream:remotename)%00%(upstream:remoteref) refs/heads/Wusi_dataset_V2 refs/remotes/Wusi_dataset_V2 [1ms]
2025-04-28 18:26:04.572 [info] > git for-each-ref --sort -committerdate --format %(refname)%00%(objectname)%00%(*objectname) [3ms]
2025-04-28 18:26:04.672 [info] > git status -z -uall [108ms]
2025-04-28 18:26:09.799 [info] > git config --get commit.template [7ms]
2025-04-28 18:26:09.800 [info] > git for-each-ref --format=%(refname)%00%(upstream:short)%00%(objectname)%00%(upstream:track)%00%(upstream:remotename)%00%(upstream:remoteref) refs/heads/Wusi_dataset_V2 refs/remotes/Wusi_dataset_V2 [2ms]
2025-04-28 18:26:09.814 [info] > git for-each-ref --sort -committerdate --format %(refname)%00%(objectname)%00%(*objectname) [3ms]
2025-04-28 18:26:09.914 [info] > git status -z -uall [109ms]
2025-04-28 18:26:15.054 [info] > git config --get commit.template [5ms]
2025-04-28 18:26:15.055 [info] > git for-each-ref --format=%(refname)%00%(upstream:short)%00%(objectname)%00%(upstream:track)%00%(upstream:remotename)%00%(upstream:remoteref) refs/heads/Wusi_dataset_V2 refs/remotes/Wusi_dataset_V2 [2ms]
2025-04-28 18:26:15.070 [info] > git for-each-ref --sort -committerdate --format %(refname)%00%(objectname)%00%(*objectname) [3ms]
2025-04-28 18:26:15.172 [info] > git status -z -uall [112ms]
2025-04-28 18:26:20.311 [info] > git config --get commit.template [2ms]
2025-04-28 18:26:20.319 [info] > git for-each-ref --format=%(refname)%00%(upstream:short)%00%(objectname)%00%(upstream:track)%00%(upstream:remotename)%00%(upstream:remoteref) refs/heads/Wusi_dataset_V2 refs/remotes/Wusi_dataset_V2 [2ms]
2025-04-28 18:26:20.336 [info] > git for-each-ref --sort -committerdate --format %(refname)%00%(objectname)%00%(*objectname) [4ms]
2025-04-28 18:26:20.427 [info] > git status -z -uall [101ms]
2025-04-28 18:26:25.561 [info] > git config --get commit.template [7ms]
2025-04-28 18:26:25.562 [info] > git for-each-ref --format=%(refname)%00%(upstream:short)%00%(objectname)%00%(upstream:track)%00%(upstream:remotename)%00%(upstream:remoteref) refs/heads/Wusi_dataset_V2 refs/remotes/Wusi_dataset_V2 [2ms]
2025-04-28 18:26:25.576 [info] > git for-each-ref --sort -committerdate --format %(refname)%00%(objectname)%00%(*objectname) [2ms]
2025-04-28 18:26:25.676 [info] > git status -z -uall [108ms]
2025-04-28 18:26:30.814 [info] > git config --get commit.template [7ms]
2025-04-28 18:26:30.815 [info] > git for-each-ref --format=%(refname)%00%(upstream:short)%00%(objectname)%00%(upstream:track)%00%(upstream:remotename)%00%(upstream:remoteref) refs/heads/Wusi_dataset_V2 refs/remotes/Wusi_dataset_V2 [2ms]
2025-04-28 18:26:30.832 [info] > git for-each-ref --sort -committerdate --format %(refname)%00%(objectname)%00%(*objectname) [3ms]
2025-04-28 18:26:30.933 [info] > git status -z -uall [111ms]
2025-04-28 18:26:36.069 [info] > git config --get commit.template [6ms]
2025-04-28 18:26:36.071 [info] > git for-each-ref --format=%(refname)%00%(upstream:short)%00%(objectname)%00%(upstream:track)%00%(upstream:remotename)%00%(upstream:remoteref) refs/heads/Wusi_dataset_V2 refs/remotes/Wusi_dataset_V2 [3ms]
2025-04-28 18:26:36.086 [info] > git for-each-ref --sort -committerdate --format %(refname)%00%(objectname)%00%(*objectname) [2ms]
2025-04-28 18:26:36.192 [info] > git status -z -uall [115ms]
2025-04-28 18:26:41.326 [info] > git config --get commit.template [6ms]
2025-04-28 18:26:41.327 [info] > git for-each-ref --format=%(refname)%00%(upstream:short)%00%(objectname)%00%(upstream:track)%00%(upstream:remotename)%00%(upstream:remoteref) refs/heads/Wusi_dataset_V2 refs/remotes/Wusi_dataset_V2 [2ms]
2025-04-28 18:26:41.343 [info] > git for-each-ref --sort -committerdate --format %(refname)%00%(objectname)%00%(*objectname) [2ms]
2025-04-28 18:26:41.443 [info] > git status -z -uall [111ms]
2025-04-28 18:26:46.519 [info] > git config --get commit.template [6ms]
2025-04-28 18:26:46.520 [info] > git for-each-ref --format=%(refname)%00%(upstream:short)%00%(objectname)%00%(upstream:track)%00%(upstream:remotename)%00%(upstream:remoteref) refs/heads/Wusi_dataset_V2 refs/remotes/Wusi_dataset_V2 [2ms]
2025-04-28 18:26:46.535 [info] > git for-each-ref --sort -committerdate --format %(refname)%00%(objectname)%00%(*objectname) [2ms]
2025-04-28 18:26:46.634 [info] > git status -z -uall [109ms]
2025-04-28 18:26:51.712 [info] > git config --get commit.template [4ms]
2025-04-28 18:26:51.713 [info] > git for-each-ref --format=%(refname)%00%(upstream:short)%00%(objectname)%00%(upstream:track)%00%(upstream:remotename)%00%(upstream:remoteref) refs/heads/Wusi_dataset_V2 refs/remotes/Wusi_dataset_V2 [1ms]
2025-04-28 18:26:51.724 [info] > git for-each-ref --sort -committerdate --format %(refname)%00%(objectname)%00%(*objectname) [2ms]
2025-04-28 18:26:51.820 [info] > git status -z -uall [103ms]
2025-04-28 18:26:56.919 [info] > git config --get commit.template [7ms]
2025-04-28 18:26:56.921 [info] > git for-each-ref --format=%(refname)%00%(upstream:short)%00%(objectname)%00%(upstream:track)%00%(upstream:remotename)%00%(upstream:remoteref) refs/heads/Wusi_dataset_V2 refs/remotes/Wusi_dataset_V2 [2ms]
2025-04-28 18:26:56.935 [info] > git for-each-ref --sort -committerdate --format %(refname)%00%(objectname)%00%(*objectname) [3ms]
2025-04-28 18:26:57.046 [info] > git status -z -uall [121ms]
2025-04-28 18:27:02.175 [info] > git config --get commit.template [4ms]
2025-04-28 18:27:02.176 [info] > git for-each-ref --format=%(refname)%00%(upstream:short)%00%(objectname)%00%(upstream:track)%00%(upstream:remotename)%00%(upstream:remoteref) refs/heads/Wusi_dataset_V2 refs/remotes/Wusi_dataset_V2 [1ms]
2025-04-28 18:27:02.185 [info] > git for-each-ref --sort -committerdate --format %(refname)%00%(objectname)%00%(*objectname) [2ms]
2025-04-28 18:27:02.272 [info] > git status -z -uall [93ms]
2025-04-28 18:27:07.411 [info] > git config --get commit.template [7ms]
2025-04-28 18:27:07.412 [info] > git for-each-ref --format=%(refname)%00%(upstream:short)%00%(objectname)%00%(upstream:track)%00%(upstream:remotename)%00%(upstream:remoteref) refs/heads/Wusi_dataset_V2 refs/remotes/Wusi_dataset_V2 [2ms]
2025-04-28 18:27:07.427 [info] > git for-each-ref --sort -committerdate --format %(refname)%00%(objectname)%00%(*objectname) [3ms]
2025-04-28 18:27:07.531 [info] > git status -z -uall [114ms]
2025-04-28 18:27:12.659 [info] > git config --get commit.template [6ms]
2025-04-28 18:27:12.660 [info] > git for-each-ref --format=%(refname)%00%(upstream:short)%00%(objectname)%00%(upstream:track)%00%(upstream:remotename)%00%(upstream:remoteref) refs/heads/Wusi_dataset_V2 refs/remotes/Wusi_dataset_V2 [2ms]
2025-04-28 18:27:12.676 [info] > git for-each-ref --sort -committerdate --format %(refname)%00%(objectname)%00%(*objectname) [2ms]
2025-04-28 18:27:12.766 [info] > git status -z -uall [97ms]
2025-04-28 18:27:17.899 [info] > git config --get commit.template [7ms]
2025-04-28 18:27:17.901 [info] > git for-each-ref --format=%(refname)%00%(upstream:short)%00%(objectname)%00%(upstream:track)%00%(upstream:remotename)%00%(upstream:remoteref) refs/heads/Wusi_dataset_V2 refs/remotes/Wusi_dataset_V2 [2ms]
2025-04-28 18:27:17.914 [info] > git for-each-ref --sort -committerdate --format %(refname)%00%(objectname)%00%(*objectname) [2ms]
2025-04-28 18:27:18.014 [info] > git status -z -uall [108ms]
2025-04-28 18:27:23.158 [info] > git config --get commit.template [6ms]
2025-04-28 18:27:23.159 [info] > git for-each-ref --format=%(refname)%00%(upstream:short)%00%(objectname)%00%(upstream:track)%00%(upstream:remotename)%00%(upstream:remoteref) refs/heads/Wusi_dataset_V2 refs/remotes/Wusi_dataset_V2 [2ms]
2025-04-28 18:27:23.174 [info] > git for-each-ref --sort -committerdate --format %(refname)%00%(objectname)%00%(*objectname) [2ms]
2025-04-28 18:27:23.272 [info] > git status -z -uall [108ms]
2025-04-28 18:27:28.347 [info] > git config --get commit.template [8ms]
2025-04-28 18:27:28.349 [info] > git for-each-ref --format=%(refname)%00%(upstream:short)%00%(objectname)%00%(upstream:track)%00%(upstream:remotename)%00%(upstream:remoteref) refs/heads/Wusi_dataset_V2 refs/remotes/Wusi_dataset_V2 [3ms]
2025-04-28 18:27:28.363 [info] > git for-each-ref --sort -committerdate --format %(refname)%00%(objectname)%00%(*objectname) [3ms]
2025-04-28 18:27:28.465 [info] > git status -z -uall [112ms]
2025-04-28 18:27:33.605 [info] > git config --get commit.template [9ms]
2025-04-28 18:27:33.606 [info] > git for-each-ref --format=%(refname)%00%(upstream:short)%00%(objectname)%00%(upstream:track)%00%(upstream:remotename)%00%(upstream:remoteref) refs/heads/Wusi_dataset_V2 refs/remotes/Wusi_dataset_V2 [2ms]
2025-04-28 18:27:33.623 [info] > git for-each-ref --sort -committerdate --format %(refname)%00%(objectname)%00%(*objectname) [3ms]
2025-04-28 18:27:33.716 [info] > git status -z -uall [103ms]
2025-04-28 18:27:38.856 [info] > git config --get commit.template [8ms]
2025-04-28 18:27:38.857 [info] > git for-each-ref --format=%(refname)%00%(upstream:short)%00%(objectname)%00%(upstream:track)%00%(upstream:remotename)%00%(upstream:remoteref) refs/heads/Wusi_dataset_V2 refs/remotes/Wusi_dataset_V2 [2ms]
2025-04-28 18:27:38.873 [info] > git for-each-ref --sort -committerdate --format %(refname)%00%(objectname)%00%(*objectname) [3ms]
2025-04-28 18:27:38.971 [info] > git status -z -uall [109ms]
2025-04-28 18:27:44.106 [info] > git config --get commit.template [7ms]
2025-04-28 18:27:44.107 [info] > git for-each-ref --format=%(refname)%00%(upstream:short)%00%(objectname)%00%(upstream:track)%00%(upstream:remotename)%00%(upstream:remoteref) refs/heads/Wusi_dataset_V2 refs/remotes/Wusi_dataset_V2 [2ms]
2025-04-28 18:27:44.123 [info] > git for-each-ref --sort -committerdate --format %(refname)%00%(objectname)%00%(*objectname) [3ms]
2025-04-28 18:27:44.219 [info] > git status -z -uall [107ms]
2025-04-28 18:27:49.343 [info] > git config --get commit.template [8ms]
2025-04-28 18:27:49.345 [info] > git for-each-ref --format=%(refname)%00%(upstream:short)%00%(objectname)%00%(upstream:track)%00%(upstream:remotename)%00%(upstream:remoteref) refs/heads/Wusi_dataset_V2 refs/remotes/Wusi_dataset_V2 [2ms]
2025-04-28 18:27:49.359 [info] > git for-each-ref --sort -committerdate --format %(refname)%00%(objectname)%00%(*objectname) [2ms]
2025-04-28 18:27:49.461 [info] > git status -z -uall [111ms]
2025-04-28 18:27:54.590 [info] > git config --get commit.template [6ms]
2025-04-28 18:27:54.591 [info] > git for-each-ref --format=%(refname)%00%(upstream:short)%00%(objectname)%00%(upstream:track)%00%(upstream:remotename)%00%(upstream:remoteref) refs/heads/Wusi_dataset_V2 refs/remotes/Wusi_dataset_V2 [2ms]
2025-04-28 18:27:54.606 [info] > git for-each-ref --sort -committerdate --format %(refname)%00%(objectname)%00%(*objectname) [3ms]
2025-04-28 18:27:54.709 [info] > git status -z -uall [113ms]
2025-04-28 18:27:59.849 [info] > git config --get commit.template [7ms]
2025-04-28 18:27:59.850 [info] > git for-each-ref --format=%(refname)%00%(upstream:short)%00%(objectname)%00%(upstream:track)%00%(upstream:remotename)%00%(upstream:remoteref) refs/heads/Wusi_dataset_V2 refs/remotes/Wusi_dataset_V2 [2ms]
2025-04-28 18:27:59.865 [info] > git for-each-ref --sort -committerdate --format %(refname)%00%(objectname)%00%(*objectname) [3ms]
2025-04-28 18:27:59.966 [info] > git status -z -uall [111ms]
2025-04-28 18:28:05.099 [info] > git config --get commit.template [7ms]
2025-04-28 18:28:05.101 [info] > git for-each-ref --format=%(refname)%00%(upstream:short)%00%(objectname)%00%(upstream:track)%00%(upstream:remotename)%00%(upstream:remoteref) refs/heads/Wusi_dataset_V2 refs/remotes/Wusi_dataset_V2 [2ms]
2025-04-28 18:28:05.115 [info] > git for-each-ref --sort -committerdate --format %(refname)%00%(objectname)%00%(*objectname) [2ms]
2025-04-28 18:28:05.214 [info] > git status -z -uall [108ms]
2025-04-28 18:28:21.397 [info] > git config --get commit.template [6ms]
2025-04-28 18:28:21.398 [info] > git for-each-ref --format=%(refname)%00%(upstream:short)%00%(objectname)%00%(upstream:track)%00%(upstream:remotename)%00%(upstream:remoteref) refs/heads/Wusi_dataset_V2 refs/remotes/Wusi_dataset_V2 [2ms]
2025-04-28 18:28:21.412 [info] > git for-each-ref --sort -committerdate --format %(refname)%00%(objectname)%00%(*objectname) [3ms]
2025-04-28 18:28:21.511 [info] > git status -z -uall [108ms]
2025-04-28 18:28:26.655 [info] > git config --get commit.template [6ms]
2025-04-28 18:28:26.657 [info] > git for-each-ref --format=%(refname)%00%(upstream:short)%00%(objectname)%00%(upstream:track)%00%(upstream:remotename)%00%(upstream:remoteref) refs/heads/Wusi_dataset_V2 refs/remotes/Wusi_dataset_V2 [3ms]
2025-04-28 18:28:26.674 [info] > git for-each-ref --sort -committerdate --format %(refname)%00%(objectname)%00%(*objectname) [3ms]
2025-04-28 18:28:26.770 [info] > git status -z -uall [106ms]
2025-04-28 18:28:31.901 [info] > git config --get commit.template [6ms]
2025-04-28 18:28:31.902 [info] > git for-each-ref --format=%(refname)%00%(upstream:short)%00%(objectname)%00%(upstream:track)%00%(upstream:remotename)%00%(upstream:remoteref) refs/heads/Wusi_dataset_V2 refs/remotes/Wusi_dataset_V2 [2ms]
2025-04-28 18:28:31.917 [info] > git for-each-ref --sort -committerdate --format %(refname)%00%(objectname)%00%(*objectname) [3ms]
2025-04-28 18:28:32.014 [info] > git status -z -uall [107ms]
2025-04-28 18:28:37.087 [info] > git config --get commit.template [8ms]
2025-04-28 18:28:37.089 [info] > git for-each-ref --format=%(refname)%00%(upstream:short)%00%(objectname)%00%(upstream:track)%00%(upstream:remotename)%00%(upstream:remoteref) refs/heads/Wusi_dataset_V2 refs/remotes/Wusi_dataset_V2 [3ms]
2025-04-28 18:28:37.103 [info] > git for-each-ref --sort -committerdate --format %(refname)%00%(objectname)%00%(*objectname) [3ms]
2025-04-28 18:28:37.202 [info] > git status -z -uall [108ms]
2025-04-28 18:28:42.342 [info] > git config --get commit.template [8ms]
2025-04-28 18:28:42.342 [info] > git for-each-ref --format=%(refname)%00%(upstream:short)%00%(objectname)%00%(upstream:track)%00%(upstream:remotename)%00%(upstream:remoteref) refs/heads/Wusi_dataset_V2 refs/remotes/Wusi_dataset_V2 [1ms]
2025-04-28 18:28:42.357 [info] > git for-each-ref --sort -committerdate --format %(refname)%00%(objectname)%00%(*objectname) [2ms]
2025-04-28 18:28:42.456 [info] > git status -z -uall [108ms]
2025-04-28 18:28:47.581 [info] > git config --get commit.template [7ms]
2025-04-28 18:28:47.582 [info] > git for-each-ref --format=%(refname)%00%(upstream:short)%00%(objectname)%00%(upstream:track)%00%(upstream:remotename)%00%(upstream:remoteref) refs/heads/Wusi_dataset_V2 refs/remotes/Wusi_dataset_V2 [2ms]
2025-04-28 18:28:47.597 [info] > git for-each-ref --sort -committerdate --format %(refname)%00%(objectname)%00%(*objectname) [3ms]
2025-04-28 18:28:47.695 [info] > git status -z -uall [108ms]
2025-04-28 18:28:52.836 [info] > git config --get commit.template [7ms]
2025-04-28 18:28:52.837 [info] > git for-each-ref --format=%(refname)%00%(upstream:short)%00%(objectname)%00%(upstream:track)%00%(upstream:remotename)%00%(upstream:remoteref) refs/heads/Wusi_dataset_V2 refs/remotes/Wusi_dataset_V2 [2ms]
2025-04-28 18:28:52.854 [info] > git for-each-ref --sort -committerdate --format %(refname)%00%(objectname)%00%(*objectname) [3ms]
2025-04-28 18:28:52.948 [info] > git status -z -uall [103ms]
2025-04-28 18:28:58.094 [info] > git config --get commit.template [6ms]
2025-04-28 18:28:58.095 [info] > git for-each-ref --format=%(refname)%00%(upstream:short)%00%(objectname)%00%(upstream:track)%00%(upstream:remotename)%00%(upstream:remoteref) refs/heads/Wusi_dataset_V2 refs/remotes/Wusi_dataset_V2 [2ms]
2025-04-28 18:28:58.110 [info] > git for-each-ref --sort -committerdate --format %(refname)%00%(objectname)%00%(*objectname) [2ms]
2025-04-28 18:28:58.205 [info] > git status -z -uall [105ms]
2025-04-28 18:29:03.284 [info] > git config --get commit.template [7ms]
2025-04-28 18:29:03.285 [info] > git for-each-ref --format=%(refname)%00%(upstream:short)%00%(objectname)%00%(upstream:track)%00%(upstream:remotename)%00%(upstream:remoteref) refs/heads/Wusi_dataset_V2 refs/remotes/Wusi_dataset_V2 [2ms]
2025-04-28 18:29:03.302 [info] > git for-each-ref --sort -committerdate --format %(refname)%00%(objectname)%00%(*objectname) [2ms]
2025-04-28 18:29:03.401 [info] > git status -z -uall [109ms]
2025-04-28 18:29:08.541 [info] > git config --get commit.template [6ms]
2025-04-28 18:29:08.543 [info] > git for-each-ref --format=%(refname)%00%(upstream:short)%00%(objectname)%00%(upstream:track)%00%(upstream:remotename)%00%(upstream:remoteref) refs/heads/Wusi_dataset_V2 refs/remotes/Wusi_dataset_V2 [3ms]
2025-04-28 18:29:08.558 [info] > git for-each-ref --sort -committerdate --format %(refname)%00%(objectname)%00%(*objectname) [2ms]
2025-04-28 18:29:08.660 [info] > git status -z -uall [113ms]
2025-04-28 18:29:13.791 [info] > git config --get commit.template [7ms]
2025-04-28 18:29:13.793 [info] > git for-each-ref --format=%(refname)%00%(upstream:short)%00%(objectname)%00%(upstream:track)%00%(upstream:remotename)%00%(upstream:remoteref) refs/heads/Wusi_dataset_V2 refs/remotes/Wusi_dataset_V2 [3ms]
2025-04-28 18:29:13.808 [info] > git for-each-ref --sort -committerdate --format %(refname)%00%(objectname)%00%(*objectname) [3ms]
2025-04-28 18:29:13.909 [info] > git status -z -uall [111ms]
2025-04-28 18:29:19.050 [info] > git config --get commit.template [6ms]
2025-04-28 18:29:19.052 [info] > git for-each-ref --format=%(refname)%00%(upstream:short)%00%(objectname)%00%(upstream:track)%00%(upstream:remotename)%00%(upstream:remoteref) refs/heads/Wusi_dataset_V2 refs/remotes/Wusi_dataset_V2 [3ms]
2025-04-28 18:29:19.067 [info] > git for-each-ref --sort -committerdate --format %(refname)%00%(objectname)%00%(*objectname) [2ms]
2025-04-28 18:29:19.180 [info] > git status -z -uall [123ms]
2025-04-28 18:29:24.309 [info] > git config --get commit.template [5ms]
2025-04-28 18:29:24.310 [info] > git for-each-ref --format=%(refname)%00%(upstream:short)%00%(objectname)%00%(upstream:track)%00%(upstream:remotename)%00%(upstream:remoteref) refs/heads/Wusi_dataset_V2 refs/remotes/Wusi_dataset_V2 [2ms]
2025-04-28 18:29:24.322 [info] > git for-each-ref --sort -committerdate --format %(refname)%00%(objectname)%00%(*objectname) [2ms]
2025-04-28 18:29:24.423 [info] > git status -z -uall [109ms]
2025-04-28 18:29:29.533 [info] > git config --get commit.template [6ms]
2025-04-28 18:29:29.534 [info] > git for-each-ref --format=%(refname)%00%(upstream:short)%00%(objectname)%00%(upstream:track)%00%(upstream:remotename)%00%(upstream:remoteref) refs/heads/Wusi_dataset_V2 refs/remotes/Wusi_dataset_V2 [2ms]
2025-04-28 18:29:29.547 [info] > git for-each-ref --sort -committerdate --format %(refname)%00%(objectname)%00%(*objectname) [2ms]
2025-04-28 18:29:29.649 [info] > git status -z -uall [111ms]
2025-04-28 18:29:34.777 [info] > git config --get commit.template [5ms]
2025-04-28 18:29:34.779 [info] > git for-each-ref --format=%(refname)%00%(upstream:short)%00%(objectname)%00%(upstream:track)%00%(upstream:remotename)%00%(upstream:remoteref) refs/heads/Wusi_dataset_V2 refs/remotes/Wusi_dataset_V2 [2ms]
2025-04-28 18:29:34.794 [info] > git for-each-ref --sort -committerdate --format %(refname)%00%(objectname)%00%(*objectname) [3ms]
2025-04-28 18:29:34.892 [info] > git status -z -uall [108ms]
2025-04-28 18:29:40.023 [info] > git config --get commit.template [7ms]
2025-04-28 18:29:40.025 [info] > git for-each-ref --format=%(refname)%00%(upstream:short)%00%(objectname)%00%(upstream:track)%00%(upstream:remotename)%00%(upstream:remoteref) refs/heads/Wusi_dataset_V2 refs/remotes/Wusi_dataset_V2 [3ms]
2025-04-28 18:29:40.039 [info] > git for-each-ref --sort -committerdate --format %(refname)%00%(objectname)%00%(*objectname) [2ms]
2025-04-28 18:29:40.139 [info] > git status -z -uall [110ms]
2025-04-28 18:29:45.275 [info] > git config --get commit.template [7ms]
2025-04-28 18:29:45.277 [info] > git for-each-ref --format=%(refname)%00%(upstream:short)%00%(objectname)%00%(upstream:track)%00%(upstream:remotename)%00%(upstream:remoteref) refs/heads/Wusi_dataset_V2 refs/remotes/Wusi_dataset_V2 [2ms]
2025-04-28 18:29:45.293 [info] > git for-each-ref --sort -committerdate --format %(refname)%00%(objectname)%00%(*objectname) [4ms]
2025-04-28 18:29:45.387 [info] > git status -z -uall [105ms]
2025-04-28 18:29:50.520 [info] > git config --get commit.template [7ms]
2025-04-28 18:29:50.521 [info] > git for-each-ref --format=%(refname)%00%(upstream:short)%00%(objectname)%00%(upstream:track)%00%(upstream:remotename)%00%(upstream:remoteref) refs/heads/Wusi_dataset_V2 refs/remotes/Wusi_dataset_V2 [2ms]
2025-04-28 18:29:50.536 [info] > git for-each-ref --sort -committerdate --format %(refname)%00%(objectname)%00%(*objectname) [2ms]
2025-04-28 18:29:50.635 [info] > git status -z -uall [109ms]
2025-04-28 18:29:55.771 [info] > git config --get commit.template [6ms]
2025-04-28 18:29:55.772 [info] > git for-each-ref --format=%(refname)%00%(upstream:short)%00%(objectname)%00%(upstream:track)%00%(upstream:remotename)%00%(upstream:remoteref) refs/heads/Wusi_dataset_V2 refs/remotes/Wusi_dataset_V2 [2ms]
2025-04-28 18:29:55.788 [info] > git for-each-ref --sort -committerdate --format %(refname)%00%(objectname)%00%(*objectname) [3ms]
2025-04-28 18:29:55.890 [info] > git status -z -uall [113ms]
2025-04-28 18:30:01.024 [info] > git config --get commit.template [6ms]
2025-04-28 18:30:01.025 [info] > git for-each-ref --format=%(refname)%00%(upstream:short)%00%(objectname)%00%(upstream:track)%00%(upstream:remotename)%00%(upstream:remoteref) refs/heads/Wusi_dataset_V2 refs/remotes/Wusi_dataset_V2 [2ms]
2025-04-28 18:30:01.041 [info] > git for-each-ref --sort -committerdate --format %(refname)%00%(objectname)%00%(*objectname) [3ms]
2025-04-28 18:30:01.144 [info] > git status -z -uall [114ms]
2025-04-28 18:30:06.225 [info] > git config --get commit.template [7ms]
2025-04-28 18:30:06.227 [info] > git for-each-ref --format=%(refname)%00%(upstream:short)%00%(objectname)%00%(upstream:track)%00%(upstream:remotename)%00%(upstream:remoteref) refs/heads/Wusi_dataset_V2 refs/remotes/Wusi_dataset_V2 [3ms]
2025-04-28 18:30:06.239 [info] > git for-each-ref --sort -committerdate --format %(refname)%00%(objectname)%00%(*objectname) [2ms]
2025-04-28 18:30:06.328 [info] > git status -z -uall [96ms]
2025-04-28 18:30:11.430 [info] > git config --get commit.template [4ms]
2025-04-28 18:30:11.431 [info] > git for-each-ref --format=%(refname)%00%(upstream:short)%00%(objectname)%00%(upstream:track)%00%(upstream:remotename)%00%(upstream:remoteref) refs/heads/Wusi_dataset_V2 refs/remotes/Wusi_dataset_V2 [1ms]
2025-04-28 18:30:11.443 [info] > git for-each-ref --sort -committerdate --format %(refname)%00%(objectname)%00%(*objectname) [3ms]
2025-04-28 18:30:11.535 [info] > git status -z -uall [99ms]
2025-04-28 18:30:16.681 [info] > git config --get commit.template [9ms]
2025-04-28 18:30:16.682 [info] > git for-each-ref --format=%(refname)%00%(upstream:short)%00%(objectname)%00%(upstream:track)%00%(upstream:remotename)%00%(upstream:remoteref) refs/heads/Wusi_dataset_V2 refs/remotes/Wusi_dataset_V2 [3ms]
2025-04-28 18:30:16.700 [info] > git for-each-ref --sort -committerdate --format %(refname)%00%(objectname)%00%(*objectname) [3ms]
2025-04-28 18:30:16.795 [info] > git status -z -uall [105ms]
2025-04-28 18:30:21.931 [info] > git config --get commit.template [7ms]
2025-04-28 18:30:21.932 [info] > git for-each-ref --format=%(refname)%00%(upstream:short)%00%(objectname)%00%(upstream:track)%00%(upstream:remotename)%00%(upstream:remoteref) refs/heads/Wusi_dataset_V2 refs/remotes/Wusi_dataset_V2 [2ms]
2025-04-28 18:30:21.948 [info] > git for-each-ref --sort -committerdate --format %(refname)%00%(objectname)%00%(*objectname) [3ms]
2025-04-28 18:30:22.044 [info] > git status -z -uall [107ms]
2025-04-28 18:30:27.180 [info] > git config --get commit.template [8ms]
2025-04-28 18:30:27.181 [info] > git for-each-ref --format=%(refname)%00%(upstream:short)%00%(objectname)%00%(upstream:track)%00%(upstream:remotename)%00%(upstream:remoteref) refs/heads/Wusi_dataset_V2 refs/remotes/Wusi_dataset_V2 [1ms]
2025-04-28 18:30:27.195 [info] > git for-each-ref --sort -committerdate --format %(refname)%00%(objectname)%00%(*objectname) [3ms]
2025-04-28 18:30:27.295 [info] > git status -z -uall [110ms]
2025-04-28 18:30:32.439 [info] > git config --get commit.template [5ms]
2025-04-28 18:30:32.440 [info] > git for-each-ref --format=%(refname)%00%(upstream:short)%00%(objectname)%00%(upstream:track)%00%(upstream:remotename)%00%(upstream:remoteref) refs/heads/Wusi_dataset_V2 refs/remotes/Wusi_dataset_V2 [2ms]
2025-04-28 18:30:32.452 [info] > git for-each-ref --sort -committerdate --format %(refname)%00%(objectname)%00%(*objectname) [2ms]
2025-04-28 18:30:32.557 [info] > git status -z -uall [112ms]
2025-04-28 18:30:37.693 [info] > git config --get commit.template [6ms]
2025-04-28 18:30:37.694 [info] > git for-each-ref --format=%(refname)%00%(upstream:short)%00%(objectname)%00%(upstream:track)%00%(upstream:remotename)%00%(upstream:remoteref) refs/heads/Wusi_dataset_V2 refs/remotes/Wusi_dataset_V2 [2ms]
2025-04-28 18:30:37.710 [info] > git for-each-ref --sort -committerdate --format %(refname)%00%(objectname)%00%(*objectname) [3ms]
2025-04-28 18:30:37.810 [info] > git status -z -uall [110ms]
2025-04-28 18:30:42.949 [info] > git config --get commit.template [6ms]
2025-04-28 18:30:42.951 [info] > git for-each-ref --format=%(refname)%00%(upstream:short)%00%(objectname)%00%(upstream:track)%00%(upstream:remotename)%00%(upstream:remoteref) refs/heads/Wusi_dataset_V2 refs/remotes/Wusi_dataset_V2 [2ms]
2025-04-28 18:30:42.965 [info] > git for-each-ref --sort -committerdate --format %(refname)%00%(objectname)%00%(*objectname) [3ms]
2025-04-28 18:30:43.065 [info] > git status -z -uall [110ms]
2025-04-28 18:30:48.205 [info] > git config --get commit.template [5ms]
2025-04-28 18:30:48.206 [info] > git for-each-ref --format=%(refname)%00%(upstream:short)%00%(objectname)%00%(upstream:track)%00%(upstream:remotename)%00%(upstream:remoteref) refs/heads/Wusi_dataset_V2 refs/remotes/Wusi_dataset_V2 [1ms]
2025-04-28 18:30:48.222 [info] > git for-each-ref --sort -committerdate --format %(refname)%00%(objectname)%00%(*objectname) [3ms]
2025-04-28 18:30:48.317 [info] > git status -z -uall [106ms]
2025-04-28 18:30:53.459 [info] > git config --get commit.template [6ms]
2025-04-28 18:30:53.461 [info] > git for-each-ref --format=%(refname)%00%(upstream:short)%00%(objectname)%00%(upstream:track)%00%(upstream:remotename)%00%(upstream:remoteref) refs/heads/Wusi_dataset_V2 refs/remotes/Wusi_dataset_V2 [2ms]
2025-04-28 18:30:53.472 [info] > git for-each-ref --sort -committerdate --format %(refname)%00%(objectname)%00%(*objectname) [3ms]
2025-04-28 18:30:53.574 [info] > git status -z -uall [109ms]
2025-04-28 18:30:58.710 [info] > git config --get commit.template [6ms]
2025-04-28 18:30:58.711 [info] > git for-each-ref --format=%(refname)%00%(upstream:short)%00%(objectname)%00%(upstream:track)%00%(upstream:remotename)%00%(upstream:remoteref) refs/heads/Wusi_dataset_V2 refs/remotes/Wusi_dataset_V2 [2ms]
2025-04-28 18:30:58.726 [info] > git for-each-ref --sort -committerdate --format %(refname)%00%(objectname)%00%(*objectname) [2ms]
2025-04-28 18:30:58.837 [info] > git status -z -uall [121ms]
2025-04-28 18:31:03.965 [info] > git config --get commit.template [5ms]
2025-04-28 18:31:03.966 [info] > git for-each-ref --format=%(refname)%00%(upstream:short)%00%(objectname)%00%(upstream:track)%00%(upstream:remotename)%00%(upstream:remoteref) refs/heads/Wusi_dataset_V2 refs/remotes/Wusi_dataset_V2 [2ms]
2025-04-28 18:31:03.979 [info] > git for-each-ref --sort -committerdate --format %(refname)%00%(objectname)%00%(*objectname) [3ms]
2025-04-28 18:31:04.080 [info] > git status -z -uall [109ms]
2025-04-28 18:31:09.208 [info] > git config --get commit.template [4ms]
2025-04-28 18:31:09.210 [info] > git for-each-ref --format=%(refname)%00%(upstream:short)%00%(objectname)%00%(upstream:track)%00%(upstream:remotename)%00%(upstream:remoteref) refs/heads/Wusi_dataset_V2 refs/remotes/Wusi_dataset_V2 [2ms]
2025-04-28 18:31:09.223 [info] > git for-each-ref --sort -committerdate --format %(refname)%00%(objectname)%00%(*objectname) [4ms]
2025-04-28 18:31:09.323 [info] > git status -z -uall [109ms]
2025-04-28 18:31:14.458 [info] > git config --get commit.template [6ms]
2025-04-28 18:31:14.460 [info] > git for-each-ref --format=%(refname)%00%(upstream:short)%00%(objectname)%00%(upstream:track)%00%(upstream:remotename)%00%(upstream:remoteref) refs/heads/Wusi_dataset_V2 refs/remotes/Wusi_dataset_V2 [3ms]
2025-04-28 18:31:14.474 [info] > git for-each-ref --sort -committerdate --format %(refname)%00%(objectname)%00%(*objectname) [3ms]
2025-04-28 18:31:14.574 [info] > git status -z -uall [110ms]
2025-04-28 18:31:19.705 [info] > git config --get commit.template [7ms]
2025-04-28 18:31:19.706 [info] > git for-each-ref --format=%(refname)%00%(upstream:short)%00%(objectname)%00%(upstream:track)%00%(upstream:remotename)%00%(upstream:remoteref) refs/heads/Wusi_dataset_V2 refs/remotes/Wusi_dataset_V2 [2ms]
2025-04-28 18:31:19.720 [info] > git for-each-ref --sort -committerdate --format %(refname)%00%(objectname)%00%(*objectname) [3ms]
2025-04-28 18:31:19.821 [info] > git status -z -uall [109ms]
2025-04-28 18:31:24.959 [info] > git config --get commit.template [6ms]
2025-04-28 18:31:24.960 [info] > git for-each-ref --format=%(refname)%00%(upstream:short)%00%(objectname)%00%(upstream:track)%00%(upstream:remotename)%00%(upstream:remoteref) refs/heads/Wusi_dataset_V2 refs/remotes/Wusi_dataset_V2 [2ms]
2025-04-28 18:31:24.975 [info] > git for-each-ref --sort -committerdate --format %(refname)%00%(objectname)%00%(*objectname) [3ms]
2025-04-28 18:31:25.078 [info] > git status -z -uall [113ms]
2025-04-28 19:08:22.141 [info] > git config --get commit.template [6ms]
2025-04-28 19:08:22.141 [info] > git for-each-ref --format=%(refname)%00%(upstream:short)%00%(objectname)%00%(upstream:track)%00%(upstream:remotename)%00%(upstream:remoteref) refs/heads/Wusi_dataset_V2 refs/remotes/Wusi_dataset_V2 [2ms]
2025-04-28 19:08:22.154 [info] > git for-each-ref --sort -committerdate --format %(refname)%00%(objectname)%00%(*objectname) [2ms]
2025-04-28 19:08:22.268 [info] > git status -z -uall [122ms]
2025-04-28 19:08:56.921 [info] > git config --get commit.template [6ms]
2025-04-28 19:08:56.922 [info] > git for-each-ref --format=%(refname)%00%(upstream:short)%00%(objectname)%00%(upstream:track)%00%(upstream:remotename)%00%(upstream:remoteref) refs/heads/Wusi_dataset_V2 refs/remotes/Wusi_dataset_V2 [2ms]
2025-04-28 19:08:56.935 [info] > git for-each-ref --sort -committerdate --format %(refname)%00%(objectname)%00%(*objectname) [3ms]
2025-04-28 19:08:57.050 [info] > git status -z -uall [124ms]
2025-04-28 19:12:39.503 [info] > git config --get commit.template [7ms]
2025-04-28 19:12:39.504 [info] > git for-each-ref --format=%(refname)%00%(upstream:short)%00%(objectname)%00%(upstream:track)%00%(upstream:remotename)%00%(upstream:remoteref) refs/heads/Wusi_dataset_V2 refs/remotes/Wusi_dataset_V2 [2ms]
2025-04-28 19:12:39.518 [info] > git for-each-ref --sort -committerdate --format %(refname)%00%(objectname)%00%(*objectname) [3ms]
2025-04-28 19:12:39.636 [info] > git status -z -uall [126ms]
2025-04-28 19:40:49.710 [info] > git config --get commit.template [6ms]
2025-04-28 19:40:49.711 [info] > git for-each-ref --format=%(refname)%00%(upstream:short)%00%(objectname)%00%(upstream:track)%00%(upstream:remotename)%00%(upstream:remoteref) refs/heads/Wusi_dataset_V2 refs/remotes/Wusi_dataset_V2 [2ms]
2025-04-28 19:40:49.724 [info] > git for-each-ref --sort -committerdate --format %(refname)%00%(objectname)%00%(*objectname) [3ms]
2025-04-28 19:40:49.837 [info] > git status -z -uall [122ms]
2025-04-28 19:40:55.953 [info] > git config --get commit.template [6ms]
2025-04-28 19:40:55.954 [info] > git for-each-ref --format=%(refname)%00%(upstream:short)%00%(objectname)%00%(upstream:track)%00%(upstream:remotename)%00%(upstream:remoteref) refs/heads/Wusi_dataset_V2 refs/remotes/Wusi_dataset_V2 [2ms]
2025-04-28 19:40:55.966 [info] > git for-each-ref --sort -committerdate --format %(refname)%00%(objectname)%00%(*objectname) [3ms]
2025-04-28 19:40:56.066 [info] > git status -z -uall [109ms]
